[0.487s] DEBUG:colcon:Command line arguments: ['/usr/bin/colcon', 'build']
[0.487s] DEBUG:colcon:Parsed command line arguments: Namespace(allow_overriding=[], ament_cmake_args=None, base_paths=['.'], build_base='build', catkin_cmake_args=None, catkin_skip_building_tests=False, cmake_args=None, cmake_clean_cache=False, cmake_clean_first=False, cmake_force_configure=False, cmake_target=None, cmake_target_skip_unavailable=False, continue_on_error=False, event_handlers=None, executor='parallel', ignore_user_meta=False, install_base='install', log_base=None, log_level=None, main=<bound method BuildVerb.main of <colcon_core.verb.build.BuildVerb object at 0x7f42f22e1e50>>, merge_install=False, metas=['./colcon.meta'], mixin=None, mixin_files=None, mixin_verb=('build',), packages_above=None, packages_above_and_dependencies=None, packages_above_depth=None, packages_end=None, packages_ignore=None, packages_ignore_regex=None, packages_select=None, packages_select_build_failed=False, packages_select_by_dep=None, packages_select_regex=None, packages_select_test_failures=False, packages_skip=None, packages_skip_build_finished=False, packages_skip_by_dep=None, packages_skip_regex=None, packages_skip_test_passed=False, packages_skip_up_to=None, packages_start=None, packages_up_to=None, packages_up_to_regex=None, parallel_workers=4, paths=None, symlink_install=False, test_result_base=None, verb_extension=<colcon_core.verb.build.BuildVerb object at 0x7f42f22e1e50>, verb_name='build', verb_parser=<colcon_mixin.mixin.mixin_argument.MixinArgumentDecorator object at 0x7f42f21ed040>)
[0.553s] Level 1:colcon.colcon_core.package_discovery:discover_packages(colcon_meta) check parameters
[0.553s] Level 1:colcon.colcon_core.package_discovery:discover_packages(recursive) check parameters
[0.553s] Level 1:colcon.colcon_core.package_discovery:discover_packages(ignore) check parameters
[0.553s] Level 1:colcon.colcon_core.package_discovery:discover_packages(path) check parameters
[0.553s] Level 1:colcon.colcon_core.package_discovery:discover_packages(colcon_meta) discover
[0.553s] Level 1:colcon.colcon_core.package_discovery:discover_packages(recursive) discover
[0.553s] INFO:colcon.colcon_core.package_discovery:Crawling recursively for packages in '/home/wrdev/workspace/ros2_ws'
[0.553s] Level 1:colcon.colcon_core.package_identification:_identify(.) by extensions ['ignore', 'ignore_ament_install']
[0.554s] Level 1:colcon.colcon_core.package_identification:_identify(.) by extension 'ignore'
[0.554s] Level 1:colcon.colcon_core.package_identification:_identify(.) by extension 'ignore_ament_install'
[0.554s] Level 1:colcon.colcon_core.package_identification:_identify(.) by extensions ['colcon_pkg']
[0.554s] Level 1:colcon.colcon_core.package_identification:_identify(.) by extension 'colcon_pkg'
[0.554s] Level 1:colcon.colcon_core.package_identification:_identify(.) by extensions ['colcon_meta']
[0.554s] Level 1:colcon.colcon_core.package_identification:_identify(.) by extension 'colcon_meta'
[0.554s] Level 1:colcon.colcon_core.package_identification:_identify(.) by extensions ['ros']
[0.554s] Level 1:colcon.colcon_core.package_identification:_identify(.) by extension 'ros'
[0.569s] Level 1:colcon.colcon_core.package_identification:_identify(.) by extensions ['cmake', 'python']
[0.569s] Level 1:colcon.colcon_core.package_identification:_identify(.) by extension 'cmake'
[0.570s] Level 1:colcon.colcon_core.package_identification:_identify(.) by extension 'python'
[0.570s] Level 1:colcon.colcon_core.package_identification:_identify(.) by extensions ['python_setup_py']
[0.570s] Level 1:colcon.colcon_core.package_identification:_identify(.) by extension 'python_setup_py'
[0.570s] Level 1:colcon.colcon_core.package_identification:_identify(build) by extensions ['ignore', 'ignore_ament_install']
[0.570s] Level 1:colcon.colcon_core.package_identification:_identify(build) by extension 'ignore'
[0.570s] Level 1:colcon.colcon_core.package_identification:_identify(build) ignored
[0.570s] Level 1:colcon.colcon_core.package_identification:_identify(install) by extensions ['ignore', 'ignore_ament_install']
[0.570s] Level 1:colcon.colcon_core.package_identification:_identify(install) by extension 'ignore'
[0.571s] Level 1:colcon.colcon_core.package_identification:_identify(install) ignored
[0.571s] Level 1:colcon.colcon_core.package_identification:_identify(log) by extensions ['ignore', 'ignore_ament_install']
[0.571s] Level 1:colcon.colcon_core.package_identification:_identify(log) by extension 'ignore'
[0.571s] Level 1:colcon.colcon_core.package_identification:_identify(log) ignored
[0.571s] Level 1:colcon.colcon_core.package_identification:_identify(src) by extensions ['ignore', 'ignore_ament_install']
[0.571s] Level 1:colcon.colcon_core.package_identification:_identify(src) by extension 'ignore'
[0.571s] Level 1:colcon.colcon_core.package_identification:_identify(src) by extension 'ignore_ament_install'
[0.571s] Level 1:colcon.colcon_core.package_identification:_identify(src) by extensions ['colcon_pkg']
[0.571s] Level 1:colcon.colcon_core.package_identification:_identify(src) by extension 'colcon_pkg'
[0.571s] Level 1:colcon.colcon_core.package_identification:_identify(src) by extensions ['colcon_meta']
[0.571s] Level 1:colcon.colcon_core.package_identification:_identify(src) by extension 'colcon_meta'
[0.571s] Level 1:colcon.colcon_core.package_identification:_identify(src) by extensions ['ros']
[0.572s] Level 1:colcon.colcon_core.package_identification:_identify(src) by extension 'ros'
[0.572s] Level 1:colcon.colcon_core.package_identification:_identify(src) by extensions ['cmake', 'python']
[0.572s] Level 1:colcon.colcon_core.package_identification:_identify(src) by extension 'cmake'
[0.572s] Level 1:colcon.colcon_core.package_identification:_identify(src) by extension 'python'
[0.572s] Level 1:colcon.colcon_core.package_identification:_identify(src) by extensions ['python_setup_py']
[0.572s] Level 1:colcon.colcon_core.package_identification:_identify(src) by extension 'python_setup_py'
[0.572s] Level 1:colcon.colcon_core.package_identification:_identify(src/example_pkg_c) by extensions ['ignore', 'ignore_ament_install']
[0.572s] Level 1:colcon.colcon_core.package_identification:_identify(src/example_pkg_c) by extension 'ignore'
[0.572s] Level 1:colcon.colcon_core.package_identification:_identify(src/example_pkg_c) by extension 'ignore_ament_install'
[0.572s] Level 1:colcon.colcon_core.package_identification:_identify(src/example_pkg_c) by extensions ['colcon_pkg']
[0.572s] Level 1:colcon.colcon_core.package_identification:_identify(src/example_pkg_c) by extension 'colcon_pkg'
[0.572s] Level 1:colcon.colcon_core.package_identification:_identify(src/example_pkg_c) by extensions ['colcon_meta']
[0.573s] Level 1:colcon.colcon_core.package_identification:_identify(src/example_pkg_c) by extension 'colcon_meta'
[0.573s] Level 1:colcon.colcon_core.package_identification:_identify(src/example_pkg_c) by extensions ['ros']
[0.573s] Level 1:colcon.colcon_core.package_identification:_identify(src/example_pkg_c) by extension 'ros'
[0.575s] DEBUG:colcon.colcon_core.package_identification:Package 'src/example_pkg_c' with type 'ros.ament_cmake' and name 'example_pkg_c'
[0.575s] Level 1:colcon.colcon_core.package_discovery:discover_packages(recursive) using defaults
[0.575s] Level 1:colcon.colcon_core.package_discovery:discover_packages(ignore) discover
[0.575s] Level 1:colcon.colcon_core.package_discovery:discover_packages(ignore) using defaults
[0.576s] Level 1:colcon.colcon_core.package_discovery:discover_packages(path) discover
[0.576s] Level 1:colcon.colcon_core.package_discovery:discover_packages(path) using defaults
[0.604s] Level 1:colcon.colcon_core.package_discovery:discover_packages(prefix_path) check parameters
[0.604s] Level 1:colcon.colcon_core.package_discovery:discover_packages(prefix_path) discover
[0.608s] DEBUG:colcon.colcon_installed_package_information.package_discovery:Found 1 installed packages in /home/wrdev/workspace/ros2_ws/install
[0.611s] DEBUG:colcon.colcon_installed_package_information.package_discovery:Found 274 installed packages in /opt/ros/galactic
[0.613s] Level 1:colcon.colcon_core.package_discovery:discover_packages(prefix_path) using defaults
[0.713s] Level 5:colcon.colcon_core.verb:set package 'example_pkg_c' build argument 'cmake_args' from command line to 'None'
[0.713s] Level 5:colcon.colcon_core.verb:set package 'example_pkg_c' build argument 'cmake_target' from command line to 'None'
[0.713s] Level 5:colcon.colcon_core.verb:set package 'example_pkg_c' build argument 'cmake_target_skip_unavailable' from command line to 'False'
[0.713s] Level 5:colcon.colcon_core.verb:set package 'example_pkg_c' build argument 'cmake_clean_cache' from command line to 'False'
[0.713s] Level 5:colcon.colcon_core.verb:set package 'example_pkg_c' build argument 'cmake_clean_first' from command line to 'False'
[0.713s] Level 5:colcon.colcon_core.verb:set package 'example_pkg_c' build argument 'cmake_force_configure' from command line to 'False'
[0.714s] Level 5:colcon.colcon_core.verb:set package 'example_pkg_c' build argument 'ament_cmake_args' from command line to 'None'
[0.714s] Level 5:colcon.colcon_core.verb:set package 'example_pkg_c' build argument 'catkin_cmake_args' from command line to 'None'
[0.714s] Level 5:colcon.colcon_core.verb:set package 'example_pkg_c' build argument 'catkin_skip_building_tests' from command line to 'False'
[0.714s] DEBUG:colcon.colcon_core.verb:Building package 'example_pkg_c' with the following arguments: {'ament_cmake_args': None, 'build_base': '/home/wrdev/workspace/ros2_ws/build/example_pkg_c', 'catkin_cmake_args': None, 'catkin_skip_building_tests': False, 'cmake_args': None, 'cmake_clean_cache': False, 'cmake_clean_first': False, 'cmake_force_configure': False, 'cmake_target': None, 'cmake_target_skip_unavailable': False, 'install_base': '/home/wrdev/workspace/ros2_ws/install/example_pkg_c', 'merge_install': False, 'path': '/home/wrdev/workspace/ros2_ws/src/example_pkg_c', 'symlink_install': False, 'test_result_base': None}
[0.716s] INFO:colcon.colcon_core.executor:Executing jobs using 'parallel' executor
[0.727s] DEBUG:colcon.colcon_parallel_executor.executor.parallel:run_until_complete
[0.727s] INFO:colcon.colcon_ros.task.ament_cmake.build:Building ROS package in '/home/wrdev/workspace/ros2_ws/src/example_pkg_c' with build type 'ament_cmake'
[0.727s] INFO:colcon.colcon_cmake.task.cmake.build:Building CMake package in '/home/wrdev/workspace/ros2_ws/src/example_pkg_c'
[0.736s] INFO:colcon.colcon_core.plugin_system:Skipping extension 'colcon_core.shell.bat': Not used on non-Windows systems
[0.737s] INFO:colcon.colcon_core.shell:Skip shell extension 'powershell' for command environment: Not usable outside of PowerShell
[0.737s] DEBUG:colcon.colcon_core.shell:Skip shell extension 'dsv' for command environment
[0.755s] DEBUG:colcon.colcon_core.event_handler.log_command:Invoking command in '/home/wrdev/workspace/ros2_ws/build/example_pkg_c': CMAKE_PREFIX_PATH=${CMAKE_PREFIX_PATH}:/opt/ros/galactic /usr/bin/cmake --build /home/wrdev/workspace/ros2_ws/build/example_pkg_c -- -j4 -l4
[4.708s] DEBUG:colcon.colcon_core.event_handler.log_command:Invoked command in '/home/wrdev/workspace/ros2_ws/build/example_pkg_c' returned '0': CMAKE_PREFIX_PATH=${CMAKE_PREFIX_PATH}:/opt/ros/galactic /usr/bin/cmake --build /home/wrdev/workspace/ros2_ws/build/example_pkg_c -- -j4 -l4
[4.735s] DEBUG:colcon.colcon_core.event_handler.log_command:Invoking command in '/home/wrdev/workspace/ros2_ws/build/example_pkg_c': CMAKE_PREFIX_PATH=${CMAKE_PREFIX_PATH}:/opt/ros/galactic /usr/bin/cmake --install /home/wrdev/workspace/ros2_ws/build/example_pkg_c
[4.743s] Level 1:colcon.colcon_core.environment:create_environment_scripts_only(example_pkg_c)
[4.745s] DEBUG:colcon.colcon_core.event_handler.log_command:Invoked command in '/home/wrdev/workspace/ros2_ws/build/example_pkg_c' returned '0': CMAKE_PREFIX_PATH=${CMAKE_PREFIX_PATH}:/opt/ros/galactic /usr/bin/cmake --install /home/wrdev/workspace/ros2_ws/build/example_pkg_c
[4.753s] Level 1:colcon.colcon_core.environment:checking '/home/wrdev/workspace/ros2_ws/install/example_pkg_c' for CMake module files
[4.753s] Level 1:colcon.colcon_core.environment:checking '/home/wrdev/workspace/ros2_ws/install/example_pkg_c' for CMake config files
[4.754s] Level 1:colcon.colcon_core.shell:create_environment_hook('example_pkg_c', 'cmake_prefix_path')
[4.757s] INFO:colcon.colcon_core.shell:Creating environment hook '/home/wrdev/workspace/ros2_ws/install/example_pkg_c/share/example_pkg_c/hook/cmake_prefix_path.ps1'
[4.758s] INFO:colcon.colcon_core.shell:Creating environment descriptor '/home/wrdev/workspace/ros2_ws/install/example_pkg_c/share/example_pkg_c/hook/cmake_prefix_path.dsv'
[4.758s] INFO:colcon.colcon_core.shell:Creating environment hook '/home/wrdev/workspace/ros2_ws/install/example_pkg_c/share/example_pkg_c/hook/cmake_prefix_path.sh'
[4.759s] Level 1:colcon.colcon_core.environment:checking '/home/wrdev/workspace/ros2_ws/install/example_pkg_c/lib'
[4.759s] Level 1:colcon.colcon_core.environment:checking '/home/wrdev/workspace/ros2_ws/install/example_pkg_c/bin'
[4.759s] Level 1:colcon.colcon_core.environment:checking '/home/wrdev/workspace/ros2_ws/install/example_pkg_c/lib/pkgconfig/example_pkg_c.pc'
[4.760s] Level 1:colcon.colcon_core.environment:checking '/home/wrdev/workspace/ros2_ws/install/example_pkg_c/lib/python3.8/site-packages'
[4.760s] Level 1:colcon.colcon_core.environment:checking '/home/wrdev/workspace/ros2_ws/install/example_pkg_c/bin'
[4.763s] INFO:colcon.colcon_core.shell:Creating package script '/home/wrdev/workspace/ros2_ws/install/example_pkg_c/share/example_pkg_c/package.ps1'
[4.764s] INFO:colcon.colcon_core.shell:Creating package descriptor '/home/wrdev/workspace/ros2_ws/install/example_pkg_c/share/example_pkg_c/package.dsv'
[4.765s] INFO:colcon.colcon_core.shell:Creating package script '/home/wrdev/workspace/ros2_ws/install/example_pkg_c/share/example_pkg_c/package.sh'
[4.765s] INFO:colcon.colcon_core.shell:Creating package script '/home/wrdev/workspace/ros2_ws/install/example_pkg_c/share/example_pkg_c/package.bash'
[4.766s] INFO:colcon.colcon_core.shell:Creating package script '/home/wrdev/workspace/ros2_ws/install/example_pkg_c/share/example_pkg_c/package.zsh'
[4.767s] Level 1:colcon.colcon_core.environment:create_file_with_runtime_dependencies(/home/wrdev/workspace/ros2_ws/install/example_pkg_c/share/colcon-core/packages/example_pkg_c)
[4.791s] Level 1:colcon.colcon_core.environment:create_environment_scripts_only(example_pkg_c)
[4.796s] Level 1:colcon.colcon_core.environment:checking '/home/wrdev/workspace/ros2_ws/install/example_pkg_c' for CMake module files
[4.797s] Level 1:colcon.colcon_core.environment:checking '/home/wrdev/workspace/ros2_ws/install/example_pkg_c' for CMake config files
[4.797s] Level 1:colcon.colcon_core.shell:create_environment_hook('example_pkg_c', 'cmake_prefix_path')
[4.800s] INFO:colcon.colcon_core.shell:Creating environment hook '/home/wrdev/workspace/ros2_ws/install/example_pkg_c/share/example_pkg_c/hook/cmake_prefix_path.ps1'
[4.801s] INFO:colcon.colcon_core.shell:Creating environment descriptor '/home/wrdev/workspace/ros2_ws/install/example_pkg_c/share/example_pkg_c/hook/cmake_prefix_path.dsv'
[4.801s] INFO:colcon.colcon_core.shell:Creating environment hook '/home/wrdev/workspace/ros2_ws/install/example_pkg_c/share/example_pkg_c/hook/cmake_prefix_path.sh'
[4.802s] Level 1:colcon.colcon_core.environment:checking '/home/wrdev/workspace/ros2_ws/install/example_pkg_c/lib'
[4.802s] Level 1:colcon.colcon_core.environment:checking '/home/wrdev/workspace/ros2_ws/install/example_pkg_c/bin'
[4.802s] Level 1:colcon.colcon_core.environment:checking '/home/wrdev/workspace/ros2_ws/install/example_pkg_c/lib/pkgconfig/example_pkg_c.pc'
[4.802s] Level 1:colcon.colcon_core.environment:checking '/home/wrdev/workspace/ros2_ws/install/example_pkg_c/lib/python3.8/site-packages'
[4.802s] Level 1:colcon.colcon_core.environment:checking '/home/wrdev/workspace/ros2_ws/install/example_pkg_c/bin'
[4.806s] INFO:colcon.colcon_core.shell:Creating package script '/home/wrdev/workspace/ros2_ws/install/example_pkg_c/share/example_pkg_c/package.ps1'
[4.806s] INFO:colcon.colcon_core.shell:Creating package descriptor '/home/wrdev/workspace/ros2_ws/install/example_pkg_c/share/example_pkg_c/package.dsv'
[4.807s] INFO:colcon.colcon_core.shell:Creating package script '/home/wrdev/workspace/ros2_ws/install/example_pkg_c/share/example_pkg_c/package.sh'
[4.807s] INFO:colcon.colcon_core.shell:Creating package script '/home/wrdev/workspace/ros2_ws/install/example_pkg_c/share/example_pkg_c/package.bash'
[4.808s] INFO:colcon.colcon_core.shell:Creating package script '/home/wrdev/workspace/ros2_ws/install/example_pkg_c/share/example_pkg_c/package.zsh'
[4.808s] Level 1:colcon.colcon_core.environment:create_file_with_runtime_dependencies(/home/wrdev/workspace/ros2_ws/install/example_pkg_c/share/colcon-core/packages/example_pkg_c)
[4.809s] DEBUG:colcon.colcon_parallel_executor.executor.parallel:closing loop
[4.810s] DEBUG:colcon.colcon_parallel_executor.executor.parallel:loop closed
[4.810s] DEBUG:colcon.colcon_parallel_executor.executor.parallel:run_until_complete finished with '0'
[4.810s] DEBUG:colcon.colcon_core.event_reactor:joining thread
[4.818s] INFO:colcon.colcon_core.plugin_system:Skipping extension 'colcon_notification.desktop_notification.terminal_notifier': Not used on non-Darwin systems
[4.818s] INFO:colcon.colcon_core.plugin_system:Skipping extension 'colcon_notification.desktop_notification.win32': Not used on non-Windows systems
[4.818s] INFO:colcon.colcon_notification.desktop_notification:Sending desktop notification using 'notify2'
[4.832s] DEBUG:colcon.colcon_core.event_reactor:joined thread
[4.835s] INFO:colcon.colcon_core.shell:Creating prefix script '/home/wrdev/workspace/ros2_ws/install/local_setup.ps1'
[4.836s] INFO:colcon.colcon_core.shell:Creating prefix util module '/home/wrdev/workspace/ros2_ws/install/_local_setup_util_ps1.py'
[4.837s] INFO:colcon.colcon_core.shell:Creating prefix chain script '/home/wrdev/workspace/ros2_ws/install/setup.ps1'
[4.839s] INFO:colcon.colcon_core.shell:Creating prefix script '/home/wrdev/workspace/ros2_ws/install/local_setup.sh'
[4.840s] INFO:colcon.colcon_core.shell:Creating prefix util module '/home/wrdev/workspace/ros2_ws/install/_local_setup_util_sh.py'
[4.840s] INFO:colcon.colcon_core.shell:Creating prefix chain script '/home/wrdev/workspace/ros2_ws/install/setup.sh'
[4.842s] INFO:colcon.colcon_core.shell:Creating prefix script '/home/wrdev/workspace/ros2_ws/install/local_setup.bash'
[4.843s] INFO:colcon.colcon_core.shell:Creating prefix chain script '/home/wrdev/workspace/ros2_ws/install/setup.bash'
[4.844s] INFO:colcon.colcon_core.shell:Creating prefix script '/home/wrdev/workspace/ros2_ws/install/local_setup.zsh'
[4.845s] INFO:colcon.colcon_core.shell:Creating prefix chain script '/home/wrdev/workspace/ros2_ws/install/setup.zsh'
