[ 20%] [32mBuilding CXX object CMakeFiles/example_pkg_c.dir/src/rrt_marker.cpp.o[0m
[01m[K/home/wrdev/workspace/ros2_ws/src/example_pkg_c/src/rrt_marker.cpp:[m[K In member function ‘[01m[Kvoid DisplayRRT::timer_callback()[m[K’:
[01m[K/home/wrdev/workspace/ros2_ws/src/example_pkg_c/src/rrt_marker.cpp:12:16:[m[K [01;35m[Kwarning: [m[K‘[01m[Kcoor[0][0][m[K’ may be used uninitialized in this function [[01;35m[K-Wmaybe-uninitialized[m[K]
   12 |         double [01;35m[Kx1[m[K=coor[0][0];
      |                [01;35m[K^~[m[K
[01m[K/home/wrdev/workspace/ros2_ws/src/example_pkg_c/src/rrt_marker.cpp:13:16:[m[K [01;35m[Kwarning: [m[K‘[01m[Kcoor[0][1][m[K’ may be used uninitialized in this function [[01;35m[K-Wmaybe-uninitialized[m[K]
   13 |         double [01;35m[Ky1[m[K=coor[0][1];
      |                [01;35m[K^~[m[K
[01m[K/home/wrdev/workspace/ros2_ws/src/example_pkg_c/src/rrt_marker.cpp:14:16:[m[K [01;35m[Kwarning: [m[K‘[01m[Kcoor[1][0][m[K’ may be used uninitialized in this function [[01;35m[K-Wmaybe-uninitialized[m[K]
   14 |         double [01;35m[Kx2[m[K=coor[1][0];
      |                [01;35m[K^~[m[K
[01m[K/home/wrdev/workspace/ros2_ws/src/example_pkg_c/src/rrt_marker.cpp:15:16:[m[K [01;35m[Kwarning: [m[K‘[01m[Kcoor[1][1][m[K’ may be used uninitialized in this function [[01;35m[K-Wmaybe-uninitialized[m[K]
   15 |         double [01;35m[Ky2[m[K=coor[1][1];
      |                [01;35m[K^~[m[K
[ 40%] [32m[1mLinking CXX shared library libexample_pkg_c.so[0m
[ 60%] Built target example_pkg_c
[ 80%] [32m[1mLinking CXX executable rrt_display[0m
[100%] Built target rrt_display
-- Install configuration: ""
-- Up-to-date: /home/wrdev/workspace/ros2_ws/install/example_pkg_c/share/example_pkg_c/environment/library_path.sh
-- Up-to-date: /home/wrdev/workspace/ros2_ws/install/example_pkg_c/share/example_pkg_c/environment/library_path.dsv
-- Up-to-date: /home/wrdev/workspace/ros2_ws/install/example_pkg_c/include
-- Up-to-date: /home/wrdev/workspace/ros2_ws/install/example_pkg_c/include/example_pkg_c
-- Up-to-date: /home/wrdev/workspace/ros2_ws/install/example_pkg_c/include/example_pkg_c/rrt_marker.hpp
-- Installing: /home/wrdev/workspace/ros2_ws/install/example_pkg_c/lib/example_pkg_c/libexample_pkg_c.so
-- Set runtime path of "/home/wrdev/workspace/ros2_ws/install/example_pkg_c/lib/example_pkg_c/libexample_pkg_c.so" to ""
-- Up-to-date: /home/wrdev/workspace/ros2_ws/install/example_pkg_c/share/ament_index/resource_index/package_run_dependencies/example_pkg_c
-- Up-to-date: /home/wrdev/workspace/ros2_ws/install/example_pkg_c/share/ament_index/resource_index/parent_prefix_path/example_pkg_c
-- Up-to-date: /home/wrdev/workspace/ros2_ws/install/example_pkg_c/share/example_pkg_c/environment/ament_prefix_path.sh
-- Up-to-date: /home/wrdev/workspace/ros2_ws/install/example_pkg_c/share/example_pkg_c/environment/ament_prefix_path.dsv
-- Up-to-date: /home/wrdev/workspace/ros2_ws/install/example_pkg_c/share/example_pkg_c/environment/path.sh
-- Up-to-date: /home/wrdev/workspace/ros2_ws/install/example_pkg_c/share/example_pkg_c/environment/path.dsv
-- Up-to-date: /home/wrdev/workspace/ros2_ws/install/example_pkg_c/share/example_pkg_c/local_setup.bash
-- Up-to-date: /home/wrdev/workspace/ros2_ws/install/example_pkg_c/share/example_pkg_c/local_setup.sh
-- Up-to-date: /home/wrdev/workspace/ros2_ws/install/example_pkg_c/share/example_pkg_c/local_setup.zsh
-- Up-to-date: /home/wrdev/workspace/ros2_ws/install/example_pkg_c/share/example_pkg_c/local_setup.dsv
-- Installing: /home/wrdev/workspace/ros2_ws/install/example_pkg_c/share/example_pkg_c/package.dsv
-- Up-to-date: /home/wrdev/workspace/ros2_ws/install/example_pkg_c/share/ament_index/resource_index/packages/example_pkg_c
-- Up-to-date: /home/wrdev/workspace/ros2_ws/install/example_pkg_c/share/example_pkg_c/cmake/example_pkg_cExport.cmake
-- Up-to-date: /home/wrdev/workspace/ros2_ws/install/example_pkg_c/share/example_pkg_c/cmake/example_pkg_cExport-noconfig.cmake
-- Up-to-date: /home/wrdev/workspace/ros2_ws/install/example_pkg_c/share/example_pkg_c/cmake/ament_cmake_export_targets-extras.cmake
-- Up-to-date: /home/wrdev/workspace/ros2_ws/install/example_pkg_c/share/example_pkg_c/cmake/ament_cmake_export_dependencies-extras.cmake
-- Up-to-date: /home/wrdev/workspace/ros2_ws/install/example_pkg_c/share/example_pkg_c/cmake/example_pkg_cConfig.cmake
-- Up-to-date: /home/wrdev/workspace/ros2_ws/install/example_pkg_c/share/example_pkg_c/cmake/example_pkg_cConfig-version.cmake
-- Up-to-date: /home/wrdev/workspace/ros2_ws/install/example_pkg_c/share/example_pkg_c/package.xml
