[0.019s] Invoking command in '/home/wrdev/workspace/ros2_ws/build/example_pkg_c': /usr/bin/cmake --build /home/wrdev/workspace/ros2_ws/build/example_pkg_c -- -j4 -l4
[0.090s] [ 20%] [32mBuilding CXX object CMakeFiles/example_pkg_c.dir/src/rrt_marker.cpp.o[0m
[2.936s] [01m[K/home/wrdev/workspace/ros2_ws/src/example_pkg_c/src/rrt_marker.cpp:[m[K In member function ‘[01m[Kvoid DisplayRRT::timer_callback()[m[K’:
[2.936s] [01m[K/home/wrdev/workspace/ros2_ws/src/example_pkg_c/src/rrt_marker.cpp:12:16:[m[K [01;35m[Kwarning: [m[K‘[01m[Kcoor[0][0][m[K’ may be used uninitialized in this function [[01;35m[K-Wmaybe-uninitialized[m[K]
[2.936s]    12 |         double [01;35m[Kx1[m[K=coor[0][0];
[2.936s]       |                [01;35m[K^~[m[K
[2.936s] [01m[K/home/wrdev/workspace/ros2_ws/src/example_pkg_c/src/rrt_marker.cpp:13:16:[m[K [01;35m[Kwarning: [m[K‘[01m[Kcoor[0][1][m[K’ may be used uninitialized in this function [[01;35m[K-Wmaybe-uninitialized[m[K]
[2.936s]    13 |         double [01;35m[Ky1[m[K=coor[0][1];
[2.936s]       |                [01;35m[K^~[m[K
[2.936s] [01m[K/home/wrdev/workspace/ros2_ws/src/example_pkg_c/src/rrt_marker.cpp:14:16:[m[K [01;35m[Kwarning: [m[K‘[01m[Kcoor[1][0][m[K’ may be used uninitialized in this function [[01;35m[K-Wmaybe-uninitialized[m[K]
[2.936s]    14 |         double [01;35m[Kx2[m[K=coor[1][0];
[2.936s]       |                [01;35m[K^~[m[K
[2.936s] [01m[K/home/wrdev/workspace/ros2_ws/src/example_pkg_c/src/rrt_marker.cpp:15:16:[m[K [01;35m[Kwarning: [m[K‘[01m[Kcoor[1][1][m[K’ may be used uninitialized in this function [[01;35m[K-Wmaybe-uninitialized[m[K]
[2.936s]    15 |         double [01;35m[Ky2[m[K=coor[1][1];
[2.937s]       |                [01;35m[K^~[m[K
[3.017s] [ 40%] [32m[1mLinking CXX shared library libexample_pkg_c.so[0m
[3.325s] [ 60%] Built target example_pkg_c
[3.350s] [ 80%] [32m[1mLinking CXX executable rrt_display[0m
[3.623s] [100%] Built target rrt_display
[3.629s] Invoked command in '/home/wrdev/workspace/ros2_ws/build/example_pkg_c' returned '0': /usr/bin/cmake --build /home/wrdev/workspace/ros2_ws/build/example_pkg_c -- -j4 -l4
[3.663s] Invoking command in '/home/wrdev/workspace/ros2_ws/build/example_pkg_c': /usr/bin/cmake --install /home/wrdev/workspace/ros2_ws/build/example_pkg_c
[3.667s] -- Install configuration: ""
[3.667s] -- Up-to-date: /home/wrdev/workspace/ros2_ws/install/example_pkg_c/share/example_pkg_c/environment/library_path.sh
[3.667s] -- Up-to-date: /home/wrdev/workspace/ros2_ws/install/example_pkg_c/share/example_pkg_c/environment/library_path.dsv
[3.667s] -- Up-to-date: /home/wrdev/workspace/ros2_ws/install/example_pkg_c/include
[3.668s] -- Up-to-date: /home/wrdev/workspace/ros2_ws/install/example_pkg_c/include/example_pkg_c
[3.668s] -- Up-to-date: /home/wrdev/workspace/ros2_ws/install/example_pkg_c/include/example_pkg_c/rrt_marker.hpp
[3.669s] -- Installing: /home/wrdev/workspace/ros2_ws/install/example_pkg_c/lib/example_pkg_c/libexample_pkg_c.so
[3.671s] -- Set runtime path of "/home/wrdev/workspace/ros2_ws/install/example_pkg_c/lib/example_pkg_c/libexample_pkg_c.so" to ""
[3.672s] -- Up-to-date: /home/wrdev/workspace/ros2_ws/install/example_pkg_c/share/ament_index/resource_index/package_run_dependencies/example_pkg_c
[3.672s] -- Up-to-date: /home/wrdev/workspace/ros2_ws/install/example_pkg_c/share/ament_index/resource_index/parent_prefix_path/example_pkg_c
[3.672s] -- Up-to-date: /home/wrdev/workspace/ros2_ws/install/example_pkg_c/share/example_pkg_c/environment/ament_prefix_path.sh
[3.672s] -- Up-to-date: /home/wrdev/workspace/ros2_ws/install/example_pkg_c/share/example_pkg_c/environment/ament_prefix_path.dsv
[3.672s] -- Up-to-date: /home/wrdev/workspace/ros2_ws/install/example_pkg_c/share/example_pkg_c/environment/path.sh
[3.672s] -- Up-to-date: /home/wrdev/workspace/ros2_ws/install/example_pkg_c/share/example_pkg_c/environment/path.dsv
[3.672s] -- Up-to-date: /home/wrdev/workspace/ros2_ws/install/example_pkg_c/share/example_pkg_c/local_setup.bash
[3.672s] -- Up-to-date: /home/wrdev/workspace/ros2_ws/install/example_pkg_c/share/example_pkg_c/local_setup.sh
[3.673s] -- Up-to-date: /home/wrdev/workspace/ros2_ws/install/example_pkg_c/share/example_pkg_c/local_setup.zsh
[3.673s] -- Up-to-date: /home/wrdev/workspace/ros2_ws/install/example_pkg_c/share/example_pkg_c/local_setup.dsv
[3.673s] -- Installing: /home/wrdev/workspace/ros2_ws/install/example_pkg_c/share/example_pkg_c/package.dsv
[3.673s] -- Up-to-date: /home/wrdev/workspace/ros2_ws/install/example_pkg_c/share/ament_index/resource_index/packages/example_pkg_c
[3.673s] -- Up-to-date: /home/wrdev/workspace/ros2_ws/install/example_pkg_c/share/example_pkg_c/cmake/example_pkg_cExport.cmake
[3.674s] -- Up-to-date: /home/wrdev/workspace/ros2_ws/install/example_pkg_c/share/example_pkg_c/cmake/example_pkg_cExport-noconfig.cmake
[3.674s] -- Up-to-date: /home/wrdev/workspace/ros2_ws/install/example_pkg_c/share/example_pkg_c/cmake/ament_cmake_export_targets-extras.cmake
[3.674s] -- Up-to-date: /home/wrdev/workspace/ros2_ws/install/example_pkg_c/share/example_pkg_c/cmake/ament_cmake_export_dependencies-extras.cmake
[3.674s] -- Up-to-date: /home/wrdev/workspace/ros2_ws/install/example_pkg_c/share/example_pkg_c/cmake/example_pkg_cConfig.cmake
[3.674s] -- Up-to-date: /home/wrdev/workspace/ros2_ws/install/example_pkg_c/share/example_pkg_c/cmake/example_pkg_cConfig-version.cmake
[3.674s] -- Up-to-date: /home/wrdev/workspace/ros2_ws/install/example_pkg_c/share/example_pkg_c/package.xml
[3.677s] Invoked command in '/home/wrdev/workspace/ros2_ws/build/example_pkg_c' returned '0': /usr/bin/cmake --install /home/wrdev/workspace/ros2_ws/build/example_pkg_c
