[0.437s] DEBUG:colcon:Command line arguments: ['/usr/bin/colcon', 'build']
[0.437s] DEBUG:colcon:Parsed command line arguments: Namespace(allow_overriding=[], ament_cmake_args=None, base_paths=['.'], build_base='build', catkin_cmake_args=None, catkin_skip_building_tests=False, cmake_args=None, cmake_clean_cache=False, cmake_clean_first=False, cmake_force_configure=False, cmake_target=None, cmake_target_skip_unavailable=False, continue_on_error=False, event_handlers=None, executor='parallel', ignore_user_meta=False, install_base='install', log_base=None, log_level=None, main=<bound method BuildVerb.main of <colcon_core.verb.build.BuildVerb object at 0x7f7a804ebd30>>, merge_install=False, metas=['./colcon.meta'], mixin=None, mixin_files=None, mixin_verb=('build',), packages_above=None, packages_above_and_dependencies=None, packages_above_depth=None, packages_end=None, packages_ignore=None, packages_ignore_regex=None, packages_select=None, packages_select_build_failed=False, packages_select_by_dep=None, packages_select_regex=None, packages_select_test_failures=False, packages_skip=None, packages_skip_build_finished=False, packages_skip_by_dep=None, packages_skip_regex=None, packages_skip_test_passed=False, packages_skip_up_to=None, packages_start=None, packages_up_to=None, packages_up_to_regex=None, parallel_workers=4, paths=None, symlink_install=False, test_result_base=None, verb_extension=<colcon_core.verb.build.BuildVerb object at 0x7f7a804ebd30>, verb_name='build', verb_parser=<colcon_mixin.mixin.mixin_argument.MixinArgumentDecorator object at 0x7f7a7fcf24c0>)
[0.500s] Level 1:colcon.colcon_core.package_discovery:discover_packages(colcon_meta) check parameters
[0.500s] Level 1:colcon.colcon_core.package_discovery:discover_packages(recursive) check parameters
[0.500s] Level 1:colcon.colcon_core.package_discovery:discover_packages(ignore) check parameters
[0.500s] Level 1:colcon.colcon_core.package_discovery:discover_packages(path) check parameters
[0.500s] Level 1:colcon.colcon_core.package_discovery:discover_packages(colcon_meta) discover
[0.500s] Level 1:colcon.colcon_core.package_discovery:discover_packages(recursive) discover
[0.500s] INFO:colcon.colcon_core.package_discovery:Crawling recursively for packages in '/home/wrdev/workspace/ros2_ws'
[0.501s] Level 1:colcon.colcon_core.package_identification:_identify(.) by extensions ['ignore', 'ignore_ament_install']
[0.501s] Level 1:colcon.colcon_core.package_identification:_identify(.) by extension 'ignore'
[0.501s] Level 1:colcon.colcon_core.package_identification:_identify(.) by extension 'ignore_ament_install'
[0.501s] Level 1:colcon.colcon_core.package_identification:_identify(.) by extensions ['colcon_pkg']
[0.501s] Level 1:colcon.colcon_core.package_identification:_identify(.) by extension 'colcon_pkg'
[0.501s] Level 1:colcon.colcon_core.package_identification:_identify(.) by extensions ['colcon_meta']
[0.501s] Level 1:colcon.colcon_core.package_identification:_identify(.) by extension 'colcon_meta'
[0.501s] Level 1:colcon.colcon_core.package_identification:_identify(.) by extensions ['ros']
[0.501s] Level 1:colcon.colcon_core.package_identification:_identify(.) by extension 'ros'
[0.516s] Level 1:colcon.colcon_core.package_identification:_identify(.) by extensions ['cmake', 'python']
[0.516s] Level 1:colcon.colcon_core.package_identification:_identify(.) by extension 'cmake'
[0.516s] Level 1:colcon.colcon_core.package_identification:_identify(.) by extension 'python'
[0.516s] Level 1:colcon.colcon_core.package_identification:_identify(.) by extensions ['python_setup_py']
[0.516s] Level 1:colcon.colcon_core.package_identification:_identify(.) by extension 'python_setup_py'
[0.516s] Level 1:colcon.colcon_core.package_identification:_identify(build) by extensions ['ignore', 'ignore_ament_install']
[0.517s] Level 1:colcon.colcon_core.package_identification:_identify(build) by extension 'ignore'
[0.517s] Level 1:colcon.colcon_core.package_identification:_identify(build) ignored
[0.517s] Level 1:colcon.colcon_core.package_identification:_identify(install) by extensions ['ignore', 'ignore_ament_install']
[0.517s] Level 1:colcon.colcon_core.package_identification:_identify(install) by extension 'ignore'
[0.517s] Level 1:colcon.colcon_core.package_identification:_identify(install) ignored
[0.517s] Level 1:colcon.colcon_core.package_identification:_identify(log) by extensions ['ignore', 'ignore_ament_install']
[0.517s] Level 1:colcon.colcon_core.package_identification:_identify(log) by extension 'ignore'
[0.517s] Level 1:colcon.colcon_core.package_identification:_identify(log) ignored
[0.517s] Level 1:colcon.colcon_core.package_identification:_identify(src) by extensions ['ignore', 'ignore_ament_install']
[0.518s] Level 1:colcon.colcon_core.package_identification:_identify(src) by extension 'ignore'
[0.518s] Level 1:colcon.colcon_core.package_identification:_identify(src) by extension 'ignore_ament_install'
[0.518s] Level 1:colcon.colcon_core.package_identification:_identify(src) by extensions ['colcon_pkg']
[0.518s] Level 1:colcon.colcon_core.package_identification:_identify(src) by extension 'colcon_pkg'
[0.518s] Level 1:colcon.colcon_core.package_identification:_identify(src) by extensions ['colcon_meta']
[0.518s] Level 1:colcon.colcon_core.package_identification:_identify(src) by extension 'colcon_meta'
[0.518s] Level 1:colcon.colcon_core.package_identification:_identify(src) by extensions ['ros']
[0.518s] Level 1:colcon.colcon_core.package_identification:_identify(src) by extension 'ros'
[0.518s] Level 1:colcon.colcon_core.package_identification:_identify(src) by extensions ['cmake', 'python']
[0.518s] Level 1:colcon.colcon_core.package_identification:_identify(src) by extension 'cmake'
[0.518s] Level 1:colcon.colcon_core.package_identification:_identify(src) by extension 'python'
[0.518s] Level 1:colcon.colcon_core.package_identification:_identify(src) by extensions ['python_setup_py']
[0.518s] Level 1:colcon.colcon_core.package_identification:_identify(src) by extension 'python_setup_py'
[0.518s] Level 1:colcon.colcon_core.package_identification:_identify(src/example_pkg_c) by extensions ['ignore', 'ignore_ament_install']
[0.518s] Level 1:colcon.colcon_core.package_identification:_identify(src/example_pkg_c) by extension 'ignore'
[0.519s] Level 1:colcon.colcon_core.package_identification:_identify(src/example_pkg_c) by extension 'ignore_ament_install'
[0.519s] Level 1:colcon.colcon_core.package_identification:_identify(src/example_pkg_c) by extensions ['colcon_pkg']
[0.519s] Level 1:colcon.colcon_core.package_identification:_identify(src/example_pkg_c) by extension 'colcon_pkg'
[0.519s] Level 1:colcon.colcon_core.package_identification:_identify(src/example_pkg_c) by extensions ['colcon_meta']
[0.519s] Level 1:colcon.colcon_core.package_identification:_identify(src/example_pkg_c) by extension 'colcon_meta'
[0.519s] Level 1:colcon.colcon_core.package_identification:_identify(src/example_pkg_c) by extensions ['ros']
[0.519s] Level 1:colcon.colcon_core.package_identification:_identify(src/example_pkg_c) by extension 'ros'
[0.521s] DEBUG:colcon.colcon_core.package_identification:Package 'src/example_pkg_c' with type 'ros.ament_cmake' and name 'example_pkg_c'
[0.521s] Level 1:colcon.colcon_core.package_discovery:discover_packages(recursive) using defaults
[0.521s] Level 1:colcon.colcon_core.package_discovery:discover_packages(ignore) discover
[0.521s] Level 1:colcon.colcon_core.package_discovery:discover_packages(ignore) using defaults
[0.522s] Level 1:colcon.colcon_core.package_discovery:discover_packages(path) discover
[0.522s] Level 1:colcon.colcon_core.package_discovery:discover_packages(path) using defaults
[0.549s] Level 1:colcon.colcon_core.package_discovery:discover_packages(prefix_path) check parameters
[0.549s] Level 1:colcon.colcon_core.package_discovery:discover_packages(prefix_path) discover
[0.553s] DEBUG:colcon.colcon_installed_package_information.package_discovery:Found 274 installed packages in /opt/ros/galactic
[0.555s] Level 1:colcon.colcon_core.package_discovery:discover_packages(prefix_path) using defaults
[0.636s] Level 5:colcon.colcon_core.verb:set package 'example_pkg_c' build argument 'cmake_args' from command line to 'None'
[0.636s] Level 5:colcon.colcon_core.verb:set package 'example_pkg_c' build argument 'cmake_target' from command line to 'None'
[0.636s] Level 5:colcon.colcon_core.verb:set package 'example_pkg_c' build argument 'cmake_target_skip_unavailable' from command line to 'False'
[0.636s] Level 5:colcon.colcon_core.verb:set package 'example_pkg_c' build argument 'cmake_clean_cache' from command line to 'False'
[0.636s] Level 5:colcon.colcon_core.verb:set package 'example_pkg_c' build argument 'cmake_clean_first' from command line to 'False'
[0.636s] Level 5:colcon.colcon_core.verb:set package 'example_pkg_c' build argument 'cmake_force_configure' from command line to 'False'
[0.636s] Level 5:colcon.colcon_core.verb:set package 'example_pkg_c' build argument 'ament_cmake_args' from command line to 'None'
[0.636s] Level 5:colcon.colcon_core.verb:set package 'example_pkg_c' build argument 'catkin_cmake_args' from command line to 'None'
[0.636s] Level 5:colcon.colcon_core.verb:set package 'example_pkg_c' build argument 'catkin_skip_building_tests' from command line to 'False'
[0.636s] DEBUG:colcon.colcon_core.verb:Building package 'example_pkg_c' with the following arguments: {'ament_cmake_args': None, 'build_base': '/home/wrdev/workspace/ros2_ws/build/example_pkg_c', 'catkin_cmake_args': None, 'catkin_skip_building_tests': False, 'cmake_args': None, 'cmake_clean_cache': False, 'cmake_clean_first': False, 'cmake_force_configure': False, 'cmake_target': None, 'cmake_target_skip_unavailable': False, 'install_base': '/home/wrdev/workspace/ros2_ws/install/example_pkg_c', 'merge_install': False, 'path': '/home/wrdev/workspace/ros2_ws/src/example_pkg_c', 'symlink_install': False, 'test_result_base': None}
[0.638s] INFO:colcon.colcon_core.executor:Executing jobs using 'parallel' executor
[0.647s] DEBUG:colcon.colcon_parallel_executor.executor.parallel:run_until_complete
[0.647s] INFO:colcon.colcon_ros.task.ament_cmake.build:Building ROS package in '/home/wrdev/workspace/ros2_ws/src/example_pkg_c' with build type 'ament_cmake'
[0.647s] INFO:colcon.colcon_cmake.task.cmake.build:Building CMake package in '/home/wrdev/workspace/ros2_ws/src/example_pkg_c'
[0.654s] INFO:colcon.colcon_core.plugin_system:Skipping extension 'colcon_core.shell.bat': Not used on non-Windows systems
[0.654s] INFO:colcon.colcon_core.shell:Skip shell extension 'powershell' for command environment: Not usable outside of PowerShell
[0.654s] DEBUG:colcon.colcon_core.shell:Skip shell extension 'dsv' for command environment
[0.669s] DEBUG:colcon.colcon_core.event_handler.log_command:Invoking command in '/home/wrdev/workspace/ros2_ws/build/example_pkg_c': CMAKE_PREFIX_PATH=/opt/ros/galactic /usr/bin/cmake --build /home/wrdev/workspace/ros2_ws/build/example_pkg_c -- -j4 -l4
[10.041s] DEBUG:colcon.colcon_core.event_handler.log_command:Invoked command in '/home/wrdev/workspace/ros2_ws/build/example_pkg_c' returned '0': CMAKE_PREFIX_PATH=/opt/ros/galactic /usr/bin/cmake --build /home/wrdev/workspace/ros2_ws/build/example_pkg_c -- -j4 -l4
[10.075s] DEBUG:colcon.colcon_core.event_handler.log_command:Invoking command in '/home/wrdev/workspace/ros2_ws/build/example_pkg_c': CMAKE_PREFIX_PATH=/opt/ros/galactic /usr/bin/cmake --install /home/wrdev/workspace/ros2_ws/build/example_pkg_c
[10.083s] Level 1:colcon.colcon_core.environment:create_environment_scripts_only(example_pkg_c)
[10.085s] DEBUG:colcon.colcon_core.event_handler.log_command:Invoked command in '/home/wrdev/workspace/ros2_ws/build/example_pkg_c' returned '0': CMAKE_PREFIX_PATH=/opt/ros/galactic /usr/bin/cmake --install /home/wrdev/workspace/ros2_ws/build/example_pkg_c
[10.094s] Level 1:colcon.colcon_core.environment:checking '/home/wrdev/workspace/ros2_ws/install/example_pkg_c' for CMake module files
[10.094s] Level 1:colcon.colcon_core.environment:checking '/home/wrdev/workspace/ros2_ws/install/example_pkg_c' for CMake config files
[10.095s] Level 1:colcon.colcon_core.shell:create_environment_hook('example_pkg_c', 'cmake_prefix_path')
[10.098s] INFO:colcon.colcon_core.shell:Creating environment hook '/home/wrdev/workspace/ros2_ws/install/example_pkg_c/share/example_pkg_c/hook/cmake_prefix_path.ps1'
[10.099s] INFO:colcon.colcon_core.shell:Creating environment descriptor '/home/wrdev/workspace/ros2_ws/install/example_pkg_c/share/example_pkg_c/hook/cmake_prefix_path.dsv'
[10.099s] INFO:colcon.colcon_core.shell:Creating environment hook '/home/wrdev/workspace/ros2_ws/install/example_pkg_c/share/example_pkg_c/hook/cmake_prefix_path.sh'
[10.100s] Level 1:colcon.colcon_core.environment:checking '/home/wrdev/workspace/ros2_ws/install/example_pkg_c/lib'
[10.100s] Level 1:colcon.colcon_core.environment:checking '/home/wrdev/workspace/ros2_ws/install/example_pkg_c/bin'
[10.100s] Level 1:colcon.colcon_core.environment:checking '/home/wrdev/workspace/ros2_ws/install/example_pkg_c/lib/pkgconfig/example_pkg_c.pc'
[10.101s] Level 1:colcon.colcon_core.environment:checking '/home/wrdev/workspace/ros2_ws/install/example_pkg_c/lib/python3.8/site-packages'
[10.101s] Level 1:colcon.colcon_core.environment:checking '/home/wrdev/workspace/ros2_ws/install/example_pkg_c/bin'
[10.104s] INFO:colcon.colcon_core.shell:Creating package script '/home/wrdev/workspace/ros2_ws/install/example_pkg_c/share/example_pkg_c/package.ps1'
[10.105s] INFO:colcon.colcon_core.shell:Creating package descriptor '/home/wrdev/workspace/ros2_ws/install/example_pkg_c/share/example_pkg_c/package.dsv'
[10.106s] INFO:colcon.colcon_core.shell:Creating package script '/home/wrdev/workspace/ros2_ws/install/example_pkg_c/share/example_pkg_c/package.sh'
[10.106s] INFO:colcon.colcon_core.shell:Creating package script '/home/wrdev/workspace/ros2_ws/install/example_pkg_c/share/example_pkg_c/package.bash'
[10.107s] INFO:colcon.colcon_core.shell:Creating package script '/home/wrdev/workspace/ros2_ws/install/example_pkg_c/share/example_pkg_c/package.zsh'
[10.108s] Level 1:colcon.colcon_core.environment:create_file_with_runtime_dependencies(/home/wrdev/workspace/ros2_ws/install/example_pkg_c/share/colcon-core/packages/example_pkg_c)
[10.135s] Level 1:colcon.colcon_core.environment:create_environment_scripts_only(example_pkg_c)
[10.139s] Level 1:colcon.colcon_core.environment:checking '/home/wrdev/workspace/ros2_ws/install/example_pkg_c' for CMake module files
[10.140s] Level 1:colcon.colcon_core.environment:checking '/home/wrdev/workspace/ros2_ws/install/example_pkg_c' for CMake config files
[10.140s] Level 1:colcon.colcon_core.shell:create_environment_hook('example_pkg_c', 'cmake_prefix_path')
[10.143s] INFO:colcon.colcon_core.shell:Creating environment hook '/home/wrdev/workspace/ros2_ws/install/example_pkg_c/share/example_pkg_c/hook/cmake_prefix_path.ps1'
[10.144s] INFO:colcon.colcon_core.shell:Creating environment descriptor '/home/wrdev/workspace/ros2_ws/install/example_pkg_c/share/example_pkg_c/hook/cmake_prefix_path.dsv'
[10.144s] INFO:colcon.colcon_core.shell:Creating environment hook '/home/wrdev/workspace/ros2_ws/install/example_pkg_c/share/example_pkg_c/hook/cmake_prefix_path.sh'
[10.145s] Level 1:colcon.colcon_core.environment:checking '/home/wrdev/workspace/ros2_ws/install/example_pkg_c/lib'
[10.145s] Level 1:colcon.colcon_core.environment:checking '/home/wrdev/workspace/ros2_ws/install/example_pkg_c/bin'
[10.145s] Level 1:colcon.colcon_core.environment:checking '/home/wrdev/workspace/ros2_ws/install/example_pkg_c/lib/pkgconfig/example_pkg_c.pc'
[10.145s] Level 1:colcon.colcon_core.environment:checking '/home/wrdev/workspace/ros2_ws/install/example_pkg_c/lib/python3.8/site-packages'
[10.146s] Level 1:colcon.colcon_core.environment:checking '/home/wrdev/workspace/ros2_ws/install/example_pkg_c/bin'
[10.149s] INFO:colcon.colcon_core.shell:Creating package script '/home/wrdev/workspace/ros2_ws/install/example_pkg_c/share/example_pkg_c/package.ps1'
[10.149s] INFO:colcon.colcon_core.shell:Creating package descriptor '/home/wrdev/workspace/ros2_ws/install/example_pkg_c/share/example_pkg_c/package.dsv'
[10.150s] INFO:colcon.colcon_core.shell:Creating package script '/home/wrdev/workspace/ros2_ws/install/example_pkg_c/share/example_pkg_c/package.sh'
[10.150s] INFO:colcon.colcon_core.shell:Creating package script '/home/wrdev/workspace/ros2_ws/install/example_pkg_c/share/example_pkg_c/package.bash'
[10.151s] INFO:colcon.colcon_core.shell:Creating package script '/home/wrdev/workspace/ros2_ws/install/example_pkg_c/share/example_pkg_c/package.zsh'
[10.151s] Level 1:colcon.colcon_core.environment:create_file_with_runtime_dependencies(/home/wrdev/workspace/ros2_ws/install/example_pkg_c/share/colcon-core/packages/example_pkg_c)
[10.151s] DEBUG:colcon.colcon_parallel_executor.executor.parallel:closing loop
[10.152s] DEBUG:colcon.colcon_parallel_executor.executor.parallel:loop closed
[10.152s] DEBUG:colcon.colcon_parallel_executor.executor.parallel:run_until_complete finished with '0'
[10.152s] DEBUG:colcon.colcon_core.event_reactor:joining thread
[10.161s] INFO:colcon.colcon_core.plugin_system:Skipping extension 'colcon_notification.desktop_notification.terminal_notifier': Not used on non-Darwin systems
[10.161s] INFO:colcon.colcon_core.plugin_system:Skipping extension 'colcon_notification.desktop_notification.win32': Not used on non-Windows systems
[10.161s] INFO:colcon.colcon_notification.desktop_notification:Sending desktop notification using 'notify2'
[10.176s] DEBUG:colcon.colcon_core.event_reactor:joined thread
[10.180s] INFO:colcon.colcon_core.shell:Creating prefix script '/home/wrdev/workspace/ros2_ws/install/local_setup.ps1'
[10.181s] INFO:colcon.colcon_core.shell:Creating prefix util module '/home/wrdev/workspace/ros2_ws/install/_local_setup_util_ps1.py'
[10.182s] INFO:colcon.colcon_core.shell:Creating prefix chain script '/home/wrdev/workspace/ros2_ws/install/setup.ps1'
[10.184s] INFO:colcon.colcon_core.shell:Creating prefix script '/home/wrdev/workspace/ros2_ws/install/local_setup.sh'
[10.184s] INFO:colcon.colcon_core.shell:Creating prefix util module '/home/wrdev/workspace/ros2_ws/install/_local_setup_util_sh.py'
[10.185s] INFO:colcon.colcon_core.shell:Creating prefix chain script '/home/wrdev/workspace/ros2_ws/install/setup.sh'
[10.186s] INFO:colcon.colcon_core.shell:Creating prefix script '/home/wrdev/workspace/ros2_ws/install/local_setup.bash'
[10.187s] INFO:colcon.colcon_core.shell:Creating prefix chain script '/home/wrdev/workspace/ros2_ws/install/setup.bash'
[10.188s] INFO:colcon.colcon_core.shell:Creating prefix script '/home/wrdev/workspace/ros2_ws/install/local_setup.zsh'
[10.189s] INFO:colcon.colcon_core.shell:Creating prefix chain script '/home/wrdev/workspace/ros2_ws/install/setup.zsh'
