[0.020s] Invoking command in '/home/wrdev/workspace/ros2_ws/build/example_pkg_c': CMAKE_PREFIX_PATH=/opt/ros/galactic /usr/bin/cmake --build /home/wrdev/workspace/ros2_ws/build/example_pkg_c -- -j4 -l4
[0.066s] [ 20%] [32mBuilding CXX object CMakeFiles/example_pkg_c.dir/src/rrt_marker.cpp.o[0m
[0.066s] [ 40%] [32mBuilding CXX object CMakeFiles/example_pkg_c.dir/src/rrt_display.cpp.o[0m
[2.919s] [01m[K/home/wrdev/workspace/ros2_ws/src/example_pkg_c/src/rrt_marker.cpp:[m[K In member function ‘[01m[Knode* RRT::getNearestNode(const std::vector<float>&)[m[K’:
[2.920s] [01m[K/home/wrdev/workspace/ros2_ws/src/example_pkg_c/src/rrt_marker.cpp:24:23:[m[K [01;35m[Kwarning: [m[Kcomparison of integer expressions of different signedness: ‘[01m[Kint[m[K’ and ‘[01m[Kstd::vector<node*>::size_type[m[K’ {aka ‘[01m[Klong unsigned int[m[K’} [[01;35m[K-Wsign-compare[m[K]
[2.920s]    24 |     for (int i = 0; [01;35m[Ki < nodeList.size()[m[K; i++) {
[2.920s]       |                     [01;35m[K~~^~~~~~~~~~~~~~~~~[m[K
[2.984s] [01m[K/home/wrdev/workspace/ros2_ws/src/example_pkg_c/src/rrt_display.cpp:[m[K In member function ‘[01m[Kvoid DisplayRRT::timer_callback()[m[K’:
[2.984s] [01m[K/home/wrdev/workspace/ros2_ws/src/example_pkg_c/src/rrt_display.cpp:98:16:[m[K [01;35m[Kwarning: [m[Kunused variable ‘[01m[Kcount_[m[K’ [[01;35m[K-Wunused-variable[m[K]
[2.984s]    98 |         size_t [01;35m[Kcount_[m[K;
[2.984s]       |                [01;35m[K^~~~~~[m[K
[2.985s] [01m[K/home/wrdev/workspace/ros2_ws/src/example_pkg_c/src/rrt_display.cpp:[m[K In function ‘[01m[Kint main(int, char**)[m[K’:
[2.985s] [01m[K/home/wrdev/workspace/ros2_ws/src/example_pkg_c/src/rrt_display.cpp:113:14:[m[K [01;35m[Kwarning: [m[Kunused parameter ‘[01m[Kargc[m[K’ [[01;35m[K-Wunused-parameter[m[K]
[2.986s]   113 | int main([01;35m[Kint argc[m[K, char* argv[]) {
[2.986s]       |          [01;35m[K~~~~^~~~[m[K
[2.986s] [01m[K/home/wrdev/workspace/ros2_ws/src/example_pkg_c/src/rrt_display.cpp:113:26:[m[K [01;35m[Kwarning: [m[Kunused parameter ‘[01m[Kargv[m[K’ [[01;35m[K-Wunused-parameter[m[K]
[2.986s]   113 | int main(int argc, [01;35m[Kchar* argv[][m[K) {
[2.986s]       |                    [01;35m[K~~~~~~^~~~~~[m[K
[4.537s] [ 60%] [32m[1mLinking CXX shared library libexample_pkg_c.so[0m
[4.698s] [ 60%] Built target example_pkg_c
[4.721s] [ 80%] [32mBuilding CXX object CMakeFiles/rrt_display.dir/src/rrt_display.cpp.o[0m
[7.490s] [01m[K/home/wrdev/workspace/ros2_ws/src/example_pkg_c/src/rrt_display.cpp:[m[K In member function ‘[01m[Kvoid DisplayRRT::timer_callback()[m[K’:
[7.490s] [01m[K/home/wrdev/workspace/ros2_ws/src/example_pkg_c/src/rrt_display.cpp:98:16:[m[K [01;35m[Kwarning: [m[Kunused variable ‘[01m[Kcount_[m[K’ [[01;35m[K-Wunused-variable[m[K]
[7.490s]    98 |         size_t [01;35m[Kcount_[m[K;
[7.490s]       |                [01;35m[K^~~~~~[m[K
[7.491s] [01m[K/home/wrdev/workspace/ros2_ws/src/example_pkg_c/src/rrt_display.cpp:[m[K In function ‘[01m[Kint main(int, char**)[m[K’:
[7.491s] [01m[K/home/wrdev/workspace/ros2_ws/src/example_pkg_c/src/rrt_display.cpp:113:14:[m[K [01;35m[Kwarning: [m[Kunused parameter ‘[01m[Kargc[m[K’ [[01;35m[K-Wunused-parameter[m[K]
[7.491s]   113 | int main([01;35m[Kint argc[m[K, char* argv[]) {
[7.492s]       |          [01;35m[K~~~~^~~~[m[K
[7.492s] [01m[K/home/wrdev/workspace/ros2_ws/src/example_pkg_c/src/rrt_display.cpp:113:26:[m[K [01;35m[Kwarning: [m[Kunused parameter ‘[01m[Kargv[m[K’ [[01;35m[K-Wunused-parameter[m[K]
[7.492s]   113 | int main(int argc, [01;35m[Kchar* argv[][m[K) {
[7.492s]       |                    [01;35m[K~~~~~~^~~~~~[m[K
[8.997s] [100%] [32m[1mLinking CXX executable rrt_display[0m
[9.384s] [100%] Built target rrt_display
[9.391s] Invoked command in '/home/wrdev/workspace/ros2_ws/build/example_pkg_c' returned '0': CMAKE_PREFIX_PATH=/opt/ros/galactic /usr/bin/cmake --build /home/wrdev/workspace/ros2_ws/build/example_pkg_c -- -j4 -l4
[9.426s] Invoking command in '/home/wrdev/workspace/ros2_ws/build/example_pkg_c': CMAKE_PREFIX_PATH=/opt/ros/galactic /usr/bin/cmake --install /home/wrdev/workspace/ros2_ws/build/example_pkg_c
[9.431s] -- Install configuration: ""
[9.431s] -- Up-to-date: /home/wrdev/workspace/ros2_ws/install/example_pkg_c/share/example_pkg_c/environment/library_path.sh
[9.431s] -- Up-to-date: /home/wrdev/workspace/ros2_ws/install/example_pkg_c/share/example_pkg_c/environment/library_path.dsv
[9.431s] -- Up-to-date: /home/wrdev/workspace/ros2_ws/install/example_pkg_c/include
[9.431s] -- Up-to-date: /home/wrdev/workspace/ros2_ws/install/example_pkg_c/include/example_pkg_c
[9.431s] -- Up-to-date: /home/wrdev/workspace/ros2_ws/install/example_pkg_c/include/example_pkg_c/rrt_marker.hpp
[9.431s] -- Installing: /home/wrdev/workspace/ros2_ws/install/example_pkg_c/lib/example_pkg_c/libexample_pkg_c.so
[9.432s] -- Set runtime path of "/home/wrdev/workspace/ros2_ws/install/example_pkg_c/lib/example_pkg_c/libexample_pkg_c.so" to ""
[9.432s] -- Up-to-date: /home/wrdev/workspace/ros2_ws/install/example_pkg_c/share/ament_index/resource_index/package_run_dependencies/example_pkg_c
[9.432s] -- Up-to-date: /home/wrdev/workspace/ros2_ws/install/example_pkg_c/share/ament_index/resource_index/parent_prefix_path/example_pkg_c
[9.432s] -- Up-to-date: /home/wrdev/workspace/ros2_ws/install/example_pkg_c/share/example_pkg_c/environment/ament_prefix_path.sh
[9.433s] -- Up-to-date: /home/wrdev/workspace/ros2_ws/install/example_pkg_c/share/example_pkg_c/environment/ament_prefix_path.dsv
[9.433s] -- Up-to-date: /home/wrdev/workspace/ros2_ws/install/example_pkg_c/share/example_pkg_c/environment/path.sh
[9.433s] -- Up-to-date: /home/wrdev/workspace/ros2_ws/install/example_pkg_c/share/example_pkg_c/environment/path.dsv
[9.433s] -- Up-to-date: /home/wrdev/workspace/ros2_ws/install/example_pkg_c/share/example_pkg_c/local_setup.bash
[9.433s] -- Up-to-date: /home/wrdev/workspace/ros2_ws/install/example_pkg_c/share/example_pkg_c/local_setup.sh
[9.433s] -- Up-to-date: /home/wrdev/workspace/ros2_ws/install/example_pkg_c/share/example_pkg_c/local_setup.zsh
[9.433s] -- Up-to-date: /home/wrdev/workspace/ros2_ws/install/example_pkg_c/share/example_pkg_c/local_setup.dsv
[9.433s] -- Installing: /home/wrdev/workspace/ros2_ws/install/example_pkg_c/share/example_pkg_c/package.dsv
[9.433s] -- Up-to-date: /home/wrdev/workspace/ros2_ws/install/example_pkg_c/share/ament_index/resource_index/packages/example_pkg_c
[9.433s] -- Up-to-date: /home/wrdev/workspace/ros2_ws/install/example_pkg_c/share/example_pkg_c/cmake/example_pkg_cExport.cmake
[9.433s] -- Up-to-date: /home/wrdev/workspace/ros2_ws/install/example_pkg_c/share/example_pkg_c/cmake/example_pkg_cExport-noconfig.cmake
[9.433s] -- Up-to-date: /home/wrdev/workspace/ros2_ws/install/example_pkg_c/share/example_pkg_c/cmake/ament_cmake_export_targets-extras.cmake
[9.433s] -- Up-to-date: /home/wrdev/workspace/ros2_ws/install/example_pkg_c/share/example_pkg_c/cmake/ament_cmake_export_dependencies-extras.cmake
[9.434s] -- Up-to-date: /home/wrdev/workspace/ros2_ws/install/example_pkg_c/share/example_pkg_c/cmake/example_pkg_cConfig.cmake
[9.434s] -- Up-to-date: /home/wrdev/workspace/ros2_ws/install/example_pkg_c/share/example_pkg_c/cmake/example_pkg_cConfig-version.cmake
[9.434s] -- Up-to-date: /home/wrdev/workspace/ros2_ws/install/example_pkg_c/share/example_pkg_c/package.xml
[9.437s] Invoked command in '/home/wrdev/workspace/ros2_ws/build/example_pkg_c' returned '0': CMAKE_PREFIX_PATH=/opt/ros/galactic /usr/bin/cmake --install /home/wrdev/workspace/ros2_ws/build/example_pkg_c
