[0.483s] DEBUG:colcon:Command line arguments: ['/usr/bin/colcon', 'build']
[0.483s] DEBUG:colcon:Parsed command line arguments: Namespace(allow_overriding=[], ament_cmake_args=None, base_paths=['.'], build_base='build', catkin_cmake_args=None, catkin_skip_building_tests=False, cmake_args=None, cmake_clean_cache=False, cmake_clean_first=False, cmake_force_configure=False, cmake_target=None, cmake_target_skip_unavailable=False, continue_on_error=False, event_handlers=None, executor='parallel', ignore_user_meta=False, install_base='install', log_base=None, log_level=None, main=<bound method BuildVerb.main of <colcon_core.verb.build.BuildVerb object at 0x7f0914bd5520>>, merge_install=False, metas=['./colcon.meta'], mixin=None, mixin_files=None, mixin_verb=('build',), packages_above=None, packages_above_and_dependencies=None, packages_above_depth=None, packages_end=None, packages_ignore=None, packages_ignore_regex=None, packages_select=None, packages_select_build_failed=False, packages_select_by_dep=None, packages_select_regex=None, packages_select_test_failures=False, packages_skip=None, packages_skip_build_finished=False, packages_skip_by_dep=None, packages_skip_regex=None, packages_skip_test_passed=False, packages_skip_up_to=None, packages_start=None, packages_up_to=None, packages_up_to_regex=None, parallel_workers=4, paths=None, symlink_install=False, test_result_base=None, verb_extension=<colcon_core.verb.build.BuildVerb object at 0x7f0914bd5520>, verb_name='build', verb_parser=<colcon_mixin.mixin.mixin_argument.MixinArgumentDecorator object at 0x7f09143d0b50>)
[0.548s] Level 1:colcon.colcon_core.package_discovery:discover_packages(colcon_meta) check parameters
[0.548s] Level 1:colcon.colcon_core.package_discovery:discover_packages(recursive) check parameters
[0.548s] Level 1:colcon.colcon_core.package_discovery:discover_packages(ignore) check parameters
[0.548s] Level 1:colcon.colcon_core.package_discovery:discover_packages(path) check parameters
[0.548s] Level 1:colcon.colcon_core.package_discovery:discover_packages(colcon_meta) discover
[0.548s] Level 1:colcon.colcon_core.package_discovery:discover_packages(recursive) discover
[0.548s] INFO:colcon.colcon_core.package_discovery:Crawling recursively for packages in '/home/wrdev/workspace/ros2_ws'
[0.548s] Level 1:colcon.colcon_core.package_identification:_identify(.) by extensions ['ignore', 'ignore_ament_install']
[0.548s] Level 1:colcon.colcon_core.package_identification:_identify(.) by extension 'ignore'
[0.548s] Level 1:colcon.colcon_core.package_identification:_identify(.) by extension 'ignore_ament_install'
[0.549s] Level 1:colcon.colcon_core.package_identification:_identify(.) by extensions ['colcon_pkg']
[0.549s] Level 1:colcon.colcon_core.package_identification:_identify(.) by extension 'colcon_pkg'
[0.549s] Level 1:colcon.colcon_core.package_identification:_identify(.) by extensions ['colcon_meta']
[0.549s] Level 1:colcon.colcon_core.package_identification:_identify(.) by extension 'colcon_meta'
[0.549s] Level 1:colcon.colcon_core.package_identification:_identify(.) by extensions ['ros']
[0.549s] Level 1:colcon.colcon_core.package_identification:_identify(.) by extension 'ros'
[0.565s] Level 1:colcon.colcon_core.package_identification:_identify(.) by extensions ['cmake', 'python']
[0.565s] Level 1:colcon.colcon_core.package_identification:_identify(.) by extension 'cmake'
[0.565s] Level 1:colcon.colcon_core.package_identification:_identify(.) by extension 'python'
[0.565s] Level 1:colcon.colcon_core.package_identification:_identify(.) by extensions ['python_setup_py']
[0.565s] Level 1:colcon.colcon_core.package_identification:_identify(.) by extension 'python_setup_py'
[0.565s] Level 1:colcon.colcon_core.package_identification:_identify(build) by extensions ['ignore', 'ignore_ament_install']
[0.565s] Level 1:colcon.colcon_core.package_identification:_identify(build) by extension 'ignore'
[0.565s] Level 1:colcon.colcon_core.package_identification:_identify(build) ignored
[0.565s] Level 1:colcon.colcon_core.package_identification:_identify(install) by extensions ['ignore', 'ignore_ament_install']
[0.565s] Level 1:colcon.colcon_core.package_identification:_identify(install) by extension 'ignore'
[0.566s] Level 1:colcon.colcon_core.package_identification:_identify(install) ignored
[0.566s] Level 1:colcon.colcon_core.package_identification:_identify(log) by extensions ['ignore', 'ignore_ament_install']
[0.566s] Level 1:colcon.colcon_core.package_identification:_identify(log) by extension 'ignore'
[0.566s] Level 1:colcon.colcon_core.package_identification:_identify(log) ignored
[0.566s] Level 1:colcon.colcon_core.package_identification:_identify(src) by extensions ['ignore', 'ignore_ament_install']
[0.566s] Level 1:colcon.colcon_core.package_identification:_identify(src) by extension 'ignore'
[0.566s] Level 1:colcon.colcon_core.package_identification:_identify(src) by extension 'ignore_ament_install'
[0.566s] Level 1:colcon.colcon_core.package_identification:_identify(src) by extensions ['colcon_pkg']
[0.566s] Level 1:colcon.colcon_core.package_identification:_identify(src) by extension 'colcon_pkg'
[0.566s] Level 1:colcon.colcon_core.package_identification:_identify(src) by extensions ['colcon_meta']
[0.566s] Level 1:colcon.colcon_core.package_identification:_identify(src) by extension 'colcon_meta'
[0.566s] Level 1:colcon.colcon_core.package_identification:_identify(src) by extensions ['ros']
[0.566s] Level 1:colcon.colcon_core.package_identification:_identify(src) by extension 'ros'
[0.566s] Level 1:colcon.colcon_core.package_identification:_identify(src) by extensions ['cmake', 'python']
[0.566s] Level 1:colcon.colcon_core.package_identification:_identify(src) by extension 'cmake'
[0.567s] Level 1:colcon.colcon_core.package_identification:_identify(src) by extension 'python'
[0.567s] Level 1:colcon.colcon_core.package_identification:_identify(src) by extensions ['python_setup_py']
[0.567s] Level 1:colcon.colcon_core.package_identification:_identify(src) by extension 'python_setup_py'
[0.567s] Level 1:colcon.colcon_core.package_identification:_identify(src/example_pkg_c) by extensions ['ignore', 'ignore_ament_install']
[0.567s] Level 1:colcon.colcon_core.package_identification:_identify(src/example_pkg_c) by extension 'ignore'
[0.567s] Level 1:colcon.colcon_core.package_identification:_identify(src/example_pkg_c) by extension 'ignore_ament_install'
[0.567s] Level 1:colcon.colcon_core.package_identification:_identify(src/example_pkg_c) by extensions ['colcon_pkg']
[0.567s] Level 1:colcon.colcon_core.package_identification:_identify(src/example_pkg_c) by extension 'colcon_pkg'
[0.567s] Level 1:colcon.colcon_core.package_identification:_identify(src/example_pkg_c) by extensions ['colcon_meta']
[0.567s] Level 1:colcon.colcon_core.package_identification:_identify(src/example_pkg_c) by extension 'colcon_meta'
[0.567s] Level 1:colcon.colcon_core.package_identification:_identify(src/example_pkg_c) by extensions ['ros']
[0.567s] Level 1:colcon.colcon_core.package_identification:_identify(src/example_pkg_c) by extension 'ros'
[0.570s] DEBUG:colcon.colcon_core.package_identification:Package 'src/example_pkg_c' with type 'ros.ament_cmake' and name 'example_pkg_c'
[0.570s] Level 1:colcon.colcon_core.package_identification:_identify(src/rrt_marker_rviz) by extensions ['ignore', 'ignore_ament_install']
[0.570s] Level 1:colcon.colcon_core.package_identification:_identify(src/rrt_marker_rviz) by extension 'ignore'
[0.570s] Level 1:colcon.colcon_core.package_identification:_identify(src/rrt_marker_rviz) by extension 'ignore_ament_install'
[0.570s] Level 1:colcon.colcon_core.package_identification:_identify(src/rrt_marker_rviz) by extensions ['colcon_pkg']
[0.570s] Level 1:colcon.colcon_core.package_identification:_identify(src/rrt_marker_rviz) by extension 'colcon_pkg'
[0.571s] Level 1:colcon.colcon_core.package_identification:_identify(src/rrt_marker_rviz) by extensions ['colcon_meta']
[0.571s] Level 1:colcon.colcon_core.package_identification:_identify(src/rrt_marker_rviz) by extension 'colcon_meta'
[0.571s] Level 1:colcon.colcon_core.package_identification:_identify(src/rrt_marker_rviz) by extensions ['ros']
[0.571s] Level 1:colcon.colcon_core.package_identification:_identify(src/rrt_marker_rviz) by extension 'ros'
[0.571s] DEBUG:colcon.colcon_core.package_identification:Package 'src/rrt_marker_rviz' with type 'ros.ament_cmake' and name 'rrt_marker_rviz'
[0.571s] Level 1:colcon.colcon_core.package_discovery:discover_packages(recursive) using defaults
[0.571s] Level 1:colcon.colcon_core.package_discovery:discover_packages(ignore) discover
[0.571s] Level 1:colcon.colcon_core.package_discovery:discover_packages(ignore) using defaults
[0.571s] Level 1:colcon.colcon_core.package_discovery:discover_packages(path) discover
[0.571s] Level 1:colcon.colcon_core.package_discovery:discover_packages(path) using defaults
[0.599s] Level 1:colcon.colcon_core.package_discovery:discover_packages(prefix_path) check parameters
[0.600s] Level 1:colcon.colcon_core.package_discovery:discover_packages(prefix_path) discover
[0.604s] DEBUG:colcon.colcon_installed_package_information.package_discovery:Found 2 installed packages in /home/wrdev/workspace/ros2_ws/install
[0.606s] DEBUG:colcon.colcon_installed_package_information.package_discovery:Found 274 installed packages in /opt/ros/galactic
[0.608s] Level 1:colcon.colcon_core.package_discovery:discover_packages(prefix_path) using defaults
[0.698s] Level 5:colcon.colcon_core.verb:set package 'example_pkg_c' build argument 'cmake_args' from command line to 'None'
[0.698s] Level 5:colcon.colcon_core.verb:set package 'example_pkg_c' build argument 'cmake_target' from command line to 'None'
[0.698s] Level 5:colcon.colcon_core.verb:set package 'example_pkg_c' build argument 'cmake_target_skip_unavailable' from command line to 'False'
[0.698s] Level 5:colcon.colcon_core.verb:set package 'example_pkg_c' build argument 'cmake_clean_cache' from command line to 'False'
[0.698s] Level 5:colcon.colcon_core.verb:set package 'example_pkg_c' build argument 'cmake_clean_first' from command line to 'False'
[0.698s] Level 5:colcon.colcon_core.verb:set package 'example_pkg_c' build argument 'cmake_force_configure' from command line to 'False'
[0.698s] Level 5:colcon.colcon_core.verb:set package 'example_pkg_c' build argument 'ament_cmake_args' from command line to 'None'
[0.698s] Level 5:colcon.colcon_core.verb:set package 'example_pkg_c' build argument 'catkin_cmake_args' from command line to 'None'
[0.698s] Level 5:colcon.colcon_core.verb:set package 'example_pkg_c' build argument 'catkin_skip_building_tests' from command line to 'False'
[0.698s] DEBUG:colcon.colcon_core.verb:Building package 'example_pkg_c' with the following arguments: {'ament_cmake_args': None, 'build_base': '/home/wrdev/workspace/ros2_ws/build/example_pkg_c', 'catkin_cmake_args': None, 'catkin_skip_building_tests': False, 'cmake_args': None, 'cmake_clean_cache': False, 'cmake_clean_first': False, 'cmake_force_configure': False, 'cmake_target': None, 'cmake_target_skip_unavailable': False, 'install_base': '/home/wrdev/workspace/ros2_ws/install/example_pkg_c', 'merge_install': False, 'path': '/home/wrdev/workspace/ros2_ws/src/example_pkg_c', 'symlink_install': False, 'test_result_base': None}
[0.700s] Level 5:colcon.colcon_core.verb:set package 'rrt_marker_rviz' build argument 'cmake_args' from command line to 'None'
[0.700s] Level 5:colcon.colcon_core.verb:set package 'rrt_marker_rviz' build argument 'cmake_target' from command line to 'None'
[0.700s] Level 5:colcon.colcon_core.verb:set package 'rrt_marker_rviz' build argument 'cmake_target_skip_unavailable' from command line to 'False'
[0.700s] Level 5:colcon.colcon_core.verb:set package 'rrt_marker_rviz' build argument 'cmake_clean_cache' from command line to 'False'
[0.700s] Level 5:colcon.colcon_core.verb:set package 'rrt_marker_rviz' build argument 'cmake_clean_first' from command line to 'False'
[0.700s] Level 5:colcon.colcon_core.verb:set package 'rrt_marker_rviz' build argument 'cmake_force_configure' from command line to 'False'
[0.700s] Level 5:colcon.colcon_core.verb:set package 'rrt_marker_rviz' build argument 'ament_cmake_args' from command line to 'None'
[0.700s] Level 5:colcon.colcon_core.verb:set package 'rrt_marker_rviz' build argument 'catkin_cmake_args' from command line to 'None'
[0.700s] Level 5:colcon.colcon_core.verb:set package 'rrt_marker_rviz' build argument 'catkin_skip_building_tests' from command line to 'False'
[0.700s] DEBUG:colcon.colcon_core.verb:Building package 'rrt_marker_rviz' with the following arguments: {'ament_cmake_args': None, 'build_base': '/home/wrdev/workspace/ros2_ws/build/rrt_marker_rviz', 'catkin_cmake_args': None, 'catkin_skip_building_tests': False, 'cmake_args': None, 'cmake_clean_cache': False, 'cmake_clean_first': False, 'cmake_force_configure': False, 'cmake_target': None, 'cmake_target_skip_unavailable': False, 'install_base': '/home/wrdev/workspace/ros2_ws/install/rrt_marker_rviz', 'merge_install': False, 'path': '/home/wrdev/workspace/ros2_ws/src/rrt_marker_rviz', 'symlink_install': False, 'test_result_base': None}
[0.701s] INFO:colcon.colcon_core.executor:Executing jobs using 'parallel' executor
[0.711s] DEBUG:colcon.colcon_parallel_executor.executor.parallel:run_until_complete
[0.711s] INFO:colcon.colcon_ros.task.ament_cmake.build:Building ROS package in '/home/wrdev/workspace/ros2_ws/src/example_pkg_c' with build type 'ament_cmake'
[0.712s] INFO:colcon.colcon_cmake.task.cmake.build:Building CMake package in '/home/wrdev/workspace/ros2_ws/src/example_pkg_c'
[0.719s] INFO:colcon.colcon_core.plugin_system:Skipping extension 'colcon_core.shell.bat': Not used on non-Windows systems
[0.719s] INFO:colcon.colcon_core.shell:Skip shell extension 'powershell' for command environment: Not usable outside of PowerShell
[0.719s] DEBUG:colcon.colcon_core.shell:Skip shell extension 'dsv' for command environment
[0.729s] INFO:colcon.colcon_ros.task.ament_cmake.build:Building ROS package in '/home/wrdev/workspace/ros2_ws/src/rrt_marker_rviz' with build type 'ament_cmake'
[0.729s] INFO:colcon.colcon_cmake.task.cmake.build:Building CMake package in '/home/wrdev/workspace/ros2_ws/src/rrt_marker_rviz'
[0.734s] INFO:colcon.colcon_core.shell:Skip shell extension 'powershell' for command environment: Not usable outside of PowerShell
[0.734s] DEBUG:colcon.colcon_core.shell:Skip shell extension 'dsv' for command environment
[0.752s] DEBUG:colcon.colcon_core.event_handler.log_command:Invoking command in '/home/wrdev/workspace/ros2_ws/build/example_pkg_c': CMAKE_PREFIX_PATH=${CMAKE_PREFIX_PATH}:/opt/ros/galactic /usr/bin/cmake --build /home/wrdev/workspace/ros2_ws/build/example_pkg_c -- -j4 -l4
[0.762s] DEBUG:colcon.colcon_core.event_handler.log_command:Invoking command in '/home/wrdev/workspace/ros2_ws/build/rrt_marker_rviz': CMAKE_PREFIX_PATH=${CMAKE_PREFIX_PATH}:/opt/ros/galactic /usr/bin/cmake --build /home/wrdev/workspace/ros2_ws/build/rrt_marker_rviz -- -j4 -l4
[0.830s] DEBUG:colcon.colcon_core.event_handler.log_command:Invoked command in '/home/wrdev/workspace/ros2_ws/build/example_pkg_c' returned '0': CMAKE_PREFIX_PATH=${CMAKE_PREFIX_PATH}:/opt/ros/galactic /usr/bin/cmake --build /home/wrdev/workspace/ros2_ws/build/example_pkg_c -- -j4 -l4
[0.873s] DEBUG:colcon.colcon_core.event_handler.log_command:Invoking command in '/home/wrdev/workspace/ros2_ws/build/example_pkg_c': CMAKE_PREFIX_PATH=${CMAKE_PREFIX_PATH}:/opt/ros/galactic /usr/bin/cmake --install /home/wrdev/workspace/ros2_ws/build/example_pkg_c
[0.881s] Level 1:colcon.colcon_core.environment:create_environment_scripts_only(example_pkg_c)
[0.883s] DEBUG:colcon.colcon_core.event_handler.log_command:Invoked command in '/home/wrdev/workspace/ros2_ws/build/example_pkg_c' returned '0': CMAKE_PREFIX_PATH=${CMAKE_PREFIX_PATH}:/opt/ros/galactic /usr/bin/cmake --install /home/wrdev/workspace/ros2_ws/build/example_pkg_c
[0.897s] Level 1:colcon.colcon_core.environment:checking '/home/wrdev/workspace/ros2_ws/install/example_pkg_c' for CMake module files
[0.897s] Level 1:colcon.colcon_core.environment:checking '/home/wrdev/workspace/ros2_ws/install/example_pkg_c' for CMake config files
[0.898s] Level 1:colcon.colcon_core.shell:create_environment_hook('example_pkg_c', 'cmake_prefix_path')
[0.901s] INFO:colcon.colcon_core.shell:Creating environment hook '/home/wrdev/workspace/ros2_ws/install/example_pkg_c/share/example_pkg_c/hook/cmake_prefix_path.ps1'
[0.902s] INFO:colcon.colcon_core.shell:Creating environment descriptor '/home/wrdev/workspace/ros2_ws/install/example_pkg_c/share/example_pkg_c/hook/cmake_prefix_path.dsv'
[0.903s] INFO:colcon.colcon_core.shell:Creating environment hook '/home/wrdev/workspace/ros2_ws/install/example_pkg_c/share/example_pkg_c/hook/cmake_prefix_path.sh'
[0.904s] Level 1:colcon.colcon_core.environment:checking '/home/wrdev/workspace/ros2_ws/install/example_pkg_c/lib'
[0.904s] Level 1:colcon.colcon_core.environment:checking '/home/wrdev/workspace/ros2_ws/install/example_pkg_c/bin'
[0.904s] Level 1:colcon.colcon_core.environment:checking '/home/wrdev/workspace/ros2_ws/install/example_pkg_c/lib/pkgconfig/example_pkg_c.pc'
[0.904s] Level 1:colcon.colcon_core.environment:checking '/home/wrdev/workspace/ros2_ws/install/example_pkg_c/lib/python3.8/site-packages'
[0.905s] Level 1:colcon.colcon_core.environment:checking '/home/wrdev/workspace/ros2_ws/install/example_pkg_c/bin'
[0.908s] INFO:colcon.colcon_core.shell:Creating package script '/home/wrdev/workspace/ros2_ws/install/example_pkg_c/share/example_pkg_c/package.ps1'
[0.909s] INFO:colcon.colcon_core.shell:Creating package descriptor '/home/wrdev/workspace/ros2_ws/install/example_pkg_c/share/example_pkg_c/package.dsv'
[0.909s] INFO:colcon.colcon_core.shell:Creating package script '/home/wrdev/workspace/ros2_ws/install/example_pkg_c/share/example_pkg_c/package.sh'
[0.910s] INFO:colcon.colcon_core.shell:Creating package script '/home/wrdev/workspace/ros2_ws/install/example_pkg_c/share/example_pkg_c/package.bash'
[0.911s] INFO:colcon.colcon_core.shell:Creating package script '/home/wrdev/workspace/ros2_ws/install/example_pkg_c/share/example_pkg_c/package.zsh'
[0.912s] Level 1:colcon.colcon_core.environment:create_file_with_runtime_dependencies(/home/wrdev/workspace/ros2_ws/install/example_pkg_c/share/colcon-core/packages/example_pkg_c)
[0.948s] Level 1:colcon.colcon_core.environment:create_environment_scripts_only(example_pkg_c)
[0.953s] Level 1:colcon.colcon_core.environment:checking '/home/wrdev/workspace/ros2_ws/install/example_pkg_c' for CMake module files
[0.954s] Level 1:colcon.colcon_core.environment:checking '/home/wrdev/workspace/ros2_ws/install/example_pkg_c' for CMake config files
[0.954s] Level 1:colcon.colcon_core.shell:create_environment_hook('example_pkg_c', 'cmake_prefix_path')
[0.957s] INFO:colcon.colcon_core.shell:Creating environment hook '/home/wrdev/workspace/ros2_ws/install/example_pkg_c/share/example_pkg_c/hook/cmake_prefix_path.ps1'
[0.958s] INFO:colcon.colcon_core.shell:Creating environment descriptor '/home/wrdev/workspace/ros2_ws/install/example_pkg_c/share/example_pkg_c/hook/cmake_prefix_path.dsv'
[0.958s] INFO:colcon.colcon_core.shell:Creating environment hook '/home/wrdev/workspace/ros2_ws/install/example_pkg_c/share/example_pkg_c/hook/cmake_prefix_path.sh'
[0.959s] Level 1:colcon.colcon_core.environment:checking '/home/wrdev/workspace/ros2_ws/install/example_pkg_c/lib'
[0.959s] Level 1:colcon.colcon_core.environment:checking '/home/wrdev/workspace/ros2_ws/install/example_pkg_c/bin'
[0.959s] Level 1:colcon.colcon_core.environment:checking '/home/wrdev/workspace/ros2_ws/install/example_pkg_c/lib/pkgconfig/example_pkg_c.pc'
[0.959s] Level 1:colcon.colcon_core.environment:checking '/home/wrdev/workspace/ros2_ws/install/example_pkg_c/lib/python3.8/site-packages'
[0.959s] Level 1:colcon.colcon_core.environment:checking '/home/wrdev/workspace/ros2_ws/install/example_pkg_c/bin'
[0.963s] INFO:colcon.colcon_core.shell:Creating package script '/home/wrdev/workspace/ros2_ws/install/example_pkg_c/share/example_pkg_c/package.ps1'
[0.963s] INFO:colcon.colcon_core.shell:Creating package descriptor '/home/wrdev/workspace/ros2_ws/install/example_pkg_c/share/example_pkg_c/package.dsv'
[0.964s] INFO:colcon.colcon_core.shell:Creating package script '/home/wrdev/workspace/ros2_ws/install/example_pkg_c/share/example_pkg_c/package.sh'
[0.964s] INFO:colcon.colcon_core.shell:Creating package script '/home/wrdev/workspace/ros2_ws/install/example_pkg_c/share/example_pkg_c/package.bash'
[0.965s] INFO:colcon.colcon_core.shell:Creating package script '/home/wrdev/workspace/ros2_ws/install/example_pkg_c/share/example_pkg_c/package.zsh'
[0.965s] Level 1:colcon.colcon_core.environment:create_file_with_runtime_dependencies(/home/wrdev/workspace/ros2_ws/install/example_pkg_c/share/colcon-core/packages/example_pkg_c)
[1.558s] DEBUG:colcon.colcon_core.event_handler.log_command:Invoked command in '/home/wrdev/workspace/ros2_ws/build/rrt_marker_rviz' returned '0': CMAKE_PREFIX_PATH=${CMAKE_PREFIX_PATH}:/opt/ros/galactic /usr/bin/cmake --build /home/wrdev/workspace/ros2_ws/build/rrt_marker_rviz -- -j4 -l4
[1.587s] DEBUG:colcon.colcon_core.event_handler.log_command:Invoking command in '/home/wrdev/workspace/ros2_ws/build/rrt_marker_rviz': CMAKE_PREFIX_PATH=${CMAKE_PREFIX_PATH}:/opt/ros/galactic /usr/bin/cmake --install /home/wrdev/workspace/ros2_ws/build/rrt_marker_rviz
[1.599s] Level 1:colcon.colcon_core.environment:create_environment_scripts_only(rrt_marker_rviz)
[1.605s] Level 1:colcon.colcon_core.environment:checking '/home/wrdev/workspace/ros2_ws/install/rrt_marker_rviz' for CMake module files
[1.606s] DEBUG:colcon.colcon_core.event_handler.log_command:Invoked command in '/home/wrdev/workspace/ros2_ws/build/rrt_marker_rviz' returned '0': CMAKE_PREFIX_PATH=${CMAKE_PREFIX_PATH}:/opt/ros/galactic /usr/bin/cmake --install /home/wrdev/workspace/ros2_ws/build/rrt_marker_rviz
[1.606s] Level 1:colcon.colcon_core.environment:checking '/home/wrdev/workspace/ros2_ws/install/rrt_marker_rviz' for CMake config files
[1.607s] Level 1:colcon.colcon_core.shell:create_environment_hook('rrt_marker_rviz', 'cmake_prefix_path')
[1.610s] INFO:colcon.colcon_core.shell:Creating environment hook '/home/wrdev/workspace/ros2_ws/install/rrt_marker_rviz/share/rrt_marker_rviz/hook/cmake_prefix_path.ps1'
[1.611s] INFO:colcon.colcon_core.shell:Creating environment descriptor '/home/wrdev/workspace/ros2_ws/install/rrt_marker_rviz/share/rrt_marker_rviz/hook/cmake_prefix_path.dsv'
[1.611s] INFO:colcon.colcon_core.shell:Creating environment hook '/home/wrdev/workspace/ros2_ws/install/rrt_marker_rviz/share/rrt_marker_rviz/hook/cmake_prefix_path.sh'
[1.612s] Level 1:colcon.colcon_core.environment:checking '/home/wrdev/workspace/ros2_ws/install/rrt_marker_rviz/lib'
[1.612s] Level 1:colcon.colcon_core.shell:create_environment_hook('rrt_marker_rviz', 'ld_library_path_lib')
[1.621s] INFO:colcon.colcon_core.shell:Creating environment hook '/home/wrdev/workspace/ros2_ws/install/rrt_marker_rviz/share/rrt_marker_rviz/hook/ld_library_path_lib.ps1'
[1.622s] INFO:colcon.colcon_core.shell:Creating environment descriptor '/home/wrdev/workspace/ros2_ws/install/rrt_marker_rviz/share/rrt_marker_rviz/hook/ld_library_path_lib.dsv'
[1.622s] INFO:colcon.colcon_core.shell:Creating environment hook '/home/wrdev/workspace/ros2_ws/install/rrt_marker_rviz/share/rrt_marker_rviz/hook/ld_library_path_lib.sh'
[1.623s] Level 1:colcon.colcon_core.environment:checking '/home/wrdev/workspace/ros2_ws/install/rrt_marker_rviz/bin'
[1.623s] Level 1:colcon.colcon_core.environment:checking '/home/wrdev/workspace/ros2_ws/install/rrt_marker_rviz/lib/pkgconfig/rrt_marker_rviz.pc'
[1.623s] Level 1:colcon.colcon_core.environment:checking '/home/wrdev/workspace/ros2_ws/install/rrt_marker_rviz/lib/python3.8/site-packages'
[1.623s] Level 1:colcon.colcon_core.environment:checking '/home/wrdev/workspace/ros2_ws/install/rrt_marker_rviz/bin'
[1.627s] INFO:colcon.colcon_core.shell:Creating package script '/home/wrdev/workspace/ros2_ws/install/rrt_marker_rviz/share/rrt_marker_rviz/package.ps1'
[1.627s] INFO:colcon.colcon_core.shell:Creating package descriptor '/home/wrdev/workspace/ros2_ws/install/rrt_marker_rviz/share/rrt_marker_rviz/package.dsv'
[1.628s] INFO:colcon.colcon_core.shell:Creating package script '/home/wrdev/workspace/ros2_ws/install/rrt_marker_rviz/share/rrt_marker_rviz/package.sh'
[1.628s] INFO:colcon.colcon_core.shell:Creating package script '/home/wrdev/workspace/ros2_ws/install/rrt_marker_rviz/share/rrt_marker_rviz/package.bash'
[1.628s] INFO:colcon.colcon_core.shell:Creating package script '/home/wrdev/workspace/ros2_ws/install/rrt_marker_rviz/share/rrt_marker_rviz/package.zsh'
[1.629s] Level 1:colcon.colcon_core.environment:create_file_with_runtime_dependencies(/home/wrdev/workspace/ros2_ws/install/rrt_marker_rviz/share/colcon-core/packages/rrt_marker_rviz)
[1.659s] Level 1:colcon.colcon_core.environment:create_environment_scripts_only(rrt_marker_rviz)
[1.664s] Level 1:colcon.colcon_core.environment:checking '/home/wrdev/workspace/ros2_ws/install/rrt_marker_rviz' for CMake module files
[1.665s] Level 1:colcon.colcon_core.environment:checking '/home/wrdev/workspace/ros2_ws/install/rrt_marker_rviz' for CMake config files
[1.665s] Level 1:colcon.colcon_core.shell:create_environment_hook('rrt_marker_rviz', 'cmake_prefix_path')
[1.668s] INFO:colcon.colcon_core.shell:Creating environment hook '/home/wrdev/workspace/ros2_ws/install/rrt_marker_rviz/share/rrt_marker_rviz/hook/cmake_prefix_path.ps1'
[1.669s] INFO:colcon.colcon_core.shell:Creating environment descriptor '/home/wrdev/workspace/ros2_ws/install/rrt_marker_rviz/share/rrt_marker_rviz/hook/cmake_prefix_path.dsv'
[1.669s] INFO:colcon.colcon_core.shell:Creating environment hook '/home/wrdev/workspace/ros2_ws/install/rrt_marker_rviz/share/rrt_marker_rviz/hook/cmake_prefix_path.sh'
[1.670s] Level 1:colcon.colcon_core.environment:checking '/home/wrdev/workspace/ros2_ws/install/rrt_marker_rviz/lib'
[1.670s] Level 1:colcon.colcon_core.shell:create_environment_hook('rrt_marker_rviz', 'ld_library_path_lib')
[1.673s] INFO:colcon.colcon_core.shell:Creating environment hook '/home/wrdev/workspace/ros2_ws/install/rrt_marker_rviz/share/rrt_marker_rviz/hook/ld_library_path_lib.ps1'
[1.673s] INFO:colcon.colcon_core.shell:Creating environment descriptor '/home/wrdev/workspace/ros2_ws/install/rrt_marker_rviz/share/rrt_marker_rviz/hook/ld_library_path_lib.dsv'
[1.674s] INFO:colcon.colcon_core.shell:Creating environment hook '/home/wrdev/workspace/ros2_ws/install/rrt_marker_rviz/share/rrt_marker_rviz/hook/ld_library_path_lib.sh'
[1.674s] Level 1:colcon.colcon_core.environment:checking '/home/wrdev/workspace/ros2_ws/install/rrt_marker_rviz/bin'
[1.674s] Level 1:colcon.colcon_core.environment:checking '/home/wrdev/workspace/ros2_ws/install/rrt_marker_rviz/lib/pkgconfig/rrt_marker_rviz.pc'
[1.675s] Level 1:colcon.colcon_core.environment:checking '/home/wrdev/workspace/ros2_ws/install/rrt_marker_rviz/lib/python3.8/site-packages'
[1.675s] Level 1:colcon.colcon_core.environment:checking '/home/wrdev/workspace/ros2_ws/install/rrt_marker_rviz/bin'
[1.678s] INFO:colcon.colcon_core.shell:Creating package script '/home/wrdev/workspace/ros2_ws/install/rrt_marker_rviz/share/rrt_marker_rviz/package.ps1'
[1.679s] INFO:colcon.colcon_core.shell:Creating package descriptor '/home/wrdev/workspace/ros2_ws/install/rrt_marker_rviz/share/rrt_marker_rviz/package.dsv'
[1.679s] INFO:colcon.colcon_core.shell:Creating package script '/home/wrdev/workspace/ros2_ws/install/rrt_marker_rviz/share/rrt_marker_rviz/package.sh'
[1.680s] INFO:colcon.colcon_core.shell:Creating package script '/home/wrdev/workspace/ros2_ws/install/rrt_marker_rviz/share/rrt_marker_rviz/package.bash'
[1.680s] INFO:colcon.colcon_core.shell:Creating package script '/home/wrdev/workspace/ros2_ws/install/rrt_marker_rviz/share/rrt_marker_rviz/package.zsh'
[1.681s] Level 1:colcon.colcon_core.environment:create_file_with_runtime_dependencies(/home/wrdev/workspace/ros2_ws/install/rrt_marker_rviz/share/colcon-core/packages/rrt_marker_rviz)
[1.681s] DEBUG:colcon.colcon_parallel_executor.executor.parallel:closing loop
[1.681s] DEBUG:colcon.colcon_parallel_executor.executor.parallel:loop closed
[1.682s] DEBUG:colcon.colcon_parallel_executor.executor.parallel:run_until_complete finished with '0'
[1.682s] DEBUG:colcon.colcon_core.event_reactor:joining thread
[1.691s] INFO:colcon.colcon_core.plugin_system:Skipping extension 'colcon_notification.desktop_notification.terminal_notifier': Not used on non-Darwin systems
[1.691s] INFO:colcon.colcon_core.plugin_system:Skipping extension 'colcon_notification.desktop_notification.win32': Not used on non-Windows systems
[1.691s] INFO:colcon.colcon_notification.desktop_notification:Sending desktop notification using 'notify2'
[1.707s] DEBUG:colcon.colcon_core.event_reactor:joined thread
[1.711s] INFO:colcon.colcon_core.shell:Creating prefix script '/home/wrdev/workspace/ros2_ws/install/local_setup.ps1'
[1.712s] INFO:colcon.colcon_core.shell:Creating prefix util module '/home/wrdev/workspace/ros2_ws/install/_local_setup_util_ps1.py'
[1.713s] INFO:colcon.colcon_core.shell:Creating prefix chain script '/home/wrdev/workspace/ros2_ws/install/setup.ps1'
[1.715s] INFO:colcon.colcon_core.shell:Creating prefix script '/home/wrdev/workspace/ros2_ws/install/local_setup.sh'
[1.715s] INFO:colcon.colcon_core.shell:Creating prefix util module '/home/wrdev/workspace/ros2_ws/install/_local_setup_util_sh.py'
[1.716s] INFO:colcon.colcon_core.shell:Creating prefix chain script '/home/wrdev/workspace/ros2_ws/install/setup.sh'
[1.718s] INFO:colcon.colcon_core.shell:Creating prefix script '/home/wrdev/workspace/ros2_ws/install/local_setup.bash'
[1.718s] INFO:colcon.colcon_core.shell:Creating prefix chain script '/home/wrdev/workspace/ros2_ws/install/setup.bash'
[1.720s] INFO:colcon.colcon_core.shell:Creating prefix script '/home/wrdev/workspace/ros2_ws/install/local_setup.zsh'
[1.721s] INFO:colcon.colcon_core.shell:Creating prefix chain script '/home/wrdev/workspace/ros2_ws/install/setup.zsh'
