[0.019s] Invoking command in '/home/wrdev/workspace/ros2_ws/build/example_pkg_c': CMAKE_PREFIX_PATH=${CMAKE_PREFIX_PATH}:/opt/ros/galactic /usr/bin/cmake /home/wrdev/workspace/ros2_ws/src/example_pkg_c -DCMAKE_INSTALL_PREFIX=/home/wrdev/workspace/ros2_ws/install/example_pkg_c
[0.079s] -- The C compiler identification is GNU 9.4.0
[0.141s] -- The CXX compiler identification is GNU 9.4.0
[0.151s] -- Detecting C compiler ABI info
[0.210s] -- Detecting C compiler ABI info - done
[0.220s] -- Check for working C compiler: /usr/bin/cc - skipped
[0.220s] -- Detecting C compile features
[0.220s] -- Detecting C compile features - done
[0.224s] -- Detecting CXX compiler ABI info
[0.295s] -- Detecting CXX compiler ABI info - done
[0.304s] -- Check for working CXX compiler: /usr/bin/c++ - skipped
[0.304s] -- Detecting CXX compile features
[0.305s] -- Detecting CXX compile features - done
[0.307s] -- Found ament_cmake: 1.1.6 (/opt/ros/galactic/share/ament_cmake/cmake)
[0.333s] -- Found PythonInterp: /usr/bin/python3 (found suitable version "3.8.10", minimum required is "3") 
[0.333s] -- Using PYTHON_EXECUTABLE: /usr/bin/python3
[0.417s] -- Found rclcpp: 9.2.2 (/opt/ros/galactic/share/rclcpp/cmake)
[0.465s] -- Using all available rosidl_typesupport_c: rosidl_typesupport_fastrtps_c;rosidl_typesupport_introspection_c
[0.472s] -- Found rosidl_adapter: 2.2.3 (/opt/ros/galactic/share/rosidl_adapter/cmake)
[0.561s] -- Found OpenSSL: /usr/lib/x86_64-linux-gnu/libcrypto.so (found version "1.1.1f")  
[0.593s] -- Found FastRTPS: /opt/ros/galactic/include  
[0.672s] -- Using all available rosidl_typesupport_cpp: rosidl_typesupport_fastrtps_cpp;rosidl_typesupport_introspection_cpp
[0.724s] -- Found rmw_implementation_cmake: 3.3.1 (/opt/ros/galactic/share/rmw_implementation_cmake/cmake)
[0.727s] -- Found rmw_cyclonedds_cpp: 0.22.6 (/opt/ros/galactic/share/rmw_cyclonedds_cpp/cmake)
[0.744s] -- Using RMW implementation 'rmw_cyclonedds_cpp' as default
[0.745s] -- Performing Test CMAKE_HAVE_LIBC_PTHREAD
[0.813s] -- Performing Test CMAKE_HAVE_LIBC_PTHREAD - Failed
[0.813s] -- Looking for pthread_create in pthreads
[0.864s] -- Looking for pthread_create in pthreads - not found
[0.864s] -- Looking for pthread_create in pthread
[0.926s] -- Looking for pthread_create in pthread - found
[0.927s] -- Found Threads: TRUE  
[1.058s] -- Found visualization_msgs: 2.2.4 (/opt/ros/galactic/share/visualization_msgs/cmake)
[1.163s] -- Found OpenCV: /usr (found version "4.2.0") 
[1.226s] -- Configuring done
[1.240s] [0mCMake Error: INSTALL(EXPORT) given unknown export "example_pkg_c"[0m
[1.241s] -- Generating done
[1.242s] [0mCMake Generate step failed.  Build files cannot be regenerated correctly.[0m
[1.252s] Invoked command in '/home/wrdev/workspace/ros2_ws/build/example_pkg_c' returned '1': CMAKE_PREFIX_PATH=${CMAKE_PREFIX_PATH}:/opt/ros/galactic /usr/bin/cmake /home/wrdev/workspace/ros2_ws/src/example_pkg_c -DCMAKE_INSTALL_PREFIX=/home/wrdev/workspace/ros2_ws/install/example_pkg_c
