[0.020s] Invoking command in '/home/wrdev/workspace/ros2_ws/build/example_pkg_c': CMAKE_PREFIX_PATH=/opt/ros/galactic /usr/bin/cmake --build /home/wrdev/workspace/ros2_ws/build/example_pkg_c -- -j4 -l4
[0.036s] -- Found ament_cmake: 1.1.6 (/opt/ros/galactic/share/ament_cmake/cmake)
[0.058s] -- Using PYTHON_EXECUTABLE: /usr/bin/python3
[0.118s] -- Found rclcpp: 9.2.2 (/opt/ros/galactic/share/rclcpp/cmake)
[0.153s] -- Using all available rosidl_typesupport_c: rosidl_typesupport_fastrtps_c;rosidl_typesupport_introspection_c
[0.156s] -- Found rosidl_adapter: 2.2.3 (/opt/ros/galactic/share/rosidl_adapter/cmake)
[0.280s] -- Using all available rosidl_typesupport_cpp: rosidl_typesupport_fastrtps_cpp;rosidl_typesupport_introspection_cpp
[0.324s] -- Found rmw_implementation_cmake: 3.3.1 (/opt/ros/galactic/share/rmw_implementation_cmake/cmake)
[0.326s] -- Found rmw_cyclonedds_cpp: 0.22.6 (/opt/ros/galactic/share/rmw_cyclonedds_cpp/cmake)
[0.341s] -- Using RMW implementation 'rmw_cyclonedds_cpp' as default
[0.459s] -- Found visualization_msgs: 2.2.4 (/opt/ros/galactic/share/visualization_msgs/cmake)
[0.616s] -- Configuring done
[0.626s] -- Generating done
[0.628s] -- Build files have been written to: /home/wrdev/workspace/ros2_ws/build/example_pkg_c
[0.648s] [ 50%] [32mBuilding CXX object CMakeFiles/ros2_example.dir/src/example.cpp.o[0m
[0.775s] [01m[K/home/wrdev/workspace/ros2_ws/src/example_pkg_c/src/example.cpp:6:10:[m[K [01;31m[Kfatal error: [m[Kvisualization_msgs/Marker.h: No such file or directory
[0.776s]     6 | #include [01;31m[K<visualization_msgs/Marker.h>[m[K
[0.776s]       |          [01;31m[K^~~~~~~~~~~~~~~~~~~~~~~~~~~~~[m[K
[0.776s] compilation terminated.
[0.780s] make[2]: *** [CMakeFiles/ros2_example.dir/build.make:76: CMakeFiles/ros2_example.dir/src/example.cpp.o] Error 1
[0.780s] make[1]: *** [CMakeFiles/Makefile2:137: CMakeFiles/ros2_example.dir/all] Error 2
[0.780s] make: *** [Makefile:146: all] Error 2
[0.783s] Invoked command in '/home/wrdev/workspace/ros2_ws/build/example_pkg_c' returned '2': CMAKE_PREFIX_PATH=/opt/ros/galactic /usr/bin/cmake --build /home/wrdev/workspace/ros2_ws/build/example_pkg_c -- -j4 -l4
