[0.444s] DEBUG:colcon:Command line arguments: ['/usr/bin/colcon', 'build']
[0.444s] DEBUG:colcon:Parsed command line arguments: Namespace(allow_overriding=[], ament_cmake_args=None, base_paths=['.'], build_base='build', catkin_cmake_args=None, catkin_skip_building_tests=False, cmake_args=None, cmake_clean_cache=False, cmake_clean_first=False, cmake_force_configure=False, cmake_target=None, cmake_target_skip_unavailable=False, continue_on_error=False, event_handlers=None, executor='parallel', ignore_user_meta=False, install_base='install', log_base=None, log_level=None, main=<bound method BuildVerb.main of <colcon_core.verb.build.BuildVerb object at 0x7f34f68d9340>>, merge_install=False, metas=['./colcon.meta'], mixin=None, mixin_files=None, mixin_verb=('build',), packages_above=None, packages_above_and_dependencies=None, packages_above_depth=None, packages_end=None, packages_ignore=None, packages_ignore_regex=None, packages_select=None, packages_select_build_failed=False, packages_select_by_dep=None, packages_select_regex=None, packages_select_test_failures=False, packages_skip=None, packages_skip_build_finished=False, packages_skip_by_dep=None, packages_skip_regex=None, packages_skip_test_passed=False, packages_skip_up_to=None, packages_start=None, packages_up_to=None, packages_up_to_regex=None, parallel_workers=4, paths=None, symlink_install=False, test_result_base=None, verb_extension=<colcon_core.verb.build.BuildVerb object at 0x7f34f68d9340>, verb_name='build', verb_parser=<colcon_mixin.mixin.mixin_argument.MixinArgumentDecorator object at 0x7f34f67db280>)
[0.502s] Level 1:colcon.colcon_core.package_discovery:discover_packages(colcon_meta) check parameters
[0.502s] Level 1:colcon.colcon_core.package_discovery:discover_packages(recursive) check parameters
[0.502s] Level 1:colcon.colcon_core.package_discovery:discover_packages(ignore) check parameters
[0.502s] Level 1:colcon.colcon_core.package_discovery:discover_packages(path) check parameters
[0.502s] Level 1:colcon.colcon_core.package_discovery:discover_packages(colcon_meta) discover
[0.502s] Level 1:colcon.colcon_core.package_discovery:discover_packages(recursive) discover
[0.502s] INFO:colcon.colcon_core.package_discovery:Crawling recursively for packages in '/home/wrdev/workspace/ros2_ws'
[0.503s] Level 1:colcon.colcon_core.package_identification:_identify(.) by extensions ['ignore', 'ignore_ament_install']
[0.503s] Level 1:colcon.colcon_core.package_identification:_identify(.) by extension 'ignore'
[0.503s] Level 1:colcon.colcon_core.package_identification:_identify(.) by extension 'ignore_ament_install'
[0.503s] Level 1:colcon.colcon_core.package_identification:_identify(.) by extensions ['colcon_pkg']
[0.503s] Level 1:colcon.colcon_core.package_identification:_identify(.) by extension 'colcon_pkg'
[0.503s] Level 1:colcon.colcon_core.package_identification:_identify(.) by extensions ['colcon_meta']
[0.503s] Level 1:colcon.colcon_core.package_identification:_identify(.) by extension 'colcon_meta'
[0.503s] Level 1:colcon.colcon_core.package_identification:_identify(.) by extensions ['ros']
[0.503s] Level 1:colcon.colcon_core.package_identification:_identify(.) by extension 'ros'
[0.517s] Level 1:colcon.colcon_core.package_identification:_identify(.) by extensions ['cmake', 'python']
[0.517s] Level 1:colcon.colcon_core.package_identification:_identify(.) by extension 'cmake'
[0.517s] Level 1:colcon.colcon_core.package_identification:_identify(.) by extension 'python'
[0.517s] Level 1:colcon.colcon_core.package_identification:_identify(.) by extensions ['python_setup_py']
[0.517s] Level 1:colcon.colcon_core.package_identification:_identify(.) by extension 'python_setup_py'
[0.518s] Level 1:colcon.colcon_core.package_identification:_identify(build) by extensions ['ignore', 'ignore_ament_install']
[0.518s] Level 1:colcon.colcon_core.package_identification:_identify(build) by extension 'ignore'
[0.518s] Level 1:colcon.colcon_core.package_identification:_identify(build) ignored
[0.518s] Level 1:colcon.colcon_core.package_identification:_identify(install) by extensions ['ignore', 'ignore_ament_install']
[0.518s] Level 1:colcon.colcon_core.package_identification:_identify(install) by extension 'ignore'
[0.518s] Level 1:colcon.colcon_core.package_identification:_identify(install) ignored
[0.518s] Level 1:colcon.colcon_core.package_identification:_identify(log) by extensions ['ignore', 'ignore_ament_install']
[0.518s] Level 1:colcon.colcon_core.package_identification:_identify(log) by extension 'ignore'
[0.519s] Level 1:colcon.colcon_core.package_identification:_identify(log) ignored
[0.519s] Level 1:colcon.colcon_core.package_identification:_identify(src) by extensions ['ignore', 'ignore_ament_install']
[0.519s] Level 1:colcon.colcon_core.package_identification:_identify(src) by extension 'ignore'
[0.519s] Level 1:colcon.colcon_core.package_identification:_identify(src) by extension 'ignore_ament_install'
[0.519s] Level 1:colcon.colcon_core.package_identification:_identify(src) by extensions ['colcon_pkg']
[0.519s] Level 1:colcon.colcon_core.package_identification:_identify(src) by extension 'colcon_pkg'
[0.519s] Level 1:colcon.colcon_core.package_identification:_identify(src) by extensions ['colcon_meta']
[0.519s] Level 1:colcon.colcon_core.package_identification:_identify(src) by extension 'colcon_meta'
[0.519s] Level 1:colcon.colcon_core.package_identification:_identify(src) by extensions ['ros']
[0.519s] Level 1:colcon.colcon_core.package_identification:_identify(src) by extension 'ros'
[0.519s] Level 1:colcon.colcon_core.package_identification:_identify(src) by extensions ['cmake', 'python']
[0.519s] Level 1:colcon.colcon_core.package_identification:_identify(src) by extension 'cmake'
[0.519s] Level 1:colcon.colcon_core.package_identification:_identify(src) by extension 'python'
[0.519s] Level 1:colcon.colcon_core.package_identification:_identify(src) by extensions ['python_setup_py']
[0.519s] Level 1:colcon.colcon_core.package_identification:_identify(src) by extension 'python_setup_py'
[0.519s] Level 1:colcon.colcon_core.package_identification:_identify(src/example_pkg_c) by extensions ['ignore', 'ignore_ament_install']
[0.519s] Level 1:colcon.colcon_core.package_identification:_identify(src/example_pkg_c) by extension 'ignore'
[0.519s] Level 1:colcon.colcon_core.package_identification:_identify(src/example_pkg_c) by extension 'ignore_ament_install'
[0.520s] Level 1:colcon.colcon_core.package_identification:_identify(src/example_pkg_c) by extensions ['colcon_pkg']
[0.520s] Level 1:colcon.colcon_core.package_identification:_identify(src/example_pkg_c) by extension 'colcon_pkg'
[0.520s] Level 1:colcon.colcon_core.package_identification:_identify(src/example_pkg_c) by extensions ['colcon_meta']
[0.520s] Level 1:colcon.colcon_core.package_identification:_identify(src/example_pkg_c) by extension 'colcon_meta'
[0.520s] Level 1:colcon.colcon_core.package_identification:_identify(src/example_pkg_c) by extensions ['ros']
[0.520s] Level 1:colcon.colcon_core.package_identification:_identify(src/example_pkg_c) by extension 'ros'
[0.522s] DEBUG:colcon.colcon_core.package_identification:Package 'src/example_pkg_c' with type 'ros.ament_cmake' and name 'example_pkg_c'
[0.522s] Level 1:colcon.colcon_core.package_discovery:discover_packages(recursive) using defaults
[0.522s] Level 1:colcon.colcon_core.package_discovery:discover_packages(ignore) discover
[0.522s] Level 1:colcon.colcon_core.package_discovery:discover_packages(ignore) using defaults
[0.522s] Level 1:colcon.colcon_core.package_discovery:discover_packages(path) discover
[0.522s] Level 1:colcon.colcon_core.package_discovery:discover_packages(path) using defaults
[0.549s] Level 1:colcon.colcon_core.package_discovery:discover_packages(prefix_path) check parameters
[0.549s] Level 1:colcon.colcon_core.package_discovery:discover_packages(prefix_path) discover
[0.553s] DEBUG:colcon.colcon_installed_package_information.package_discovery:Found 274 installed packages in /opt/ros/galactic
[0.555s] Level 1:colcon.colcon_core.package_discovery:discover_packages(prefix_path) using defaults
[0.636s] Level 5:colcon.colcon_core.verb:set package 'example_pkg_c' build argument 'cmake_args' from command line to 'None'
[0.637s] Level 5:colcon.colcon_core.verb:set package 'example_pkg_c' build argument 'cmake_target' from command line to 'None'
[0.637s] Level 5:colcon.colcon_core.verb:set package 'example_pkg_c' build argument 'cmake_target_skip_unavailable' from command line to 'False'
[0.637s] Level 5:colcon.colcon_core.verb:set package 'example_pkg_c' build argument 'cmake_clean_cache' from command line to 'False'
[0.637s] Level 5:colcon.colcon_core.verb:set package 'example_pkg_c' build argument 'cmake_clean_first' from command line to 'False'
[0.637s] Level 5:colcon.colcon_core.verb:set package 'example_pkg_c' build argument 'cmake_force_configure' from command line to 'False'
[0.637s] Level 5:colcon.colcon_core.verb:set package 'example_pkg_c' build argument 'ament_cmake_args' from command line to 'None'
[0.637s] Level 5:colcon.colcon_core.verb:set package 'example_pkg_c' build argument 'catkin_cmake_args' from command line to 'None'
[0.637s] Level 5:colcon.colcon_core.verb:set package 'example_pkg_c' build argument 'catkin_skip_building_tests' from command line to 'False'
[0.637s] DEBUG:colcon.colcon_core.verb:Building package 'example_pkg_c' with the following arguments: {'ament_cmake_args': None, 'build_base': '/home/wrdev/workspace/ros2_ws/build/example_pkg_c', 'catkin_cmake_args': None, 'catkin_skip_building_tests': False, 'cmake_args': None, 'cmake_clean_cache': False, 'cmake_clean_first': False, 'cmake_force_configure': False, 'cmake_target': None, 'cmake_target_skip_unavailable': False, 'install_base': '/home/wrdev/workspace/ros2_ws/install/example_pkg_c', 'merge_install': False, 'path': '/home/wrdev/workspace/ros2_ws/src/example_pkg_c', 'symlink_install': False, 'test_result_base': None}
[0.638s] INFO:colcon.colcon_core.executor:Executing jobs using 'parallel' executor
[0.648s] DEBUG:colcon.colcon_parallel_executor.executor.parallel:run_until_complete
[0.648s] INFO:colcon.colcon_ros.task.ament_cmake.build:Building ROS package in '/home/wrdev/workspace/ros2_ws/src/example_pkg_c' with build type 'ament_cmake'
[0.648s] INFO:colcon.colcon_cmake.task.cmake.build:Building CMake package in '/home/wrdev/workspace/ros2_ws/src/example_pkg_c'
[0.654s] INFO:colcon.colcon_core.plugin_system:Skipping extension 'colcon_core.shell.bat': Not used on non-Windows systems
[0.654s] INFO:colcon.colcon_core.shell:Skip shell extension 'powershell' for command environment: Not usable outside of PowerShell
[0.654s] DEBUG:colcon.colcon_core.shell:Skip shell extension 'dsv' for command environment
[0.670s] DEBUG:colcon.colcon_core.event_handler.log_command:Invoking command in '/home/wrdev/workspace/ros2_ws/build/example_pkg_c': CMAKE_PREFIX_PATH=/opt/ros/galactic /usr/bin/cmake --build /home/wrdev/workspace/ros2_ws/build/example_pkg_c -- -j4 -l4
[4.080s] DEBUG:colcon.colcon_core.event_handler.log_command:Invoked command in '/home/wrdev/workspace/ros2_ws/build/example_pkg_c' returned '0': CMAKE_PREFIX_PATH=/opt/ros/galactic /usr/bin/cmake --build /home/wrdev/workspace/ros2_ws/build/example_pkg_c -- -j4 -l4
[4.115s] DEBUG:colcon.colcon_core.event_handler.log_command:Invoking command in '/home/wrdev/workspace/ros2_ws/build/example_pkg_c': CMAKE_PREFIX_PATH=/opt/ros/galactic /usr/bin/cmake --install /home/wrdev/workspace/ros2_ws/build/example_pkg_c
[4.125s] Level 1:colcon.colcon_core.environment:create_environment_scripts_only(example_pkg_c)
[4.131s] DEBUG:colcon.colcon_core.event_handler.log_command:Invoked command in '/home/wrdev/workspace/ros2_ws/build/example_pkg_c' returned '0': CMAKE_PREFIX_PATH=/opt/ros/galactic /usr/bin/cmake --install /home/wrdev/workspace/ros2_ws/build/example_pkg_c
[4.136s] Level 1:colcon.colcon_core.environment:checking '/home/wrdev/workspace/ros2_ws/install/example_pkg_c' for CMake module files
[4.136s] Level 1:colcon.colcon_core.environment:checking '/home/wrdev/workspace/ros2_ws/install/example_pkg_c' for CMake config files
[4.137s] Level 1:colcon.colcon_core.shell:create_environment_hook('example_pkg_c', 'cmake_prefix_path')
[4.140s] INFO:colcon.colcon_core.shell:Creating environment hook '/home/wrdev/workspace/ros2_ws/install/example_pkg_c/share/example_pkg_c/hook/cmake_prefix_path.ps1'
[4.141s] INFO:colcon.colcon_core.shell:Creating environment descriptor '/home/wrdev/workspace/ros2_ws/install/example_pkg_c/share/example_pkg_c/hook/cmake_prefix_path.dsv'
[4.142s] INFO:colcon.colcon_core.shell:Creating environment hook '/home/wrdev/workspace/ros2_ws/install/example_pkg_c/share/example_pkg_c/hook/cmake_prefix_path.sh'
[4.143s] Level 1:colcon.colcon_core.environment:checking '/home/wrdev/workspace/ros2_ws/install/example_pkg_c/lib'
[4.143s] Level 1:colcon.colcon_core.environment:checking '/home/wrdev/workspace/ros2_ws/install/example_pkg_c/bin'
[4.143s] Level 1:colcon.colcon_core.environment:checking '/home/wrdev/workspace/ros2_ws/install/example_pkg_c/lib/pkgconfig/example_pkg_c.pc'
[4.143s] Level 1:colcon.colcon_core.environment:checking '/home/wrdev/workspace/ros2_ws/install/example_pkg_c/lib/python3.8/site-packages'
[4.143s] Level 1:colcon.colcon_core.environment:checking '/home/wrdev/workspace/ros2_ws/install/example_pkg_c/bin'
[4.147s] INFO:colcon.colcon_core.shell:Creating package script '/home/wrdev/workspace/ros2_ws/install/example_pkg_c/share/example_pkg_c/package.ps1'
[4.149s] INFO:colcon.colcon_core.shell:Creating package descriptor '/home/wrdev/workspace/ros2_ws/install/example_pkg_c/share/example_pkg_c/package.dsv'
[4.149s] INFO:colcon.colcon_core.shell:Creating package script '/home/wrdev/workspace/ros2_ws/install/example_pkg_c/share/example_pkg_c/package.sh'
[4.150s] INFO:colcon.colcon_core.shell:Creating package script '/home/wrdev/workspace/ros2_ws/install/example_pkg_c/share/example_pkg_c/package.bash'
[4.151s] INFO:colcon.colcon_core.shell:Creating package script '/home/wrdev/workspace/ros2_ws/install/example_pkg_c/share/example_pkg_c/package.zsh'
[4.151s] Level 1:colcon.colcon_core.environment:create_file_with_runtime_dependencies(/home/wrdev/workspace/ros2_ws/install/example_pkg_c/share/colcon-core/packages/example_pkg_c)
[4.181s] Level 1:colcon.colcon_core.environment:create_environment_scripts_only(example_pkg_c)
[4.186s] Level 1:colcon.colcon_core.environment:checking '/home/wrdev/workspace/ros2_ws/install/example_pkg_c' for CMake module files
[4.186s] Level 1:colcon.colcon_core.environment:checking '/home/wrdev/workspace/ros2_ws/install/example_pkg_c' for CMake config files
[4.187s] Level 1:colcon.colcon_core.shell:create_environment_hook('example_pkg_c', 'cmake_prefix_path')
[4.190s] INFO:colcon.colcon_core.shell:Creating environment hook '/home/wrdev/workspace/ros2_ws/install/example_pkg_c/share/example_pkg_c/hook/cmake_prefix_path.ps1'
[4.190s] INFO:colcon.colcon_core.shell:Creating environment descriptor '/home/wrdev/workspace/ros2_ws/install/example_pkg_c/share/example_pkg_c/hook/cmake_prefix_path.dsv'
[4.191s] INFO:colcon.colcon_core.shell:Creating environment hook '/home/wrdev/workspace/ros2_ws/install/example_pkg_c/share/example_pkg_c/hook/cmake_prefix_path.sh'
[4.191s] Level 1:colcon.colcon_core.environment:checking '/home/wrdev/workspace/ros2_ws/install/example_pkg_c/lib'
[4.191s] Level 1:colcon.colcon_core.environment:checking '/home/wrdev/workspace/ros2_ws/install/example_pkg_c/bin'
[4.191s] Level 1:colcon.colcon_core.environment:checking '/home/wrdev/workspace/ros2_ws/install/example_pkg_c/lib/pkgconfig/example_pkg_c.pc'
[4.192s] Level 1:colcon.colcon_core.environment:checking '/home/wrdev/workspace/ros2_ws/install/example_pkg_c/lib/python3.8/site-packages'
[4.192s] Level 1:colcon.colcon_core.environment:checking '/home/wrdev/workspace/ros2_ws/install/example_pkg_c/bin'
[4.195s] INFO:colcon.colcon_core.shell:Creating package script '/home/wrdev/workspace/ros2_ws/install/example_pkg_c/share/example_pkg_c/package.ps1'
[4.196s] INFO:colcon.colcon_core.shell:Creating package descriptor '/home/wrdev/workspace/ros2_ws/install/example_pkg_c/share/example_pkg_c/package.dsv'
[4.196s] INFO:colcon.colcon_core.shell:Creating package script '/home/wrdev/workspace/ros2_ws/install/example_pkg_c/share/example_pkg_c/package.sh'
[4.197s] INFO:colcon.colcon_core.shell:Creating package script '/home/wrdev/workspace/ros2_ws/install/example_pkg_c/share/example_pkg_c/package.bash'
[4.197s] INFO:colcon.colcon_core.shell:Creating package script '/home/wrdev/workspace/ros2_ws/install/example_pkg_c/share/example_pkg_c/package.zsh'
[4.198s] Level 1:colcon.colcon_core.environment:create_file_with_runtime_dependencies(/home/wrdev/workspace/ros2_ws/install/example_pkg_c/share/colcon-core/packages/example_pkg_c)
[4.198s] DEBUG:colcon.colcon_parallel_executor.executor.parallel:closing loop
[4.198s] DEBUG:colcon.colcon_parallel_executor.executor.parallel:loop closed
[4.199s] DEBUG:colcon.colcon_parallel_executor.executor.parallel:run_until_complete finished with '0'
[4.199s] DEBUG:colcon.colcon_core.event_reactor:joining thread
[4.207s] INFO:colcon.colcon_core.plugin_system:Skipping extension 'colcon_notification.desktop_notification.terminal_notifier': Not used on non-Darwin systems
[4.207s] INFO:colcon.colcon_core.plugin_system:Skipping extension 'colcon_notification.desktop_notification.win32': Not used on non-Windows systems
[4.207s] INFO:colcon.colcon_notification.desktop_notification:Sending desktop notification using 'notify2'
[4.231s] DEBUG:colcon.colcon_core.event_reactor:joined thread
[4.235s] INFO:colcon.colcon_core.shell:Creating prefix script '/home/wrdev/workspace/ros2_ws/install/local_setup.ps1'
[4.236s] INFO:colcon.colcon_core.shell:Creating prefix util module '/home/wrdev/workspace/ros2_ws/install/_local_setup_util_ps1.py'
[4.237s] INFO:colcon.colcon_core.shell:Creating prefix chain script '/home/wrdev/workspace/ros2_ws/install/setup.ps1'
[4.239s] INFO:colcon.colcon_core.shell:Creating prefix script '/home/wrdev/workspace/ros2_ws/install/local_setup.sh'
[4.239s] INFO:colcon.colcon_core.shell:Creating prefix util module '/home/wrdev/workspace/ros2_ws/install/_local_setup_util_sh.py'
[4.240s] INFO:colcon.colcon_core.shell:Creating prefix chain script '/home/wrdev/workspace/ros2_ws/install/setup.sh'
[4.241s] INFO:colcon.colcon_core.shell:Creating prefix script '/home/wrdev/workspace/ros2_ws/install/local_setup.bash'
[4.242s] INFO:colcon.colcon_core.shell:Creating prefix chain script '/home/wrdev/workspace/ros2_ws/install/setup.bash'
[4.243s] INFO:colcon.colcon_core.shell:Creating prefix script '/home/wrdev/workspace/ros2_ws/install/local_setup.zsh'
[4.244s] INFO:colcon.colcon_core.shell:Creating prefix chain script '/home/wrdev/workspace/ros2_ws/install/setup.zsh'
