-- Found ament_cmake: 1.1.6 (/opt/ros/galactic/share/ament_cmake/cmake)
-- Using PYTHON_EXECUTABLE: /usr/bin/python3
-- Found rclcpp: 9.2.2 (/opt/ros/galactic/share/rclcpp/cmake)
-- Using all available rosidl_typesupport_c: rosidl_typesupport_fastrtps_c;rosidl_typesupport_introspection_c
-- Found rosidl_adapter: 2.2.3 (/opt/ros/galactic/share/rosidl_adapter/cmake)
-- Using all available rosidl_typesupport_cpp: rosidl_typesupport_fastrtps_cpp;rosidl_typesupport_introspection_cpp
-- Found rmw_implementation_cmake: 3.3.1 (/opt/ros/galactic/share/rmw_implementation_cmake/cmake)
-- Found rmw_cyclonedds_cpp: 0.22.6 (/opt/ros/galactic/share/rmw_cyclonedds_cpp/cmake)
-- Using RMW implementation 'rmw_cyclonedds_cpp' as default
-- Found visualization_msgs: 2.2.4 (/opt/ros/galactic/share/visualization_msgs/cmake)
-- Configuring done
-- Generating done
-- Build files have been written to: /home/wrdev/workspace/ros2_ws/build/rrt_marker_rviz
[ 60%] Built target rrt_marker_rviz
[100%] Built target rrt_display
-- Install configuration: ""
-- Up-to-date: /home/wrdev/workspace/ros2_ws/install/rrt_marker_rviz/share/rrt_marker_rviz/environment/library_path.sh
-- Installing: /home/wrdev/workspace/ros2_ws/install/rrt_marker_rviz/share/rrt_marker_rviz/environment/library_path.dsv
-- Up-to-date: /home/wrdev/workspace/ros2_ws/install/rrt_marker_rviz/include
-- Up-to-date: /home/wrdev/workspace/ros2_ws/install/rrt_marker_rviz/include/rrt_marker_rviz
-- Up-to-date: /home/wrdev/workspace/ros2_ws/install/rrt_marker_rviz/include/rrt_marker_rviz/rrt_marker.hpp
-- Installing: /home/wrdev/workspace/ros2_ws/install/rrt_marker_rviz/build/librrt_marker_rviz.so
-- Set runtime path of "/home/wrdev/workspace/ros2_ws/install/rrt_marker_rviz/build/librrt_marker_rviz.so" to ""
-- Up-to-date: /home/wrdev/workspace/ros2_ws/install/rrt_marker_rviz/share/ament_index/resource_index/package_run_dependencies/rrt_marker_rviz
-- Up-to-date: /home/wrdev/workspace/ros2_ws/install/rrt_marker_rviz/share/ament_index/resource_index/parent_prefix_path/rrt_marker_rviz
-- Up-to-date: /home/wrdev/workspace/ros2_ws/install/rrt_marker_rviz/share/rrt_marker_rviz/environment/ament_prefix_path.sh
-- Installing: /home/wrdev/workspace/ros2_ws/install/rrt_marker_rviz/share/rrt_marker_rviz/environment/ament_prefix_path.dsv
-- Up-to-date: /home/wrdev/workspace/ros2_ws/install/rrt_marker_rviz/share/rrt_marker_rviz/environment/path.sh
-- Installing: /home/wrdev/workspace/ros2_ws/install/rrt_marker_rviz/share/rrt_marker_rviz/environment/path.dsv
-- Up-to-date: /home/wrdev/workspace/ros2_ws/install/rrt_marker_rviz/share/rrt_marker_rviz/local_setup.bash
-- Up-to-date: /home/wrdev/workspace/ros2_ws/install/rrt_marker_rviz/share/rrt_marker_rviz/local_setup.sh
-- Up-to-date: /home/wrdev/workspace/ros2_ws/install/rrt_marker_rviz/share/rrt_marker_rviz/local_setup.zsh
-- Installing: /home/wrdev/workspace/ros2_ws/install/rrt_marker_rviz/share/rrt_marker_rviz/local_setup.dsv
-- Installing: /home/wrdev/workspace/ros2_ws/install/rrt_marker_rviz/share/rrt_marker_rviz/package.dsv
-- Up-to-date: /home/wrdev/workspace/ros2_ws/install/rrt_marker_rviz/share/ament_index/resource_index/packages/rrt_marker_rviz
-- Up-to-date: /home/wrdev/workspace/ros2_ws/install/rrt_marker_rviz/share/rrt_marker_rviz/cmake/rrt_marker_rvizExport.cmake
-- Installing: /home/wrdev/workspace/ros2_ws/install/rrt_marker_rviz/share/rrt_marker_rviz/cmake/rrt_marker_rvizExport-noconfig.cmake
-- Up-to-date: /home/wrdev/workspace/ros2_ws/install/rrt_marker_rviz/share/rrt_marker_rviz/cmake/ament_cmake_export_targets-extras.cmake
-- Up-to-date: /home/wrdev/workspace/ros2_ws/install/rrt_marker_rviz/share/rrt_marker_rviz/cmake/ament_cmake_export_dependencies-extras.cmake
-- Up-to-date: /home/wrdev/workspace/ros2_ws/install/rrt_marker_rviz/share/rrt_marker_rviz/cmake/rrt_marker_rvizConfig.cmake
-- Up-to-date: /home/wrdev/workspace/ros2_ws/install/rrt_marker_rviz/share/rrt_marker_rviz/cmake/rrt_marker_rvizConfig-version.cmake
-- Up-to-date: /home/wrdev/workspace/ros2_ws/install/rrt_marker_rviz/share/rrt_marker_rviz/package.xml
