[ 50%] [32mBuilding CXX object CMakeFiles/ros2_example.dir/src/rrt_marker.cpp.o[0m
[01m[K/home/wrdev/workspace/ros2_ws/src/example_pkg_c/src/rrt_marker.cpp:[m[K In member function ‘[01m[Kvoid DisplayRRT::timer_callback()[m[K’:
[01m[K/home/wrdev/workspace/ros2_ws/src/example_pkg_c/src/rrt_marker.cpp:105:16:[m[K [01;35m[Kwarning: [m[Kunused variable ‘[01m[Kcount_[m[K’ [[01;35m[K-Wunused-variable[m[K]
  105 |         size_t [01;35m[Kcount_[m[K;
      |                [01;35m[K^~~~~~[m[K
[100%] [32m[1mLinking CXX executable ros2_example[0m
[100%] Built target ros2_example
-- Install configuration: ""
-- Installing: /home/wrdev/workspace/ros2_ws/install/example_pkg_c/lib/example_pkg_c/ros2_example
-- Set runtime path of "/home/wrdev/workspace/ros2_ws/install/example_pkg_c/lib/example_pkg_c/ros2_example" to ""
-- Up-to-date: /home/wrdev/workspace/ros2_ws/install/example_pkg_c/share/ament_index/resource_index/package_run_dependencies/example_pkg_c
-- Up-to-date: /home/wrdev/workspace/ros2_ws/install/example_pkg_c/share/ament_index/resource_index/parent_prefix_path/example_pkg_c
-- Up-to-date: /home/wrdev/workspace/ros2_ws/install/example_pkg_c/share/example_pkg_c/environment/ament_prefix_path.sh
-- Up-to-date: /home/wrdev/workspace/ros2_ws/install/example_pkg_c/share/example_pkg_c/environment/ament_prefix_path.dsv
-- Up-to-date: /home/wrdev/workspace/ros2_ws/install/example_pkg_c/share/example_pkg_c/environment/path.sh
-- Up-to-date: /home/wrdev/workspace/ros2_ws/install/example_pkg_c/share/example_pkg_c/environment/path.dsv
-- Up-to-date: /home/wrdev/workspace/ros2_ws/install/example_pkg_c/share/example_pkg_c/local_setup.bash
-- Up-to-date: /home/wrdev/workspace/ros2_ws/install/example_pkg_c/share/example_pkg_c/local_setup.sh
-- Up-to-date: /home/wrdev/workspace/ros2_ws/install/example_pkg_c/share/example_pkg_c/local_setup.zsh
-- Up-to-date: /home/wrdev/workspace/ros2_ws/install/example_pkg_c/share/example_pkg_c/local_setup.dsv
-- Installing: /home/wrdev/workspace/ros2_ws/install/example_pkg_c/share/example_pkg_c/package.dsv
-- Up-to-date: /home/wrdev/workspace/ros2_ws/install/example_pkg_c/share/ament_index/resource_index/packages/example_pkg_c
-- Up-to-date: /home/wrdev/workspace/ros2_ws/install/example_pkg_c/share/example_pkg_c/cmake/example_pkg_cConfig.cmake
-- Up-to-date: /home/wrdev/workspace/ros2_ws/install/example_pkg_c/share/example_pkg_c/cmake/example_pkg_cConfig-version.cmake
-- Up-to-date: /home/wrdev/workspace/ros2_ws/install/example_pkg_c/share/example_pkg_c/package.xml
