[0.435s] DEBUG:colcon:Command line arguments: ['/usr/bin/colcon', 'build']
[0.436s] DEBUG:colcon:Parsed command line arguments: Namespace(allow_overriding=[], ament_cmake_args=None, base_paths=['.'], build_base='build', catkin_cmake_args=None, catkin_skip_building_tests=False, cmake_args=None, cmake_clean_cache=False, cmake_clean_first=False, cmake_force_configure=False, cmake_target=None, cmake_target_skip_unavailable=False, continue_on_error=False, event_handlers=None, executor='parallel', ignore_user_meta=False, install_base='install', log_base=None, log_level=None, main=<bound method BuildVerb.main of <colcon_core.verb.build.BuildVerb object at 0x7f8fdd867f40>>, merge_install=False, metas=['./colcon.meta'], mixin=None, mixin_files=None, mixin_verb=('build',), packages_above=None, packages_above_and_dependencies=None, packages_above_depth=None, packages_end=None, packages_ignore=None, packages_ignore_regex=None, packages_select=None, packages_select_build_failed=False, packages_select_by_dep=None, packages_select_regex=None, packages_select_test_failures=False, packages_skip=None, packages_skip_build_finished=False, packages_skip_by_dep=None, packages_skip_regex=None, packages_skip_test_passed=False, packages_skip_up_to=None, packages_start=None, packages_up_to=None, packages_up_to_regex=None, parallel_workers=4, paths=None, symlink_install=False, test_result_base=None, verb_extension=<colcon_core.verb.build.BuildVerb object at 0x7f8fdd867f40>, verb_name='build', verb_parser=<colcon_mixin.mixin.mixin_argument.MixinArgumentDecorator object at 0x7f8fdd06e430>)
[0.494s] Level 1:colcon.colcon_core.package_discovery:discover_packages(colcon_meta) check parameters
[0.494s] Level 1:colcon.colcon_core.package_discovery:discover_packages(recursive) check parameters
[0.494s] Level 1:colcon.colcon_core.package_discovery:discover_packages(ignore) check parameters
[0.494s] Level 1:colcon.colcon_core.package_discovery:discover_packages(path) check parameters
[0.494s] Level 1:colcon.colcon_core.package_discovery:discover_packages(colcon_meta) discover
[0.494s] Level 1:colcon.colcon_core.package_discovery:discover_packages(recursive) discover
[0.494s] INFO:colcon.colcon_core.package_discovery:Crawling recursively for packages in '/home/wrdev/workspace/ros2_ws'
[0.495s] Level 1:colcon.colcon_core.package_identification:_identify(.) by extensions ['ignore', 'ignore_ament_install']
[0.495s] Level 1:colcon.colcon_core.package_identification:_identify(.) by extension 'ignore'
[0.495s] Level 1:colcon.colcon_core.package_identification:_identify(.) by extension 'ignore_ament_install'
[0.495s] Level 1:colcon.colcon_core.package_identification:_identify(.) by extensions ['colcon_pkg']
[0.495s] Level 1:colcon.colcon_core.package_identification:_identify(.) by extension 'colcon_pkg'
[0.495s] Level 1:colcon.colcon_core.package_identification:_identify(.) by extensions ['colcon_meta']
[0.495s] Level 1:colcon.colcon_core.package_identification:_identify(.) by extension 'colcon_meta'
[0.495s] Level 1:colcon.colcon_core.package_identification:_identify(.) by extensions ['ros']
[0.495s] Level 1:colcon.colcon_core.package_identification:_identify(.) by extension 'ros'
[0.509s] Level 1:colcon.colcon_core.package_identification:_identify(.) by extensions ['cmake', 'python']
[0.510s] Level 1:colcon.colcon_core.package_identification:_identify(.) by extension 'cmake'
[0.510s] Level 1:colcon.colcon_core.package_identification:_identify(.) by extension 'python'
[0.510s] Level 1:colcon.colcon_core.package_identification:_identify(.) by extensions ['python_setup_py']
[0.510s] Level 1:colcon.colcon_core.package_identification:_identify(.) by extension 'python_setup_py'
[0.510s] Level 1:colcon.colcon_core.package_identification:_identify(build) by extensions ['ignore', 'ignore_ament_install']
[0.510s] Level 1:colcon.colcon_core.package_identification:_identify(build) by extension 'ignore'
[0.510s] Level 1:colcon.colcon_core.package_identification:_identify(build) ignored
[0.510s] Level 1:colcon.colcon_core.package_identification:_identify(install) by extensions ['ignore', 'ignore_ament_install']
[0.511s] Level 1:colcon.colcon_core.package_identification:_identify(install) by extension 'ignore'
[0.511s] Level 1:colcon.colcon_core.package_identification:_identify(install) ignored
[0.511s] Level 1:colcon.colcon_core.package_identification:_identify(log) by extensions ['ignore', 'ignore_ament_install']
[0.511s] Level 1:colcon.colcon_core.package_identification:_identify(log) by extension 'ignore'
[0.511s] Level 1:colcon.colcon_core.package_identification:_identify(log) ignored
[0.511s] Level 1:colcon.colcon_core.package_identification:_identify(src) by extensions ['ignore', 'ignore_ament_install']
[0.511s] Level 1:colcon.colcon_core.package_identification:_identify(src) by extension 'ignore'
[0.511s] Level 1:colcon.colcon_core.package_identification:_identify(src) by extension 'ignore_ament_install'
[0.511s] Level 1:colcon.colcon_core.package_identification:_identify(src) by extensions ['colcon_pkg']
[0.511s] Level 1:colcon.colcon_core.package_identification:_identify(src) by extension 'colcon_pkg'
[0.511s] Level 1:colcon.colcon_core.package_identification:_identify(src) by extensions ['colcon_meta']
[0.511s] Level 1:colcon.colcon_core.package_identification:_identify(src) by extension 'colcon_meta'
[0.511s] Level 1:colcon.colcon_core.package_identification:_identify(src) by extensions ['ros']
[0.511s] Level 1:colcon.colcon_core.package_identification:_identify(src) by extension 'ros'
[0.511s] Level 1:colcon.colcon_core.package_identification:_identify(src) by extensions ['cmake', 'python']
[0.512s] Level 1:colcon.colcon_core.package_identification:_identify(src) by extension 'cmake'
[0.512s] Level 1:colcon.colcon_core.package_identification:_identify(src) by extension 'python'
[0.512s] Level 1:colcon.colcon_core.package_identification:_identify(src) by extensions ['python_setup_py']
[0.512s] Level 1:colcon.colcon_core.package_identification:_identify(src) by extension 'python_setup_py'
[0.512s] Level 1:colcon.colcon_core.package_identification:_identify(src/example_pkg_c) by extensions ['ignore', 'ignore_ament_install']
[0.512s] Level 1:colcon.colcon_core.package_identification:_identify(src/example_pkg_c) by extension 'ignore'
[0.512s] Level 1:colcon.colcon_core.package_identification:_identify(src/example_pkg_c) by extension 'ignore_ament_install'
[0.512s] Level 1:colcon.colcon_core.package_identification:_identify(src/example_pkg_c) by extensions ['colcon_pkg']
[0.512s] Level 1:colcon.colcon_core.package_identification:_identify(src/example_pkg_c) by extension 'colcon_pkg'
[0.512s] Level 1:colcon.colcon_core.package_identification:_identify(src/example_pkg_c) by extensions ['colcon_meta']
[0.512s] Level 1:colcon.colcon_core.package_identification:_identify(src/example_pkg_c) by extension 'colcon_meta'
[0.512s] Level 1:colcon.colcon_core.package_identification:_identify(src/example_pkg_c) by extensions ['ros']
[0.512s] Level 1:colcon.colcon_core.package_identification:_identify(src/example_pkg_c) by extension 'ros'
[0.515s] DEBUG:colcon.colcon_core.package_identification:Package 'src/example_pkg_c' with type 'ros.ament_cmake' and name 'example_pkg_c'
[0.515s] Level 1:colcon.colcon_core.package_discovery:discover_packages(recursive) using defaults
[0.515s] Level 1:colcon.colcon_core.package_discovery:discover_packages(ignore) discover
[0.515s] Level 1:colcon.colcon_core.package_discovery:discover_packages(ignore) using defaults
[0.515s] Level 1:colcon.colcon_core.package_discovery:discover_packages(path) discover
[0.515s] Level 1:colcon.colcon_core.package_discovery:discover_packages(path) using defaults
[0.543s] Level 1:colcon.colcon_core.package_discovery:discover_packages(prefix_path) check parameters
[0.543s] Level 1:colcon.colcon_core.package_discovery:discover_packages(prefix_path) discover
[0.547s] DEBUG:colcon.colcon_installed_package_information.package_discovery:Found 1 installed packages in /home/wrdev/workspace/ros2_ws/install
[0.550s] DEBUG:colcon.colcon_installed_package_information.package_discovery:Found 274 installed packages in /opt/ros/galactic
[0.552s] Level 1:colcon.colcon_core.package_discovery:discover_packages(prefix_path) using defaults
[0.639s] Level 5:colcon.colcon_core.verb:set package 'example_pkg_c' build argument 'cmake_args' from command line to 'None'
[0.639s] Level 5:colcon.colcon_core.verb:set package 'example_pkg_c' build argument 'cmake_target' from command line to 'None'
[0.639s] Level 5:colcon.colcon_core.verb:set package 'example_pkg_c' build argument 'cmake_target_skip_unavailable' from command line to 'False'
[0.640s] Level 5:colcon.colcon_core.verb:set package 'example_pkg_c' build argument 'cmake_clean_cache' from command line to 'False'
[0.640s] Level 5:colcon.colcon_core.verb:set package 'example_pkg_c' build argument 'cmake_clean_first' from command line to 'False'
[0.640s] Level 5:colcon.colcon_core.verb:set package 'example_pkg_c' build argument 'cmake_force_configure' from command line to 'False'
[0.640s] Level 5:colcon.colcon_core.verb:set package 'example_pkg_c' build argument 'ament_cmake_args' from command line to 'None'
[0.640s] Level 5:colcon.colcon_core.verb:set package 'example_pkg_c' build argument 'catkin_cmake_args' from command line to 'None'
[0.640s] Level 5:colcon.colcon_core.verb:set package 'example_pkg_c' build argument 'catkin_skip_building_tests' from command line to 'False'
[0.640s] DEBUG:colcon.colcon_core.verb:Building package 'example_pkg_c' with the following arguments: {'ament_cmake_args': None, 'build_base': '/home/wrdev/workspace/ros2_ws/build/example_pkg_c', 'catkin_cmake_args': None, 'catkin_skip_building_tests': False, 'cmake_args': None, 'cmake_clean_cache': False, 'cmake_clean_first': False, 'cmake_force_configure': False, 'cmake_target': None, 'cmake_target_skip_unavailable': False, 'install_base': '/home/wrdev/workspace/ros2_ws/install/example_pkg_c', 'merge_install': False, 'path': '/home/wrdev/workspace/ros2_ws/src/example_pkg_c', 'symlink_install': False, 'test_result_base': None}
[0.641s] INFO:colcon.colcon_core.executor:Executing jobs using 'parallel' executor
[0.651s] DEBUG:colcon.colcon_parallel_executor.executor.parallel:run_until_complete
[0.652s] INFO:colcon.colcon_ros.task.ament_cmake.build:Building ROS package in '/home/wrdev/workspace/ros2_ws/src/example_pkg_c' with build type 'ament_cmake'
[0.652s] INFO:colcon.colcon_cmake.task.cmake.build:Building CMake package in '/home/wrdev/workspace/ros2_ws/src/example_pkg_c'
[0.658s] INFO:colcon.colcon_core.plugin_system:Skipping extension 'colcon_core.shell.bat': Not used on non-Windows systems
[0.658s] INFO:colcon.colcon_core.shell:Skip shell extension 'powershell' for command environment: Not usable outside of PowerShell
[0.659s] DEBUG:colcon.colcon_core.shell:Skip shell extension 'dsv' for command environment
[0.676s] DEBUG:colcon.colcon_core.event_handler.log_command:Invoking command in '/home/wrdev/workspace/ros2_ws/build/example_pkg_c': CMAKE_PREFIX_PATH=${CMAKE_PREFIX_PATH}:/opt/ros/galactic /usr/bin/cmake /home/wrdev/workspace/ros2_ws/src/example_pkg_c -DCMAKE_INSTALL_PREFIX=/home/wrdev/workspace/ros2_ws/install/example_pkg_c
[1.339s] DEBUG:colcon.colcon_core.event_handler.log_command:Invoked command in '/home/wrdev/workspace/ros2_ws/build/example_pkg_c' returned '0': CMAKE_PREFIX_PATH=${CMAKE_PREFIX_PATH}:/opt/ros/galactic /usr/bin/cmake /home/wrdev/workspace/ros2_ws/src/example_pkg_c -DCMAKE_INSTALL_PREFIX=/home/wrdev/workspace/ros2_ws/install/example_pkg_c
[1.343s] DEBUG:colcon.colcon_core.event_handler.log_command:Invoking command in '/home/wrdev/workspace/ros2_ws/build/example_pkg_c': CMAKE_PREFIX_PATH=${CMAKE_PREFIX_PATH}:/opt/ros/galactic /usr/bin/cmake --build /home/wrdev/workspace/ros2_ws/build/example_pkg_c -- -j4 -l4
[6.074s] DEBUG:colcon.colcon_core.event_handler.log_command:Invoked command in '/home/wrdev/workspace/ros2_ws/build/example_pkg_c' returned '0': CMAKE_PREFIX_PATH=${CMAKE_PREFIX_PATH}:/opt/ros/galactic /usr/bin/cmake --build /home/wrdev/workspace/ros2_ws/build/example_pkg_c -- -j4 -l4
[6.106s] DEBUG:colcon.colcon_core.event_handler.log_command:Invoking command in '/home/wrdev/workspace/ros2_ws/build/example_pkg_c': CMAKE_PREFIX_PATH=${CMAKE_PREFIX_PATH}:/opt/ros/galactic /usr/bin/cmake --install /home/wrdev/workspace/ros2_ws/build/example_pkg_c
[6.114s] Level 1:colcon.colcon_core.environment:create_environment_scripts_only(example_pkg_c)
[6.114s] DEBUG:colcon.colcon_core.event_handler.log_command:Invoked command in '/home/wrdev/workspace/ros2_ws/build/example_pkg_c' returned '0': CMAKE_PREFIX_PATH=${CMAKE_PREFIX_PATH}:/opt/ros/galactic /usr/bin/cmake --install /home/wrdev/workspace/ros2_ws/build/example_pkg_c
[6.124s] Level 1:colcon.colcon_core.environment:checking '/home/wrdev/workspace/ros2_ws/install/example_pkg_c' for CMake module files
[6.124s] Level 1:colcon.colcon_core.environment:checking '/home/wrdev/workspace/ros2_ws/install/example_pkg_c' for CMake config files
[6.124s] Level 1:colcon.colcon_core.shell:create_environment_hook('example_pkg_c', 'cmake_prefix_path')
[6.128s] INFO:colcon.colcon_core.shell:Creating environment hook '/home/wrdev/workspace/ros2_ws/install/example_pkg_c/share/example_pkg_c/hook/cmake_prefix_path.ps1'
[6.128s] INFO:colcon.colcon_core.shell:Creating environment descriptor '/home/wrdev/workspace/ros2_ws/install/example_pkg_c/share/example_pkg_c/hook/cmake_prefix_path.dsv'
[6.129s] INFO:colcon.colcon_core.shell:Creating environment hook '/home/wrdev/workspace/ros2_ws/install/example_pkg_c/share/example_pkg_c/hook/cmake_prefix_path.sh'
[6.130s] Level 1:colcon.colcon_core.environment:checking '/home/wrdev/workspace/ros2_ws/install/example_pkg_c/lib'
[6.130s] Level 1:colcon.colcon_core.environment:checking '/home/wrdev/workspace/ros2_ws/install/example_pkg_c/bin'
[6.130s] Level 1:colcon.colcon_core.environment:checking '/home/wrdev/workspace/ros2_ws/install/example_pkg_c/lib/pkgconfig/example_pkg_c.pc'
[6.130s] Level 1:colcon.colcon_core.environment:checking '/home/wrdev/workspace/ros2_ws/install/example_pkg_c/lib/python3.8/site-packages'
[6.130s] Level 1:colcon.colcon_core.environment:checking '/home/wrdev/workspace/ros2_ws/install/example_pkg_c/bin'
[6.134s] INFO:colcon.colcon_core.shell:Creating package script '/home/wrdev/workspace/ros2_ws/install/example_pkg_c/share/example_pkg_c/package.ps1'
[6.134s] INFO:colcon.colcon_core.shell:Creating package descriptor '/home/wrdev/workspace/ros2_ws/install/example_pkg_c/share/example_pkg_c/package.dsv'
[6.135s] INFO:colcon.colcon_core.shell:Creating package script '/home/wrdev/workspace/ros2_ws/install/example_pkg_c/share/example_pkg_c/package.sh'
[6.136s] INFO:colcon.colcon_core.shell:Creating package script '/home/wrdev/workspace/ros2_ws/install/example_pkg_c/share/example_pkg_c/package.bash'
[6.136s] INFO:colcon.colcon_core.shell:Creating package script '/home/wrdev/workspace/ros2_ws/install/example_pkg_c/share/example_pkg_c/package.zsh'
[6.137s] Level 1:colcon.colcon_core.environment:create_file_with_runtime_dependencies(/home/wrdev/workspace/ros2_ws/install/example_pkg_c/share/colcon-core/packages/example_pkg_c)
[6.163s] Level 1:colcon.colcon_core.environment:create_environment_scripts_only(example_pkg_c)
[6.168s] Level 1:colcon.colcon_core.environment:checking '/home/wrdev/workspace/ros2_ws/install/example_pkg_c' for CMake module files
[6.169s] Level 1:colcon.colcon_core.environment:checking '/home/wrdev/workspace/ros2_ws/install/example_pkg_c' for CMake config files
[6.170s] Level 1:colcon.colcon_core.shell:create_environment_hook('example_pkg_c', 'cmake_prefix_path')
[6.173s] INFO:colcon.colcon_core.shell:Creating environment hook '/home/wrdev/workspace/ros2_ws/install/example_pkg_c/share/example_pkg_c/hook/cmake_prefix_path.ps1'
[6.173s] INFO:colcon.colcon_core.shell:Creating environment descriptor '/home/wrdev/workspace/ros2_ws/install/example_pkg_c/share/example_pkg_c/hook/cmake_prefix_path.dsv'
[6.174s] INFO:colcon.colcon_core.shell:Creating environment hook '/home/wrdev/workspace/ros2_ws/install/example_pkg_c/share/example_pkg_c/hook/cmake_prefix_path.sh'
[6.174s] Level 1:colcon.colcon_core.environment:checking '/home/wrdev/workspace/ros2_ws/install/example_pkg_c/lib'
[6.174s] Level 1:colcon.colcon_core.environment:checking '/home/wrdev/workspace/ros2_ws/install/example_pkg_c/bin'
[6.174s] Level 1:colcon.colcon_core.environment:checking '/home/wrdev/workspace/ros2_ws/install/example_pkg_c/lib/pkgconfig/example_pkg_c.pc'
[6.175s] Level 1:colcon.colcon_core.environment:checking '/home/wrdev/workspace/ros2_ws/install/example_pkg_c/lib/python3.8/site-packages'
[6.175s] Level 1:colcon.colcon_core.environment:checking '/home/wrdev/workspace/ros2_ws/install/example_pkg_c/bin'
[6.178s] INFO:colcon.colcon_core.shell:Creating package script '/home/wrdev/workspace/ros2_ws/install/example_pkg_c/share/example_pkg_c/package.ps1'
[6.179s] INFO:colcon.colcon_core.shell:Creating package descriptor '/home/wrdev/workspace/ros2_ws/install/example_pkg_c/share/example_pkg_c/package.dsv'
[6.179s] INFO:colcon.colcon_core.shell:Creating package script '/home/wrdev/workspace/ros2_ws/install/example_pkg_c/share/example_pkg_c/package.sh'
[6.180s] INFO:colcon.colcon_core.shell:Creating package script '/home/wrdev/workspace/ros2_ws/install/example_pkg_c/share/example_pkg_c/package.bash'
[6.180s] INFO:colcon.colcon_core.shell:Creating package script '/home/wrdev/workspace/ros2_ws/install/example_pkg_c/share/example_pkg_c/package.zsh'
[6.180s] Level 1:colcon.colcon_core.environment:create_file_with_runtime_dependencies(/home/wrdev/workspace/ros2_ws/install/example_pkg_c/share/colcon-core/packages/example_pkg_c)
[6.181s] DEBUG:colcon.colcon_parallel_executor.executor.parallel:closing loop
[6.181s] DEBUG:colcon.colcon_parallel_executor.executor.parallel:loop closed
[6.181s] DEBUG:colcon.colcon_parallel_executor.executor.parallel:run_until_complete finished with '0'
[6.182s] DEBUG:colcon.colcon_core.event_reactor:joining thread
[6.190s] INFO:colcon.colcon_core.plugin_system:Skipping extension 'colcon_notification.desktop_notification.terminal_notifier': Not used on non-Darwin systems
[6.190s] INFO:colcon.colcon_core.plugin_system:Skipping extension 'colcon_notification.desktop_notification.win32': Not used on non-Windows systems
[6.190s] INFO:colcon.colcon_notification.desktop_notification:Sending desktop notification using 'notify2'
[6.205s] DEBUG:colcon.colcon_core.event_reactor:joined thread
[6.208s] INFO:colcon.colcon_core.shell:Creating prefix script '/home/wrdev/workspace/ros2_ws/install/local_setup.ps1'
[6.209s] INFO:colcon.colcon_core.shell:Creating prefix util module '/home/wrdev/workspace/ros2_ws/install/_local_setup_util_ps1.py'
[6.210s] INFO:colcon.colcon_core.shell:Creating prefix chain script '/home/wrdev/workspace/ros2_ws/install/setup.ps1'
[6.212s] INFO:colcon.colcon_core.shell:Creating prefix script '/home/wrdev/workspace/ros2_ws/install/local_setup.sh'
[6.213s] INFO:colcon.colcon_core.shell:Creating prefix util module '/home/wrdev/workspace/ros2_ws/install/_local_setup_util_sh.py'
[6.213s] INFO:colcon.colcon_core.shell:Creating prefix chain script '/home/wrdev/workspace/ros2_ws/install/setup.sh'
[6.215s] INFO:colcon.colcon_core.shell:Creating prefix script '/home/wrdev/workspace/ros2_ws/install/local_setup.bash'
[6.215s] INFO:colcon.colcon_core.shell:Creating prefix chain script '/home/wrdev/workspace/ros2_ws/install/setup.bash'
[6.217s] INFO:colcon.colcon_core.shell:Creating prefix script '/home/wrdev/workspace/ros2_ws/install/local_setup.zsh'
[6.217s] INFO:colcon.colcon_core.shell:Creating prefix chain script '/home/wrdev/workspace/ros2_ws/install/setup.zsh'
