Performing C SOURCE FILE Test CMAKE_HAVE_LIBC_PTHREAD failed with the following output:
Change Dir: /home/wrdev/workspace/ros2_ws/build/rrt_marker_rviz/CMakeFiles/CMakeScratch/TryCompile-vBQD0X

Run Build Command(s):/usr/bin/make -f Makefile cmTC_dc37f/fast && /usr/bin/make  -f CMakeFiles/cmTC_dc37f.dir/build.make CMakeFiles/cmTC_dc37f.dir/build
make[1]: Entering directory '/home/wrdev/workspace/ros2_ws/build/rrt_marker_rviz/CMakeFiles/CMakeScratch/TryCompile-vBQD0X'
Building C object CMakeFiles/cmTC_dc37f.dir/src.c.o
/usr/bin/cc -DCMAKE_HAVE_LIBC_PTHREAD   -o CMakeFiles/cmTC_dc37f.dir/src.c.o -c /home/wrdev/workspace/ros2_ws/build/rrt_marker_rviz/CMakeFiles/CMakeScratch/TryCompile-vBQD0X/src.c
Linking C executable cmTC_dc37f
/usr/bin/cmake -E cmake_link_script CMakeFiles/cmTC_dc37f.dir/link.txt --verbose=1
/usr/bin/cc CMakeFiles/cmTC_dc37f.dir/src.c.o -o cmTC_dc37f 
/usr/bin/ld: CMakeFiles/cmTC_dc37f.dir/src.c.o: in function `main':
src.c:(.text+0x46): undefined reference to `pthread_create'
/usr/bin/ld: src.c:(.text+0x52): undefined reference to `pthread_detach'
/usr/bin/ld: src.c:(.text+0x5e): undefined reference to `pthread_cancel'
/usr/bin/ld: src.c:(.text+0x6f): undefined reference to `pthread_join'
collect2: error: ld returned 1 exit status
make[1]: *** [CMakeFiles/cmTC_dc37f.dir/build.make:99: cmTC_dc37f] Error 1
make[1]: Leaving directory '/home/wrdev/workspace/ros2_ws/build/rrt_marker_rviz/CMakeFiles/CMakeScratch/TryCompile-vBQD0X'
make: *** [Makefile:127: cmTC_dc37f/fast] Error 2


Source file was:
#include <pthread.h>

static void* test_func(void* data)
{
  return data;
}

int main(void)
{
  pthread_t thread;
  pthread_create(&thread, NULL, test_func, NULL);
  pthread_detach(thread);
  pthread_cancel(thread);
  pthread_join(thread, NULL);
  pthread_atfork(NULL, NULL, NULL);
  pthread_exit(NULL);

  return 0;
}


Determining if the function pthread_create exists in the pthreads failed with the following output:
Change Dir: /home/wrdev/workspace/ros2_ws/build/rrt_marker_rviz/CMakeFiles/CMakeScratch/TryCompile-VwFmAY

Run Build Command(s):/usr/bin/make -f Makefile cmTC_cf392/fast && /usr/bin/make  -f CMakeFiles/cmTC_cf392.dir/build.make CMakeFiles/cmTC_cf392.dir/build
make[1]: Entering directory '/home/wrdev/workspace/ros2_ws/build/rrt_marker_rviz/CMakeFiles/CMakeScratch/TryCompile-VwFmAY'
Building C object CMakeFiles/cmTC_cf392.dir/CheckFunctionExists.c.o
/usr/bin/cc   -DCHECK_FUNCTION_EXISTS=pthread_create -o CMakeFiles/cmTC_cf392.dir/CheckFunctionExists.c.o -c /home/wrdev/workspace/ros2_ws/build/rrt_marker_rviz/CMakeFiles/CMakeScratch/TryCompile-VwFmAY/CheckFunctionExists.c
Linking C executable cmTC_cf392
/usr/bin/cmake -E cmake_link_script CMakeFiles/cmTC_cf392.dir/link.txt --verbose=1
/usr/bin/cc  -DCHECK_FUNCTION_EXISTS=pthread_create CMakeFiles/cmTC_cf392.dir/CheckFunctionExists.c.o -o cmTC_cf392  -lpthreads 
/usr/bin/ld: cannot find -lpthreads
collect2: error: ld returned 1 exit status
make[1]: *** [CMakeFiles/cmTC_cf392.dir/build.make:99: cmTC_cf392] Error 1
make[1]: Leaving directory '/home/wrdev/workspace/ros2_ws/build/rrt_marker_rviz/CMakeFiles/CMakeScratch/TryCompile-VwFmAY'
make: *** [Makefile:127: cmTC_cf392/fast] Error 2



