[0.448s] DEBUG:colcon:Command line arguments: ['/usr/bin/colcon', 'build']
[0.448s] DEBUG:colcon:Parsed command line arguments: Namespace(allow_overriding=[], ament_cmake_args=None, base_paths=['.'], build_base='build', catkin_cmake_args=None, catkin_skip_building_tests=False, cmake_args=None, cmake_clean_cache=False, cmake_clean_first=False, cmake_force_configure=False, cmake_target=None, cmake_target_skip_unavailable=False, continue_on_error=False, event_handlers=None, executor='parallel', ignore_user_meta=False, install_base='install', log_base=None, log_level=None, main=<bound method BuildVerb.main of <colcon_core.verb.build.BuildVerb object at 0x7f1cdacd5e20>>, merge_install=False, metas=['./colcon.meta'], mixin=None, mixin_files=None, mixin_verb=('build',), packages_above=None, packages_above_and_dependencies=None, packages_above_depth=None, packages_end=None, packages_ignore=None, packages_ignore_regex=None, packages_select=None, packages_select_build_failed=False, packages_select_by_dep=None, packages_select_regex=None, packages_select_test_failures=False, packages_skip=None, packages_skip_build_finished=False, packages_skip_by_dep=None, packages_skip_regex=None, packages_skip_test_passed=False, packages_skip_up_to=None, packages_start=None, packages_up_to=None, packages_up_to_regex=None, parallel_workers=4, paths=None, symlink_install=False, test_result_base=None, verb_extension=<colcon_core.verb.build.BuildVerb object at 0x7f1cdacd5e20>, verb_name='build', verb_parser=<colcon_mixin.mixin.mixin_argument.MixinArgumentDecorator object at 0x7f1cdabd2fa0>)
[0.506s] Level 1:colcon.colcon_core.package_discovery:discover_packages(colcon_meta) check parameters
[0.506s] Level 1:colcon.colcon_core.package_discovery:discover_packages(recursive) check parameters
[0.506s] Level 1:colcon.colcon_core.package_discovery:discover_packages(ignore) check parameters
[0.506s] Level 1:colcon.colcon_core.package_discovery:discover_packages(path) check parameters
[0.506s] Level 1:colcon.colcon_core.package_discovery:discover_packages(colcon_meta) discover
[0.506s] Level 1:colcon.colcon_core.package_discovery:discover_packages(recursive) discover
[0.506s] INFO:colcon.colcon_core.package_discovery:Crawling recursively for packages in '/home/wrdev/workspace/ros2_ws/build/example_pkg_c'
[0.506s] Level 1:colcon.colcon_core.package_identification:_identify(.) by extensions ['ignore', 'ignore_ament_install']
[0.506s] Level 1:colcon.colcon_core.package_identification:_identify(.) by extension 'ignore'
[0.506s] Level 1:colcon.colcon_core.package_identification:_identify(.) by extension 'ignore_ament_install'
[0.507s] Level 1:colcon.colcon_core.package_identification:_identify(.) by extensions ['colcon_pkg']
[0.507s] Level 1:colcon.colcon_core.package_identification:_identify(.) by extension 'colcon_pkg'
[0.507s] Level 1:colcon.colcon_core.package_identification:_identify(.) by extensions ['colcon_meta']
[0.507s] Level 1:colcon.colcon_core.package_identification:_identify(.) by extension 'colcon_meta'
[0.507s] Level 1:colcon.colcon_core.package_identification:_identify(.) by extensions ['ros']
[0.507s] Level 1:colcon.colcon_core.package_identification:_identify(.) by extension 'ros'
[0.521s] Level 1:colcon.colcon_core.package_identification:_identify(.) by extensions ['cmake', 'python']
[0.521s] Level 1:colcon.colcon_core.package_identification:_identify(.) by extension 'cmake'
[0.521s] Level 1:colcon.colcon_core.package_identification:_identify(.) by extension 'python'
[0.521s] Level 1:colcon.colcon_core.package_identification:_identify(.) by extensions ['python_setup_py']
[0.521s] Level 1:colcon.colcon_core.package_identification:_identify(.) by extension 'python_setup_py'
[0.522s] Level 1:colcon.colcon_core.package_identification:_identify(CMakeFiles) by extensions ['ignore', 'ignore_ament_install']
[0.522s] Level 1:colcon.colcon_core.package_identification:_identify(CMakeFiles) by extension 'ignore'
[0.522s] Level 1:colcon.colcon_core.package_identification:_identify(CMakeFiles) by extension 'ignore_ament_install'
[0.522s] Level 1:colcon.colcon_core.package_identification:_identify(CMakeFiles) by extensions ['colcon_pkg']
[0.522s] Level 1:colcon.colcon_core.package_identification:_identify(CMakeFiles) by extension 'colcon_pkg'
[0.522s] Level 1:colcon.colcon_core.package_identification:_identify(CMakeFiles) by extensions ['colcon_meta']
[0.522s] Level 1:colcon.colcon_core.package_identification:_identify(CMakeFiles) by extension 'colcon_meta'
[0.522s] Level 1:colcon.colcon_core.package_identification:_identify(CMakeFiles) by extensions ['ros']
[0.522s] Level 1:colcon.colcon_core.package_identification:_identify(CMakeFiles) by extension 'ros'
[0.522s] Level 1:colcon.colcon_core.package_identification:_identify(CMakeFiles) by extensions ['cmake', 'python']
[0.522s] Level 1:colcon.colcon_core.package_identification:_identify(CMakeFiles) by extension 'cmake'
[0.522s] Level 1:colcon.colcon_core.package_identification:_identify(CMakeFiles) by extension 'python'
[0.522s] Level 1:colcon.colcon_core.package_identification:_identify(CMakeFiles) by extensions ['python_setup_py']
[0.522s] Level 1:colcon.colcon_core.package_identification:_identify(CMakeFiles) by extension 'python_setup_py'
[0.522s] Level 1:colcon.colcon_core.package_identification:_identify(CMakeFiles/3.25.1) by extensions ['ignore', 'ignore_ament_install']
[0.522s] Level 1:colcon.colcon_core.package_identification:_identify(CMakeFiles/3.25.1) by extension 'ignore'
[0.523s] Level 1:colcon.colcon_core.package_identification:_identify(CMakeFiles/3.25.1) by extension 'ignore_ament_install'
[0.523s] Level 1:colcon.colcon_core.package_identification:_identify(CMakeFiles/3.25.1) by extensions ['colcon_pkg']
[0.523s] Level 1:colcon.colcon_core.package_identification:_identify(CMakeFiles/3.25.1) by extension 'colcon_pkg'
[0.523s] Level 1:colcon.colcon_core.package_identification:_identify(CMakeFiles/3.25.1) by extensions ['colcon_meta']
[0.523s] Level 1:colcon.colcon_core.package_identification:_identify(CMakeFiles/3.25.1) by extension 'colcon_meta'
[0.523s] Level 1:colcon.colcon_core.package_identification:_identify(CMakeFiles/3.25.1) by extensions ['ros']
[0.523s] Level 1:colcon.colcon_core.package_identification:_identify(CMakeFiles/3.25.1) by extension 'ros'
[0.523s] Level 1:colcon.colcon_core.package_identification:_identify(CMakeFiles/3.25.1) by extensions ['cmake', 'python']
[0.523s] Level 1:colcon.colcon_core.package_identification:_identify(CMakeFiles/3.25.1) by extension 'cmake'
[0.523s] Level 1:colcon.colcon_core.package_identification:_identify(CMakeFiles/3.25.1) by extension 'python'
[0.523s] Level 1:colcon.colcon_core.package_identification:_identify(CMakeFiles/3.25.1) by extensions ['python_setup_py']
[0.523s] Level 1:colcon.colcon_core.package_identification:_identify(CMakeFiles/3.25.1) by extension 'python_setup_py'
[0.523s] Level 1:colcon.colcon_core.package_identification:_identify(CMakeFiles/3.25.1/CompilerIdC) by extensions ['ignore', 'ignore_ament_install']
[0.523s] Level 1:colcon.colcon_core.package_identification:_identify(CMakeFiles/3.25.1/CompilerIdC) by extension 'ignore'
[0.523s] Level 1:colcon.colcon_core.package_identification:_identify(CMakeFiles/3.25.1/CompilerIdC) by extension 'ignore_ament_install'
[0.523s] Level 1:colcon.colcon_core.package_identification:_identify(CMakeFiles/3.25.1/CompilerIdC) by extensions ['colcon_pkg']
[0.523s] Level 1:colcon.colcon_core.package_identification:_identify(CMakeFiles/3.25.1/CompilerIdC) by extension 'colcon_pkg'
[0.524s] Level 1:colcon.colcon_core.package_identification:_identify(CMakeFiles/3.25.1/CompilerIdC) by extensions ['colcon_meta']
[0.524s] Level 1:colcon.colcon_core.package_identification:_identify(CMakeFiles/3.25.1/CompilerIdC) by extension 'colcon_meta'
[0.524s] Level 1:colcon.colcon_core.package_identification:_identify(CMakeFiles/3.25.1/CompilerIdC) by extensions ['ros']
[0.524s] Level 1:colcon.colcon_core.package_identification:_identify(CMakeFiles/3.25.1/CompilerIdC) by extension 'ros'
[0.524s] Level 1:colcon.colcon_core.package_identification:_identify(CMakeFiles/3.25.1/CompilerIdC) by extensions ['cmake', 'python']
[0.524s] Level 1:colcon.colcon_core.package_identification:_identify(CMakeFiles/3.25.1/CompilerIdC) by extension 'cmake'
[0.524s] Level 1:colcon.colcon_core.package_identification:_identify(CMakeFiles/3.25.1/CompilerIdC) by extension 'python'
[0.524s] Level 1:colcon.colcon_core.package_identification:_identify(CMakeFiles/3.25.1/CompilerIdC) by extensions ['python_setup_py']
[0.524s] Level 1:colcon.colcon_core.package_identification:_identify(CMakeFiles/3.25.1/CompilerIdC) by extension 'python_setup_py'
[0.524s] Level 1:colcon.colcon_core.package_identification:_identify(CMakeFiles/3.25.1/CompilerIdC/tmp) by extensions ['ignore', 'ignore_ament_install']
[0.524s] Level 1:colcon.colcon_core.package_identification:_identify(CMakeFiles/3.25.1/CompilerIdC/tmp) by extension 'ignore'
[0.524s] Level 1:colcon.colcon_core.package_identification:_identify(CMakeFiles/3.25.1/CompilerIdC/tmp) by extension 'ignore_ament_install'
[0.524s] Level 1:colcon.colcon_core.package_identification:_identify(CMakeFiles/3.25.1/CompilerIdC/tmp) by extensions ['colcon_pkg']
[0.524s] Level 1:colcon.colcon_core.package_identification:_identify(CMakeFiles/3.25.1/CompilerIdC/tmp) by extension 'colcon_pkg'
[0.524s] Level 1:colcon.colcon_core.package_identification:_identify(CMakeFiles/3.25.1/CompilerIdC/tmp) by extensions ['colcon_meta']
[0.524s] Level 1:colcon.colcon_core.package_identification:_identify(CMakeFiles/3.25.1/CompilerIdC/tmp) by extension 'colcon_meta'
[0.524s] Level 1:colcon.colcon_core.package_identification:_identify(CMakeFiles/3.25.1/CompilerIdC/tmp) by extensions ['ros']
[0.524s] Level 1:colcon.colcon_core.package_identification:_identify(CMakeFiles/3.25.1/CompilerIdC/tmp) by extension 'ros'
[0.525s] Level 1:colcon.colcon_core.package_identification:_identify(CMakeFiles/3.25.1/CompilerIdC/tmp) by extensions ['cmake', 'python']
[0.525s] Level 1:colcon.colcon_core.package_identification:_identify(CMakeFiles/3.25.1/CompilerIdC/tmp) by extension 'cmake'
[0.525s] Level 1:colcon.colcon_core.package_identification:_identify(CMakeFiles/3.25.1/CompilerIdC/tmp) by extension 'python'
[0.525s] Level 1:colcon.colcon_core.package_identification:_identify(CMakeFiles/3.25.1/CompilerIdC/tmp) by extensions ['python_setup_py']
[0.525s] Level 1:colcon.colcon_core.package_identification:_identify(CMakeFiles/3.25.1/CompilerIdC/tmp) by extension 'python_setup_py'
[0.525s] Level 1:colcon.colcon_core.package_identification:_identify(CMakeFiles/3.25.1/CompilerIdCXX) by extensions ['ignore', 'ignore_ament_install']
[0.525s] Level 1:colcon.colcon_core.package_identification:_identify(CMakeFiles/3.25.1/CompilerIdCXX) by extension 'ignore'
[0.525s] Level 1:colcon.colcon_core.package_identification:_identify(CMakeFiles/3.25.1/CompilerIdCXX) by extension 'ignore_ament_install'
[0.525s] Level 1:colcon.colcon_core.package_identification:_identify(CMakeFiles/3.25.1/CompilerIdCXX) by extensions ['colcon_pkg']
[0.525s] Level 1:colcon.colcon_core.package_identification:_identify(CMakeFiles/3.25.1/CompilerIdCXX) by extension 'colcon_pkg'
[0.525s] Level 1:colcon.colcon_core.package_identification:_identify(CMakeFiles/3.25.1/CompilerIdCXX) by extensions ['colcon_meta']
[0.525s] Level 1:colcon.colcon_core.package_identification:_identify(CMakeFiles/3.25.1/CompilerIdCXX) by extension 'colcon_meta'
[0.525s] Level 1:colcon.colcon_core.package_identification:_identify(CMakeFiles/3.25.1/CompilerIdCXX) by extensions ['ros']
[0.525s] Level 1:colcon.colcon_core.package_identification:_identify(CMakeFiles/3.25.1/CompilerIdCXX) by extension 'ros'
[0.525s] Level 1:colcon.colcon_core.package_identification:_identify(CMakeFiles/3.25.1/CompilerIdCXX) by extensions ['cmake', 'python']
[0.525s] Level 1:colcon.colcon_core.package_identification:_identify(CMakeFiles/3.25.1/CompilerIdCXX) by extension 'cmake'
[0.525s] Level 1:colcon.colcon_core.package_identification:_identify(CMakeFiles/3.25.1/CompilerIdCXX) by extension 'python'
[0.525s] Level 1:colcon.colcon_core.package_identification:_identify(CMakeFiles/3.25.1/CompilerIdCXX) by extensions ['python_setup_py']
[0.526s] Level 1:colcon.colcon_core.package_identification:_identify(CMakeFiles/3.25.1/CompilerIdCXX) by extension 'python_setup_py'
[0.526s] Level 1:colcon.colcon_core.package_identification:_identify(CMakeFiles/3.25.1/CompilerIdCXX/tmp) by extensions ['ignore', 'ignore_ament_install']
[0.526s] Level 1:colcon.colcon_core.package_identification:_identify(CMakeFiles/3.25.1/CompilerIdCXX/tmp) by extension 'ignore'
[0.526s] Level 1:colcon.colcon_core.package_identification:_identify(CMakeFiles/3.25.1/CompilerIdCXX/tmp) by extension 'ignore_ament_install'
[0.526s] Level 1:colcon.colcon_core.package_identification:_identify(CMakeFiles/3.25.1/CompilerIdCXX/tmp) by extensions ['colcon_pkg']
[0.526s] Level 1:colcon.colcon_core.package_identification:_identify(CMakeFiles/3.25.1/CompilerIdCXX/tmp) by extension 'colcon_pkg'
[0.526s] Level 1:colcon.colcon_core.package_identification:_identify(CMakeFiles/3.25.1/CompilerIdCXX/tmp) by extensions ['colcon_meta']
[0.526s] Level 1:colcon.colcon_core.package_identification:_identify(CMakeFiles/3.25.1/CompilerIdCXX/tmp) by extension 'colcon_meta'
[0.526s] Level 1:colcon.colcon_core.package_identification:_identify(CMakeFiles/3.25.1/CompilerIdCXX/tmp) by extensions ['ros']
[0.526s] Level 1:colcon.colcon_core.package_identification:_identify(CMakeFiles/3.25.1/CompilerIdCXX/tmp) by extension 'ros'
[0.526s] Level 1:colcon.colcon_core.package_identification:_identify(CMakeFiles/3.25.1/CompilerIdCXX/tmp) by extensions ['cmake', 'python']
[0.526s] Level 1:colcon.colcon_core.package_identification:_identify(CMakeFiles/3.25.1/CompilerIdCXX/tmp) by extension 'cmake'
[0.526s] Level 1:colcon.colcon_core.package_identification:_identify(CMakeFiles/3.25.1/CompilerIdCXX/tmp) by extension 'python'
[0.526s] Level 1:colcon.colcon_core.package_identification:_identify(CMakeFiles/3.25.1/CompilerIdCXX/tmp) by extensions ['python_setup_py']
[0.526s] Level 1:colcon.colcon_core.package_identification:_identify(CMakeFiles/3.25.1/CompilerIdCXX/tmp) by extension 'python_setup_py'
[0.526s] Level 1:colcon.colcon_core.package_identification:_identify(CMakeFiles/Export) by extensions ['ignore', 'ignore_ament_install']
[0.527s] Level 1:colcon.colcon_core.package_identification:_identify(CMakeFiles/Export) by extension 'ignore'
[0.527s] Level 1:colcon.colcon_core.package_identification:_identify(CMakeFiles/Export) by extension 'ignore_ament_install'
[0.527s] Level 1:colcon.colcon_core.package_identification:_identify(CMakeFiles/Export) by extensions ['colcon_pkg']
[0.527s] Level 1:colcon.colcon_core.package_identification:_identify(CMakeFiles/Export) by extension 'colcon_pkg'
[0.527s] Level 1:colcon.colcon_core.package_identification:_identify(CMakeFiles/Export) by extensions ['colcon_meta']
[0.527s] Level 1:colcon.colcon_core.package_identification:_identify(CMakeFiles/Export) by extension 'colcon_meta'
[0.527s] Level 1:colcon.colcon_core.package_identification:_identify(CMakeFiles/Export) by extensions ['ros']
[0.527s] Level 1:colcon.colcon_core.package_identification:_identify(CMakeFiles/Export) by extension 'ros'
[0.527s] Level 1:colcon.colcon_core.package_identification:_identify(CMakeFiles/Export) by extensions ['cmake', 'python']
[0.527s] Level 1:colcon.colcon_core.package_identification:_identify(CMakeFiles/Export) by extension 'cmake'
[0.527s] Level 1:colcon.colcon_core.package_identification:_identify(CMakeFiles/Export) by extension 'python'
[0.527s] Level 1:colcon.colcon_core.package_identification:_identify(CMakeFiles/Export) by extensions ['python_setup_py']
[0.527s] Level 1:colcon.colcon_core.package_identification:_identify(CMakeFiles/Export) by extension 'python_setup_py'
[0.527s] Level 1:colcon.colcon_core.package_identification:_identify(CMakeFiles/Export/52e825b5c454f9344866928b34395b62) by extensions ['ignore', 'ignore_ament_install']
[0.527s] Level 1:colcon.colcon_core.package_identification:_identify(CMakeFiles/Export/52e825b5c454f9344866928b34395b62) by extension 'ignore'
[0.527s] Level 1:colcon.colcon_core.package_identification:_identify(CMakeFiles/Export/52e825b5c454f9344866928b34395b62) by extension 'ignore_ament_install'
[0.527s] Level 1:colcon.colcon_core.package_identification:_identify(CMakeFiles/Export/52e825b5c454f9344866928b34395b62) by extensions ['colcon_pkg']
[0.527s] Level 1:colcon.colcon_core.package_identification:_identify(CMakeFiles/Export/52e825b5c454f9344866928b34395b62) by extension 'colcon_pkg'
[0.527s] Level 1:colcon.colcon_core.package_identification:_identify(CMakeFiles/Export/52e825b5c454f9344866928b34395b62) by extensions ['colcon_meta']
[0.527s] Level 1:colcon.colcon_core.package_identification:_identify(CMakeFiles/Export/52e825b5c454f9344866928b34395b62) by extension 'colcon_meta'
[0.528s] Level 1:colcon.colcon_core.package_identification:_identify(CMakeFiles/Export/52e825b5c454f9344866928b34395b62) by extensions ['ros']
[0.528s] Level 1:colcon.colcon_core.package_identification:_identify(CMakeFiles/Export/52e825b5c454f9344866928b34395b62) by extension 'ros'
[0.528s] Level 1:colcon.colcon_core.package_identification:_identify(CMakeFiles/Export/52e825b5c454f9344866928b34395b62) by extensions ['cmake', 'python']
[0.528s] Level 1:colcon.colcon_core.package_identification:_identify(CMakeFiles/Export/52e825b5c454f9344866928b34395b62) by extension 'cmake'
[0.528s] Level 1:colcon.colcon_core.package_identification:_identify(CMakeFiles/Export/52e825b5c454f9344866928b34395b62) by extension 'python'
[0.528s] Level 1:colcon.colcon_core.package_identification:_identify(CMakeFiles/Export/52e825b5c454f9344866928b34395b62) by extensions ['python_setup_py']
[0.528s] Level 1:colcon.colcon_core.package_identification:_identify(CMakeFiles/Export/52e825b5c454f9344866928b34395b62) by extension 'python_setup_py'
[0.528s] Level 1:colcon.colcon_core.package_identification:_identify(CMakeFiles/example_pkg_c.dir) by extensions ['ignore', 'ignore_ament_install']
[0.528s] Level 1:colcon.colcon_core.package_identification:_identify(CMakeFiles/example_pkg_c.dir) by extension 'ignore'
[0.528s] Level 1:colcon.colcon_core.package_identification:_identify(CMakeFiles/example_pkg_c.dir) by extension 'ignore_ament_install'
[0.528s] Level 1:colcon.colcon_core.package_identification:_identify(CMakeFiles/example_pkg_c.dir) by extensions ['colcon_pkg']
[0.528s] Level 1:colcon.colcon_core.package_identification:_identify(CMakeFiles/example_pkg_c.dir) by extension 'colcon_pkg'
[0.528s] Level 1:colcon.colcon_core.package_identification:_identify(CMakeFiles/example_pkg_c.dir) by extensions ['colcon_meta']
[0.528s] Level 1:colcon.colcon_core.package_identification:_identify(CMakeFiles/example_pkg_c.dir) by extension 'colcon_meta'
[0.528s] Level 1:colcon.colcon_core.package_identification:_identify(CMakeFiles/example_pkg_c.dir) by extensions ['ros']
[0.528s] Level 1:colcon.colcon_core.package_identification:_identify(CMakeFiles/example_pkg_c.dir) by extension 'ros'
[0.529s] Level 1:colcon.colcon_core.package_identification:_identify(CMakeFiles/example_pkg_c.dir) by extensions ['cmake', 'python']
[0.529s] Level 1:colcon.colcon_core.package_identification:_identify(CMakeFiles/example_pkg_c.dir) by extension 'cmake'
[0.529s] Level 1:colcon.colcon_core.package_identification:_identify(CMakeFiles/example_pkg_c.dir) by extension 'python'
[0.529s] Level 1:colcon.colcon_core.package_identification:_identify(CMakeFiles/example_pkg_c.dir) by extensions ['python_setup_py']
[0.529s] Level 1:colcon.colcon_core.package_identification:_identify(CMakeFiles/example_pkg_c.dir) by extension 'python_setup_py'
[0.529s] Level 1:colcon.colcon_core.package_identification:_identify(CMakeFiles/example_pkg_c.dir/src) by extensions ['ignore', 'ignore_ament_install']
[0.529s] Level 1:colcon.colcon_core.package_identification:_identify(CMakeFiles/example_pkg_c.dir/src) by extension 'ignore'
[0.529s] Level 1:colcon.colcon_core.package_identification:_identify(CMakeFiles/example_pkg_c.dir/src) by extension 'ignore_ament_install'
[0.529s] Level 1:colcon.colcon_core.package_identification:_identify(CMakeFiles/example_pkg_c.dir/src) by extensions ['colcon_pkg']
[0.529s] Level 1:colcon.colcon_core.package_identification:_identify(CMakeFiles/example_pkg_c.dir/src) by extension 'colcon_pkg'
[0.529s] Level 1:colcon.colcon_core.package_identification:_identify(CMakeFiles/example_pkg_c.dir/src) by extensions ['colcon_meta']
[0.529s] Level 1:colcon.colcon_core.package_identification:_identify(CMakeFiles/example_pkg_c.dir/src) by extension 'colcon_meta'
[0.529s] Level 1:colcon.colcon_core.package_identification:_identify(CMakeFiles/example_pkg_c.dir/src) by extensions ['ros']
[0.529s] Level 1:colcon.colcon_core.package_identification:_identify(CMakeFiles/example_pkg_c.dir/src) by extension 'ros'
[0.529s] Level 1:colcon.colcon_core.package_identification:_identify(CMakeFiles/example_pkg_c.dir/src) by extensions ['cmake', 'python']
[0.530s] Level 1:colcon.colcon_core.package_identification:_identify(CMakeFiles/example_pkg_c.dir/src) by extension 'cmake'
[0.530s] Level 1:colcon.colcon_core.package_identification:_identify(CMakeFiles/example_pkg_c.dir/src) by extension 'python'
[0.530s] Level 1:colcon.colcon_core.package_identification:_identify(CMakeFiles/example_pkg_c.dir/src) by extensions ['python_setup_py']
[0.530s] Level 1:colcon.colcon_core.package_identification:_identify(CMakeFiles/example_pkg_c.dir/src) by extension 'python_setup_py'
[0.530s] Level 1:colcon.colcon_core.package_identification:_identify(CMakeFiles/example_pkg_c.dir/test) by extensions ['ignore', 'ignore_ament_install']
[0.530s] Level 1:colcon.colcon_core.package_identification:_identify(CMakeFiles/example_pkg_c.dir/test) by extension 'ignore'
[0.530s] Level 1:colcon.colcon_core.package_identification:_identify(CMakeFiles/example_pkg_c.dir/test) by extension 'ignore_ament_install'
[0.530s] Level 1:colcon.colcon_core.package_identification:_identify(CMakeFiles/example_pkg_c.dir/test) by extensions ['colcon_pkg']
[0.530s] Level 1:colcon.colcon_core.package_identification:_identify(CMakeFiles/example_pkg_c.dir/test) by extension 'colcon_pkg'
[0.530s] Level 1:colcon.colcon_core.package_identification:_identify(CMakeFiles/example_pkg_c.dir/test) by extensions ['colcon_meta']
[0.530s] Level 1:colcon.colcon_core.package_identification:_identify(CMakeFiles/example_pkg_c.dir/test) by extension 'colcon_meta'
[0.530s] Level 1:colcon.colcon_core.package_identification:_identify(CMakeFiles/example_pkg_c.dir/test) by extensions ['ros']
[0.530s] Level 1:colcon.colcon_core.package_identification:_identify(CMakeFiles/example_pkg_c.dir/test) by extension 'ros'
[0.530s] Level 1:colcon.colcon_core.package_identification:_identify(CMakeFiles/example_pkg_c.dir/test) by extensions ['cmake', 'python']
[0.530s] Level 1:colcon.colcon_core.package_identification:_identify(CMakeFiles/example_pkg_c.dir/test) by extension 'cmake'
[0.530s] Level 1:colcon.colcon_core.package_identification:_identify(CMakeFiles/example_pkg_c.dir/test) by extension 'python'
[0.530s] Level 1:colcon.colcon_core.package_identification:_identify(CMakeFiles/example_pkg_c.dir/test) by extensions ['python_setup_py']
[0.530s] Level 1:colcon.colcon_core.package_identification:_identify(CMakeFiles/example_pkg_c.dir/test) by extension 'python_setup_py'
[0.531s] Level 1:colcon.colcon_core.package_identification:_identify(CMakeFiles/example_pkg_c_uninstall.dir) by extensions ['ignore', 'ignore_ament_install']
[0.531s] Level 1:colcon.colcon_core.package_identification:_identify(CMakeFiles/example_pkg_c_uninstall.dir) by extension 'ignore'
[0.531s] Level 1:colcon.colcon_core.package_identification:_identify(CMakeFiles/example_pkg_c_uninstall.dir) by extension 'ignore_ament_install'
[0.531s] Level 1:colcon.colcon_core.package_identification:_identify(CMakeFiles/example_pkg_c_uninstall.dir) by extensions ['colcon_pkg']
[0.531s] Level 1:colcon.colcon_core.package_identification:_identify(CMakeFiles/example_pkg_c_uninstall.dir) by extension 'colcon_pkg'
[0.531s] Level 1:colcon.colcon_core.package_identification:_identify(CMakeFiles/example_pkg_c_uninstall.dir) by extensions ['colcon_meta']
[0.531s] Level 1:colcon.colcon_core.package_identification:_identify(CMakeFiles/example_pkg_c_uninstall.dir) by extension 'colcon_meta'
[0.531s] Level 1:colcon.colcon_core.package_identification:_identify(CMakeFiles/example_pkg_c_uninstall.dir) by extensions ['ros']
[0.531s] Level 1:colcon.colcon_core.package_identification:_identify(CMakeFiles/example_pkg_c_uninstall.dir) by extension 'ros'
[0.531s] Level 1:colcon.colcon_core.package_identification:_identify(CMakeFiles/example_pkg_c_uninstall.dir) by extensions ['cmake', 'python']
[0.531s] Level 1:colcon.colcon_core.package_identification:_identify(CMakeFiles/example_pkg_c_uninstall.dir) by extension 'cmake'
[0.531s] Level 1:colcon.colcon_core.package_identification:_identify(CMakeFiles/example_pkg_c_uninstall.dir) by extension 'python'
[0.531s] Level 1:colcon.colcon_core.package_identification:_identify(CMakeFiles/example_pkg_c_uninstall.dir) by extensions ['python_setup_py']
[0.531s] Level 1:colcon.colcon_core.package_identification:_identify(CMakeFiles/example_pkg_c_uninstall.dir) by extension 'python_setup_py'
[0.531s] Level 1:colcon.colcon_core.package_identification:_identify(CMakeFiles/pkgRedirects) by extensions ['ignore', 'ignore_ament_install']
[0.532s] Level 1:colcon.colcon_core.package_identification:_identify(CMakeFiles/pkgRedirects) by extension 'ignore'
[0.532s] Level 1:colcon.colcon_core.package_identification:_identify(CMakeFiles/pkgRedirects) by extension 'ignore_ament_install'
[0.532s] Level 1:colcon.colcon_core.package_identification:_identify(CMakeFiles/pkgRedirects) by extensions ['colcon_pkg']
[0.532s] Level 1:colcon.colcon_core.package_identification:_identify(CMakeFiles/pkgRedirects) by extension 'colcon_pkg'
[0.532s] Level 1:colcon.colcon_core.package_identification:_identify(CMakeFiles/pkgRedirects) by extensions ['colcon_meta']
[0.532s] Level 1:colcon.colcon_core.package_identification:_identify(CMakeFiles/pkgRedirects) by extension 'colcon_meta'
[0.532s] Level 1:colcon.colcon_core.package_identification:_identify(CMakeFiles/pkgRedirects) by extensions ['ros']
[0.532s] Level 1:colcon.colcon_core.package_identification:_identify(CMakeFiles/pkgRedirects) by extension 'ros'
[0.532s] Level 1:colcon.colcon_core.package_identification:_identify(CMakeFiles/pkgRedirects) by extensions ['cmake', 'python']
[0.532s] Level 1:colcon.colcon_core.package_identification:_identify(CMakeFiles/pkgRedirects) by extension 'cmake'
[0.532s] Level 1:colcon.colcon_core.package_identification:_identify(CMakeFiles/pkgRedirects) by extension 'python'
[0.532s] Level 1:colcon.colcon_core.package_identification:_identify(CMakeFiles/pkgRedirects) by extensions ['python_setup_py']
[0.532s] Level 1:colcon.colcon_core.package_identification:_identify(CMakeFiles/pkgRedirects) by extension 'python_setup_py'
[0.532s] Level 1:colcon.colcon_core.package_identification:_identify(CMakeFiles/rrt_display.dir) by extensions ['ignore', 'ignore_ament_install']
[0.532s] Level 1:colcon.colcon_core.package_identification:_identify(CMakeFiles/rrt_display.dir) by extension 'ignore'
[0.532s] Level 1:colcon.colcon_core.package_identification:_identify(CMakeFiles/rrt_display.dir) by extension 'ignore_ament_install'
[0.533s] Level 1:colcon.colcon_core.package_identification:_identify(CMakeFiles/rrt_display.dir) by extensions ['colcon_pkg']
[0.533s] Level 1:colcon.colcon_core.package_identification:_identify(CMakeFiles/rrt_display.dir) by extension 'colcon_pkg'
[0.533s] Level 1:colcon.colcon_core.package_identification:_identify(CMakeFiles/rrt_display.dir) by extensions ['colcon_meta']
[0.533s] Level 1:colcon.colcon_core.package_identification:_identify(CMakeFiles/rrt_display.dir) by extension 'colcon_meta'
[0.533s] Level 1:colcon.colcon_core.package_identification:_identify(CMakeFiles/rrt_display.dir) by extensions ['ros']
[0.533s] Level 1:colcon.colcon_core.package_identification:_identify(CMakeFiles/rrt_display.dir) by extension 'ros'
[0.533s] Level 1:colcon.colcon_core.package_identification:_identify(CMakeFiles/rrt_display.dir) by extensions ['cmake', 'python']
[0.533s] Level 1:colcon.colcon_core.package_identification:_identify(CMakeFiles/rrt_display.dir) by extension 'cmake'
[0.533s] Level 1:colcon.colcon_core.package_identification:_identify(CMakeFiles/rrt_display.dir) by extension 'python'
[0.533s] Level 1:colcon.colcon_core.package_identification:_identify(CMakeFiles/rrt_display.dir) by extensions ['python_setup_py']
[0.533s] Level 1:colcon.colcon_core.package_identification:_identify(CMakeFiles/rrt_display.dir) by extension 'python_setup_py'
[0.533s] Level 1:colcon.colcon_core.package_identification:_identify(CMakeFiles/rrt_display.dir/src) by extensions ['ignore', 'ignore_ament_install']
[0.533s] Level 1:colcon.colcon_core.package_identification:_identify(CMakeFiles/rrt_display.dir/src) by extension 'ignore'
[0.533s] Level 1:colcon.colcon_core.package_identification:_identify(CMakeFiles/rrt_display.dir/src) by extension 'ignore_ament_install'
[0.533s] Level 1:colcon.colcon_core.package_identification:_identify(CMakeFiles/rrt_display.dir/src) by extensions ['colcon_pkg']
[0.533s] Level 1:colcon.colcon_core.package_identification:_identify(CMakeFiles/rrt_display.dir/src) by extension 'colcon_pkg'
[0.533s] Level 1:colcon.colcon_core.package_identification:_identify(CMakeFiles/rrt_display.dir/src) by extensions ['colcon_meta']
[0.533s] Level 1:colcon.colcon_core.package_identification:_identify(CMakeFiles/rrt_display.dir/src) by extension 'colcon_meta'
[0.533s] Level 1:colcon.colcon_core.package_identification:_identify(CMakeFiles/rrt_display.dir/src) by extensions ['ros']
[0.534s] Level 1:colcon.colcon_core.package_identification:_identify(CMakeFiles/rrt_display.dir/src) by extension 'ros'
[0.534s] Level 1:colcon.colcon_core.package_identification:_identify(CMakeFiles/rrt_display.dir/src) by extensions ['cmake', 'python']
[0.534s] Level 1:colcon.colcon_core.package_identification:_identify(CMakeFiles/rrt_display.dir/src) by extension 'cmake'
[0.534s] Level 1:colcon.colcon_core.package_identification:_identify(CMakeFiles/rrt_display.dir/src) by extension 'python'
[0.534s] Level 1:colcon.colcon_core.package_identification:_identify(CMakeFiles/rrt_display.dir/src) by extensions ['python_setup_py']
[0.534s] Level 1:colcon.colcon_core.package_identification:_identify(CMakeFiles/rrt_display.dir/src) by extension 'python_setup_py'
[0.534s] Level 1:colcon.colcon_core.package_identification:_identify(CMakeFiles/uninstall.dir) by extensions ['ignore', 'ignore_ament_install']
[0.534s] Level 1:colcon.colcon_core.package_identification:_identify(CMakeFiles/uninstall.dir) by extension 'ignore'
[0.534s] Level 1:colcon.colcon_core.package_identification:_identify(CMakeFiles/uninstall.dir) by extension 'ignore_ament_install'
[0.534s] Level 1:colcon.colcon_core.package_identification:_identify(CMakeFiles/uninstall.dir) by extensions ['colcon_pkg']
[0.534s] Level 1:colcon.colcon_core.package_identification:_identify(CMakeFiles/uninstall.dir) by extension 'colcon_pkg'
[0.534s] Level 1:colcon.colcon_core.package_identification:_identify(CMakeFiles/uninstall.dir) by extensions ['colcon_meta']
[0.534s] Level 1:colcon.colcon_core.package_identification:_identify(CMakeFiles/uninstall.dir) by extension 'colcon_meta'
[0.534s] Level 1:colcon.colcon_core.package_identification:_identify(CMakeFiles/uninstall.dir) by extensions ['ros']
[0.534s] Level 1:colcon.colcon_core.package_identification:_identify(CMakeFiles/uninstall.dir) by extension 'ros'
[0.534s] Level 1:colcon.colcon_core.package_identification:_identify(CMakeFiles/uninstall.dir) by extensions ['cmake', 'python']
[0.534s] Level 1:colcon.colcon_core.package_identification:_identify(CMakeFiles/uninstall.dir) by extension 'cmake'
[0.534s] Level 1:colcon.colcon_core.package_identification:_identify(CMakeFiles/uninstall.dir) by extension 'python'
[0.535s] Level 1:colcon.colcon_core.package_identification:_identify(CMakeFiles/uninstall.dir) by extensions ['python_setup_py']
[0.535s] Level 1:colcon.colcon_core.package_identification:_identify(CMakeFiles/uninstall.dir) by extension 'python_setup_py'
[0.535s] Level 1:colcon.colcon_core.package_identification:_identify(ament_cmake_core) by extensions ['ignore', 'ignore_ament_install']
[0.535s] Level 1:colcon.colcon_core.package_identification:_identify(ament_cmake_core) by extension 'ignore'
[0.535s] Level 1:colcon.colcon_core.package_identification:_identify(ament_cmake_core) by extension 'ignore_ament_install'
[0.535s] Level 1:colcon.colcon_core.package_identification:_identify(ament_cmake_core) by extensions ['colcon_pkg']
[0.535s] Level 1:colcon.colcon_core.package_identification:_identify(ament_cmake_core) by extension 'colcon_pkg'
[0.535s] Level 1:colcon.colcon_core.package_identification:_identify(ament_cmake_core) by extensions ['colcon_meta']
[0.535s] Level 1:colcon.colcon_core.package_identification:_identify(ament_cmake_core) by extension 'colcon_meta'
[0.535s] Level 1:colcon.colcon_core.package_identification:_identify(ament_cmake_core) by extensions ['ros']
[0.535s] Level 1:colcon.colcon_core.package_identification:_identify(ament_cmake_core) by extension 'ros'
[0.535s] Level 1:colcon.colcon_core.package_identification:_identify(ament_cmake_core) by extensions ['cmake', 'python']
[0.535s] Level 1:colcon.colcon_core.package_identification:_identify(ament_cmake_core) by extension 'cmake'
[0.535s] Level 1:colcon.colcon_core.package_identification:_identify(ament_cmake_core) by extension 'python'
[0.535s] Level 1:colcon.colcon_core.package_identification:_identify(ament_cmake_core) by extensions ['python_setup_py']
[0.535s] Level 1:colcon.colcon_core.package_identification:_identify(ament_cmake_core) by extension 'python_setup_py'
[0.535s] Level 1:colcon.colcon_core.package_identification:_identify(ament_cmake_core/stamps) by extensions ['ignore', 'ignore_ament_install']
[0.535s] Level 1:colcon.colcon_core.package_identification:_identify(ament_cmake_core/stamps) by extension 'ignore'
[0.536s] Level 1:colcon.colcon_core.package_identification:_identify(ament_cmake_core/stamps) by extension 'ignore_ament_install'
[0.536s] Level 1:colcon.colcon_core.package_identification:_identify(ament_cmake_core/stamps) by extensions ['colcon_pkg']
[0.536s] Level 1:colcon.colcon_core.package_identification:_identify(ament_cmake_core/stamps) by extension 'colcon_pkg'
[0.536s] Level 1:colcon.colcon_core.package_identification:_identify(ament_cmake_core/stamps) by extensions ['colcon_meta']
[0.536s] Level 1:colcon.colcon_core.package_identification:_identify(ament_cmake_core/stamps) by extension 'colcon_meta'
[0.536s] Level 1:colcon.colcon_core.package_identification:_identify(ament_cmake_core/stamps) by extensions ['ros']
[0.536s] Level 1:colcon.colcon_core.package_identification:_identify(ament_cmake_core/stamps) by extension 'ros'
[0.536s] Level 1:colcon.colcon_core.package_identification:_identify(ament_cmake_core/stamps) by extensions ['cmake', 'python']
[0.536s] Level 1:colcon.colcon_core.package_identification:_identify(ament_cmake_core/stamps) by extension 'cmake'
[0.536s] Level 1:colcon.colcon_core.package_identification:_identify(ament_cmake_core/stamps) by extension 'python'
[0.536s] Level 1:colcon.colcon_core.package_identification:_identify(ament_cmake_core/stamps) by extensions ['python_setup_py']
[0.536s] Level 1:colcon.colcon_core.package_identification:_identify(ament_cmake_core/stamps) by extension 'python_setup_py'
[0.536s] Level 1:colcon.colcon_core.package_identification:_identify(ament_cmake_environment_hooks) by extensions ['ignore', 'ignore_ament_install']
[0.536s] Level 1:colcon.colcon_core.package_identification:_identify(ament_cmake_environment_hooks) by extension 'ignore'
[0.536s] Level 1:colcon.colcon_core.package_identification:_identify(ament_cmake_environment_hooks) by extension 'ignore_ament_install'
[0.536s] Level 1:colcon.colcon_core.package_identification:_identify(ament_cmake_environment_hooks) by extensions ['colcon_pkg']
[0.537s] Level 1:colcon.colcon_core.package_identification:_identify(ament_cmake_environment_hooks) by extension 'colcon_pkg'
[0.537s] Level 1:colcon.colcon_core.package_identification:_identify(ament_cmake_environment_hooks) by extensions ['colcon_meta']
[0.537s] Level 1:colcon.colcon_core.package_identification:_identify(ament_cmake_environment_hooks) by extension 'colcon_meta'
[0.537s] Level 1:colcon.colcon_core.package_identification:_identify(ament_cmake_environment_hooks) by extensions ['ros']
[0.537s] Level 1:colcon.colcon_core.package_identification:_identify(ament_cmake_environment_hooks) by extension 'ros'
[0.537s] Level 1:colcon.colcon_core.package_identification:_identify(ament_cmake_environment_hooks) by extensions ['cmake', 'python']
[0.537s] Level 1:colcon.colcon_core.package_identification:_identify(ament_cmake_environment_hooks) by extension 'cmake'
[0.537s] Level 1:colcon.colcon_core.package_identification:_identify(ament_cmake_environment_hooks) by extension 'python'
[0.537s] Level 1:colcon.colcon_core.package_identification:_identify(ament_cmake_environment_hooks) by extensions ['python_setup_py']
[0.537s] Level 1:colcon.colcon_core.package_identification:_identify(ament_cmake_environment_hooks) by extension 'python_setup_py'
[0.537s] Level 1:colcon.colcon_core.package_identification:_identify(ament_cmake_export_dependencies) by extensions ['ignore', 'ignore_ament_install']
[0.537s] Level 1:colcon.colcon_core.package_identification:_identify(ament_cmake_export_dependencies) by extension 'ignore'
[0.537s] Level 1:colcon.colcon_core.package_identification:_identify(ament_cmake_export_dependencies) by extension 'ignore_ament_install'
[0.537s] Level 1:colcon.colcon_core.package_identification:_identify(ament_cmake_export_dependencies) by extensions ['colcon_pkg']
[0.537s] Level 1:colcon.colcon_core.package_identification:_identify(ament_cmake_export_dependencies) by extension 'colcon_pkg'
[0.537s] Level 1:colcon.colcon_core.package_identification:_identify(ament_cmake_export_dependencies) by extensions ['colcon_meta']
[0.537s] Level 1:colcon.colcon_core.package_identification:_identify(ament_cmake_export_dependencies) by extension 'colcon_meta'
[0.537s] Level 1:colcon.colcon_core.package_identification:_identify(ament_cmake_export_dependencies) by extensions ['ros']
[0.537s] Level 1:colcon.colcon_core.package_identification:_identify(ament_cmake_export_dependencies) by extension 'ros'
[0.538s] Level 1:colcon.colcon_core.package_identification:_identify(ament_cmake_export_dependencies) by extensions ['cmake', 'python']
[0.538s] Level 1:colcon.colcon_core.package_identification:_identify(ament_cmake_export_dependencies) by extension 'cmake'
[0.538s] Level 1:colcon.colcon_core.package_identification:_identify(ament_cmake_export_dependencies) by extension 'python'
[0.538s] Level 1:colcon.colcon_core.package_identification:_identify(ament_cmake_export_dependencies) by extensions ['python_setup_py']
[0.538s] Level 1:colcon.colcon_core.package_identification:_identify(ament_cmake_export_dependencies) by extension 'python_setup_py'
[0.538s] Level 1:colcon.colcon_core.package_identification:_identify(ament_cmake_export_targets) by extensions ['ignore', 'ignore_ament_install']
[0.538s] Level 1:colcon.colcon_core.package_identification:_identify(ament_cmake_export_targets) by extension 'ignore'
[0.538s] Level 1:colcon.colcon_core.package_identification:_identify(ament_cmake_export_targets) by extension 'ignore_ament_install'
[0.538s] Level 1:colcon.colcon_core.package_identification:_identify(ament_cmake_export_targets) by extensions ['colcon_pkg']
[0.538s] Level 1:colcon.colcon_core.package_identification:_identify(ament_cmake_export_targets) by extension 'colcon_pkg'
[0.538s] Level 1:colcon.colcon_core.package_identification:_identify(ament_cmake_export_targets) by extensions ['colcon_meta']
[0.538s] Level 1:colcon.colcon_core.package_identification:_identify(ament_cmake_export_targets) by extension 'colcon_meta'
[0.539s] Level 1:colcon.colcon_core.package_identification:_identify(ament_cmake_export_targets) by extensions ['ros']
[0.539s] Level 1:colcon.colcon_core.package_identification:_identify(ament_cmake_export_targets) by extension 'ros'
[0.539s] Level 1:colcon.colcon_core.package_identification:_identify(ament_cmake_export_targets) by extensions ['cmake', 'python']
[0.539s] Level 1:colcon.colcon_core.package_identification:_identify(ament_cmake_export_targets) by extension 'cmake'
[0.539s] Level 1:colcon.colcon_core.package_identification:_identify(ament_cmake_export_targets) by extension 'python'
[0.539s] Level 1:colcon.colcon_core.package_identification:_identify(ament_cmake_export_targets) by extensions ['python_setup_py']
[0.539s] Level 1:colcon.colcon_core.package_identification:_identify(ament_cmake_export_targets) by extension 'python_setup_py'
[0.539s] Level 1:colcon.colcon_core.package_identification:_identify(ament_cmake_index) by extensions ['ignore', 'ignore_ament_install']
[0.539s] Level 1:colcon.colcon_core.package_identification:_identify(ament_cmake_index) by extension 'ignore'
[0.539s] Level 1:colcon.colcon_core.package_identification:_identify(ament_cmake_index) by extension 'ignore_ament_install'
[0.539s] Level 1:colcon.colcon_core.package_identification:_identify(ament_cmake_index) by extensions ['colcon_pkg']
[0.539s] Level 1:colcon.colcon_core.package_identification:_identify(ament_cmake_index) by extension 'colcon_pkg'
[0.539s] Level 1:colcon.colcon_core.package_identification:_identify(ament_cmake_index) by extensions ['colcon_meta']
[0.539s] Level 1:colcon.colcon_core.package_identification:_identify(ament_cmake_index) by extension 'colcon_meta'
[0.539s] Level 1:colcon.colcon_core.package_identification:_identify(ament_cmake_index) by extensions ['ros']
[0.539s] Level 1:colcon.colcon_core.package_identification:_identify(ament_cmake_index) by extension 'ros'
[0.539s] Level 1:colcon.colcon_core.package_identification:_identify(ament_cmake_index) by extensions ['cmake', 'python']
[0.539s] Level 1:colcon.colcon_core.package_identification:_identify(ament_cmake_index) by extension 'cmake'
[0.540s] Level 1:colcon.colcon_core.package_identification:_identify(ament_cmake_index) by extension 'python'
[0.540s] Level 1:colcon.colcon_core.package_identification:_identify(ament_cmake_index) by extensions ['python_setup_py']
[0.540s] Level 1:colcon.colcon_core.package_identification:_identify(ament_cmake_index) by extension 'python_setup_py'
[0.540s] Level 1:colcon.colcon_core.package_identification:_identify(ament_cmake_index/share) by extensions ['ignore', 'ignore_ament_install']
[0.540s] Level 1:colcon.colcon_core.package_identification:_identify(ament_cmake_index/share) by extension 'ignore'
[0.540s] Level 1:colcon.colcon_core.package_identification:_identify(ament_cmake_index/share) by extension 'ignore_ament_install'
[0.540s] Level 1:colcon.colcon_core.package_identification:_identify(ament_cmake_index/share) by extensions ['colcon_pkg']
[0.540s] Level 1:colcon.colcon_core.package_identification:_identify(ament_cmake_index/share) by extension 'colcon_pkg'
[0.540s] Level 1:colcon.colcon_core.package_identification:_identify(ament_cmake_index/share) by extensions ['colcon_meta']
[0.540s] Level 1:colcon.colcon_core.package_identification:_identify(ament_cmake_index/share) by extension 'colcon_meta'
[0.540s] Level 1:colcon.colcon_core.package_identification:_identify(ament_cmake_index/share) by extensions ['ros']
[0.540s] Level 1:colcon.colcon_core.package_identification:_identify(ament_cmake_index/share) by extension 'ros'
[0.540s] Level 1:colcon.colcon_core.package_identification:_identify(ament_cmake_index/share) by extensions ['cmake', 'python']
[0.540s] Level 1:colcon.colcon_core.package_identification:_identify(ament_cmake_index/share) by extension 'cmake'
[0.540s] Level 1:colcon.colcon_core.package_identification:_identify(ament_cmake_index/share) by extension 'python'
[0.540s] Level 1:colcon.colcon_core.package_identification:_identify(ament_cmake_index/share) by extensions ['python_setup_py']
[0.540s] Level 1:colcon.colcon_core.package_identification:_identify(ament_cmake_index/share) by extension 'python_setup_py'
[0.540s] Level 1:colcon.colcon_core.package_identification:_identify(ament_cmake_index/share/ament_index) by extensions ['ignore', 'ignore_ament_install']
[0.541s] Level 1:colcon.colcon_core.package_identification:_identify(ament_cmake_index/share/ament_index) by extension 'ignore'
[0.541s] Level 1:colcon.colcon_core.package_identification:_identify(ament_cmake_index/share/ament_index) by extension 'ignore_ament_install'
[0.541s] Level 1:colcon.colcon_core.package_identification:_identify(ament_cmake_index/share/ament_index) by extensions ['colcon_pkg']
[0.541s] Level 1:colcon.colcon_core.package_identification:_identify(ament_cmake_index/share/ament_index) by extension 'colcon_pkg'
[0.541s] Level 1:colcon.colcon_core.package_identification:_identify(ament_cmake_index/share/ament_index) by extensions ['colcon_meta']
[0.541s] Level 1:colcon.colcon_core.package_identification:_identify(ament_cmake_index/share/ament_index) by extension 'colcon_meta'
[0.541s] Level 1:colcon.colcon_core.package_identification:_identify(ament_cmake_index/share/ament_index) by extensions ['ros']
[0.541s] Level 1:colcon.colcon_core.package_identification:_identify(ament_cmake_index/share/ament_index) by extension 'ros'
[0.541s] Level 1:colcon.colcon_core.package_identification:_identify(ament_cmake_index/share/ament_index) by extensions ['cmake', 'python']
[0.541s] Level 1:colcon.colcon_core.package_identification:_identify(ament_cmake_index/share/ament_index) by extension 'cmake'
[0.541s] Level 1:colcon.colcon_core.package_identification:_identify(ament_cmake_index/share/ament_index) by extension 'python'
[0.541s] Level 1:colcon.colcon_core.package_identification:_identify(ament_cmake_index/share/ament_index) by extensions ['python_setup_py']
[0.541s] Level 1:colcon.colcon_core.package_identification:_identify(ament_cmake_index/share/ament_index) by extension 'python_setup_py'
[0.541s] Level 1:colcon.colcon_core.package_identification:_identify(ament_cmake_index/share/ament_index/resource_index) by extensions ['ignore', 'ignore_ament_install']
[0.541s] Level 1:colcon.colcon_core.package_identification:_identify(ament_cmake_index/share/ament_index/resource_index) by extension 'ignore'
[0.541s] Level 1:colcon.colcon_core.package_identification:_identify(ament_cmake_index/share/ament_index/resource_index) by extension 'ignore_ament_install'
[0.541s] Level 1:colcon.colcon_core.package_identification:_identify(ament_cmake_index/share/ament_index/resource_index) by extensions ['colcon_pkg']
[0.541s] Level 1:colcon.colcon_core.package_identification:_identify(ament_cmake_index/share/ament_index/resource_index) by extension 'colcon_pkg'
[0.541s] Level 1:colcon.colcon_core.package_identification:_identify(ament_cmake_index/share/ament_index/resource_index) by extensions ['colcon_meta']
[0.541s] Level 1:colcon.colcon_core.package_identification:_identify(ament_cmake_index/share/ament_index/resource_index) by extension 'colcon_meta'
[0.542s] Level 1:colcon.colcon_core.package_identification:_identify(ament_cmake_index/share/ament_index/resource_index) by extensions ['ros']
[0.542s] Level 1:colcon.colcon_core.package_identification:_identify(ament_cmake_index/share/ament_index/resource_index) by extension 'ros'
[0.542s] Level 1:colcon.colcon_core.package_identification:_identify(ament_cmake_index/share/ament_index/resource_index) by extensions ['cmake', 'python']
[0.542s] Level 1:colcon.colcon_core.package_identification:_identify(ament_cmake_index/share/ament_index/resource_index) by extension 'cmake'
[0.542s] Level 1:colcon.colcon_core.package_identification:_identify(ament_cmake_index/share/ament_index/resource_index) by extension 'python'
[0.542s] Level 1:colcon.colcon_core.package_identification:_identify(ament_cmake_index/share/ament_index/resource_index) by extensions ['python_setup_py']
[0.542s] Level 1:colcon.colcon_core.package_identification:_identify(ament_cmake_index/share/ament_index/resource_index) by extension 'python_setup_py'
[0.542s] Level 1:colcon.colcon_core.package_identification:_identify(ament_cmake_index/share/ament_index/resource_index/package_run_dependencies) by extensions ['ignore', 'ignore_ament_install']
[0.542s] Level 1:colcon.colcon_core.package_identification:_identify(ament_cmake_index/share/ament_index/resource_index/package_run_dependencies) by extension 'ignore'
[0.542s] Level 1:colcon.colcon_core.package_identification:_identify(ament_cmake_index/share/ament_index/resource_index/package_run_dependencies) by extension 'ignore_ament_install'
[0.542s] Level 1:colcon.colcon_core.package_identification:_identify(ament_cmake_index/share/ament_index/resource_index/package_run_dependencies) by extensions ['colcon_pkg']
[0.542s] Level 1:colcon.colcon_core.package_identification:_identify(ament_cmake_index/share/ament_index/resource_index/package_run_dependencies) by extension 'colcon_pkg'
[0.542s] Level 1:colcon.colcon_core.package_identification:_identify(ament_cmake_index/share/ament_index/resource_index/package_run_dependencies) by extensions ['colcon_meta']
[0.542s] Level 1:colcon.colcon_core.package_identification:_identify(ament_cmake_index/share/ament_index/resource_index/package_run_dependencies) by extension 'colcon_meta'
[0.542s] Level 1:colcon.colcon_core.package_identification:_identify(ament_cmake_index/share/ament_index/resource_index/package_run_dependencies) by extensions ['ros']
[0.542s] Level 1:colcon.colcon_core.package_identification:_identify(ament_cmake_index/share/ament_index/resource_index/package_run_dependencies) by extension 'ros'
[0.542s] Level 1:colcon.colcon_core.package_identification:_identify(ament_cmake_index/share/ament_index/resource_index/package_run_dependencies) by extensions ['cmake', 'python']
[0.543s] Level 1:colcon.colcon_core.package_identification:_identify(ament_cmake_index/share/ament_index/resource_index/package_run_dependencies) by extension 'cmake'
[0.543s] Level 1:colcon.colcon_core.package_identification:_identify(ament_cmake_index/share/ament_index/resource_index/package_run_dependencies) by extension 'python'
[0.543s] Level 1:colcon.colcon_core.package_identification:_identify(ament_cmake_index/share/ament_index/resource_index/package_run_dependencies) by extensions ['python_setup_py']
[0.543s] Level 1:colcon.colcon_core.package_identification:_identify(ament_cmake_index/share/ament_index/resource_index/package_run_dependencies) by extension 'python_setup_py'
[0.543s] Level 1:colcon.colcon_core.package_identification:_identify(ament_cmake_index/share/ament_index/resource_index/packages) by extensions ['ignore', 'ignore_ament_install']
[0.543s] Level 1:colcon.colcon_core.package_identification:_identify(ament_cmake_index/share/ament_index/resource_index/packages) by extension 'ignore'
[0.543s] Level 1:colcon.colcon_core.package_identification:_identify(ament_cmake_index/share/ament_index/resource_index/packages) by extension 'ignore_ament_install'
[0.543s] Level 1:colcon.colcon_core.package_identification:_identify(ament_cmake_index/share/ament_index/resource_index/packages) by extensions ['colcon_pkg']
[0.543s] Level 1:colcon.colcon_core.package_identification:_identify(ament_cmake_index/share/ament_index/resource_index/packages) by extension 'colcon_pkg'
[0.543s] Level 1:colcon.colcon_core.package_identification:_identify(ament_cmake_index/share/ament_index/resource_index/packages) by extensions ['colcon_meta']
[0.543s] Level 1:colcon.colcon_core.package_identification:_identify(ament_cmake_index/share/ament_index/resource_index/packages) by extension 'colcon_meta'
[0.543s] Level 1:colcon.colcon_core.package_identification:_identify(ament_cmake_index/share/ament_index/resource_index/packages) by extensions ['ros']
[0.543s] Level 1:colcon.colcon_core.package_identification:_identify(ament_cmake_index/share/ament_index/resource_index/packages) by extension 'ros'
[0.543s] Level 1:colcon.colcon_core.package_identification:_identify(ament_cmake_index/share/ament_index/resource_index/packages) by extensions ['cmake', 'python']
[0.543s] Level 1:colcon.colcon_core.package_identification:_identify(ament_cmake_index/share/ament_index/resource_index/packages) by extension 'cmake'
[0.543s] Level 1:colcon.colcon_core.package_identification:_identify(ament_cmake_index/share/ament_index/resource_index/packages) by extension 'python'
[0.543s] Level 1:colcon.colcon_core.package_identification:_identify(ament_cmake_index/share/ament_index/resource_index/packages) by extensions ['python_setup_py']
[0.543s] Level 1:colcon.colcon_core.package_identification:_identify(ament_cmake_index/share/ament_index/resource_index/packages) by extension 'python_setup_py'
[0.543s] Level 1:colcon.colcon_core.package_identification:_identify(ament_cmake_index/share/ament_index/resource_index/parent_prefix_path) by extensions ['ignore', 'ignore_ament_install']
[0.544s] Level 1:colcon.colcon_core.package_identification:_identify(ament_cmake_index/share/ament_index/resource_index/parent_prefix_path) by extension 'ignore'
[0.544s] Level 1:colcon.colcon_core.package_identification:_identify(ament_cmake_index/share/ament_index/resource_index/parent_prefix_path) by extension 'ignore_ament_install'
[0.544s] Level 1:colcon.colcon_core.package_identification:_identify(ament_cmake_index/share/ament_index/resource_index/parent_prefix_path) by extensions ['colcon_pkg']
[0.544s] Level 1:colcon.colcon_core.package_identification:_identify(ament_cmake_index/share/ament_index/resource_index/parent_prefix_path) by extension 'colcon_pkg'
[0.544s] Level 1:colcon.colcon_core.package_identification:_identify(ament_cmake_index/share/ament_index/resource_index/parent_prefix_path) by extensions ['colcon_meta']
[0.544s] Level 1:colcon.colcon_core.package_identification:_identify(ament_cmake_index/share/ament_index/resource_index/parent_prefix_path) by extension 'colcon_meta'
[0.544s] Level 1:colcon.colcon_core.package_identification:_identify(ament_cmake_index/share/ament_index/resource_index/parent_prefix_path) by extensions ['ros']
[0.544s] Level 1:colcon.colcon_core.package_identification:_identify(ament_cmake_index/share/ament_index/resource_index/parent_prefix_path) by extension 'ros'
[0.544s] Level 1:colcon.colcon_core.package_identification:_identify(ament_cmake_index/share/ament_index/resource_index/parent_prefix_path) by extensions ['cmake', 'python']
[0.544s] Level 1:colcon.colcon_core.package_identification:_identify(ament_cmake_index/share/ament_index/resource_index/parent_prefix_path) by extension 'cmake'
[0.544s] Level 1:colcon.colcon_core.package_identification:_identify(ament_cmake_index/share/ament_index/resource_index/parent_prefix_path) by extension 'python'
[0.544s] Level 1:colcon.colcon_core.package_identification:_identify(ament_cmake_index/share/ament_index/resource_index/parent_prefix_path) by extensions ['python_setup_py']
[0.544s] Level 1:colcon.colcon_core.package_identification:_identify(ament_cmake_index/share/ament_index/resource_index/parent_prefix_path) by extension 'python_setup_py'
[0.544s] Level 1:colcon.colcon_core.package_identification:_identify(ament_cmake_package_templates) by extensions ['ignore', 'ignore_ament_install']
[0.544s] Level 1:colcon.colcon_core.package_identification:_identify(ament_cmake_package_templates) by extension 'ignore'
[0.544s] Level 1:colcon.colcon_core.package_identification:_identify(ament_cmake_package_templates) by extension 'ignore_ament_install'
[0.544s] Level 1:colcon.colcon_core.package_identification:_identify(ament_cmake_package_templates) by extensions ['colcon_pkg']
[0.544s] Level 1:colcon.colcon_core.package_identification:_identify(ament_cmake_package_templates) by extension 'colcon_pkg'
[0.545s] Level 1:colcon.colcon_core.package_identification:_identify(ament_cmake_package_templates) by extensions ['colcon_meta']
[0.545s] Level 1:colcon.colcon_core.package_identification:_identify(ament_cmake_package_templates) by extension 'colcon_meta'
[0.545s] Level 1:colcon.colcon_core.package_identification:_identify(ament_cmake_package_templates) by extensions ['ros']
[0.545s] Level 1:colcon.colcon_core.package_identification:_identify(ament_cmake_package_templates) by extension 'ros'
[0.545s] Level 1:colcon.colcon_core.package_identification:_identify(ament_cmake_package_templates) by extensions ['cmake', 'python']
[0.545s] Level 1:colcon.colcon_core.package_identification:_identify(ament_cmake_package_templates) by extension 'cmake'
[0.545s] Level 1:colcon.colcon_core.package_identification:_identify(ament_cmake_package_templates) by extension 'python'
[0.545s] Level 1:colcon.colcon_core.package_identification:_identify(ament_cmake_package_templates) by extensions ['python_setup_py']
[0.545s] Level 1:colcon.colcon_core.package_identification:_identify(ament_cmake_package_templates) by extension 'python_setup_py'
[0.545s] Level 1:colcon.colcon_core.package_identification:_identify(ament_cmake_uninstall_target) by extensions ['ignore', 'ignore_ament_install']
[0.545s] Level 1:colcon.colcon_core.package_identification:_identify(ament_cmake_uninstall_target) by extension 'ignore'
[0.545s] Level 1:colcon.colcon_core.package_identification:_identify(ament_cmake_uninstall_target) by extension 'ignore_ament_install'
[0.545s] Level 1:colcon.colcon_core.package_identification:_identify(ament_cmake_uninstall_target) by extensions ['colcon_pkg']
[0.545s] Level 1:colcon.colcon_core.package_identification:_identify(ament_cmake_uninstall_target) by extension 'colcon_pkg'
[0.545s] Level 1:colcon.colcon_core.package_identification:_identify(ament_cmake_uninstall_target) by extensions ['colcon_meta']
[0.545s] Level 1:colcon.colcon_core.package_identification:_identify(ament_cmake_uninstall_target) by extension 'colcon_meta'
[0.545s] Level 1:colcon.colcon_core.package_identification:_identify(ament_cmake_uninstall_target) by extensions ['ros']
[0.545s] Level 1:colcon.colcon_core.package_identification:_identify(ament_cmake_uninstall_target) by extension 'ros'
[0.545s] Level 1:colcon.colcon_core.package_identification:_identify(ament_cmake_uninstall_target) by extensions ['cmake', 'python']
[0.545s] Level 1:colcon.colcon_core.package_identification:_identify(ament_cmake_uninstall_target) by extension 'cmake'
[0.546s] Level 1:colcon.colcon_core.package_identification:_identify(ament_cmake_uninstall_target) by extension 'python'
[0.546s] Level 1:colcon.colcon_core.package_identification:_identify(ament_cmake_uninstall_target) by extensions ['python_setup_py']
[0.546s] Level 1:colcon.colcon_core.package_identification:_identify(ament_cmake_uninstall_target) by extension 'python_setup_py'
[0.546s] Level 1:colcon.colcon_core.package_identification:_identify(build) by extensions ['ignore', 'ignore_ament_install']
[0.546s] Level 1:colcon.colcon_core.package_identification:_identify(build) by extension 'ignore'
[0.546s] Level 1:colcon.colcon_core.package_identification:_identify(build) ignored
[0.546s] Level 1:colcon.colcon_core.package_identification:_identify(install) by extensions ['ignore', 'ignore_ament_install']
[0.546s] Level 1:colcon.colcon_core.package_identification:_identify(install) by extension 'ignore'
[0.546s] Level 1:colcon.colcon_core.package_identification:_identify(install) ignored
[0.546s] Level 1:colcon.colcon_core.package_identification:_identify(log) by extensions ['ignore', 'ignore_ament_install']
[0.546s] Level 1:colcon.colcon_core.package_identification:_identify(log) by extension 'ignore'
[0.546s] Level 1:colcon.colcon_core.package_identification:_identify(log) ignored
[0.546s] Level 1:colcon.colcon_core.package_discovery:discover_packages(recursive) using defaults
[0.546s] Level 1:colcon.colcon_core.package_discovery:discover_packages(ignore) discover
[0.546s] Level 1:colcon.colcon_core.package_discovery:discover_packages(ignore) using defaults
[0.546s] Level 1:colcon.colcon_core.package_discovery:discover_packages(path) discover
[0.546s] Level 1:colcon.colcon_core.package_discovery:discover_packages(path) using defaults
[0.574s] Level 1:colcon.colcon_core.package_discovery:discover_packages(prefix_path) check parameters
[0.574s] Level 1:colcon.colcon_core.package_discovery:discover_packages(prefix_path) discover
[0.578s] DEBUG:colcon.colcon_installed_package_information.package_discovery:Found 274 installed packages in /opt/ros/galactic
[0.580s] Level 1:colcon.colcon_core.package_discovery:discover_packages(prefix_path) using defaults
[0.659s] INFO:colcon.colcon_core.executor:Executing jobs using 'parallel' executor
[0.668s] DEBUG:colcon.colcon_parallel_executor.executor.parallel:run_until_complete
[0.668s] DEBUG:colcon.colcon_parallel_executor.executor.parallel:closing loop
[0.668s] DEBUG:colcon.colcon_parallel_executor.executor.parallel:loop closed
[0.668s] DEBUG:colcon.colcon_parallel_executor.executor.parallel:run_until_complete finished with '0'
[0.668s] DEBUG:colcon.colcon_core.event_reactor:joining thread
[0.678s] INFO:colcon.colcon_core.plugin_system:Skipping extension 'colcon_notification.desktop_notification.terminal_notifier': Not used on non-Darwin systems
[0.678s] INFO:colcon.colcon_core.plugin_system:Skipping extension 'colcon_notification.desktop_notification.win32': Not used on non-Windows systems
[0.678s] INFO:colcon.colcon_notification.desktop_notification:Sending desktop notification using 'notify2'
[0.692s] DEBUG:colcon.colcon_core.event_reactor:joined thread
[0.699s] INFO:colcon.colcon_core.plugin_system:Skipping extension 'colcon_core.shell.bat': Not used on non-Windows systems
[0.699s] INFO:colcon.colcon_core.shell:Creating prefix script '/home/wrdev/workspace/ros2_ws/build/example_pkg_c/install/local_setup.ps1'
[0.700s] INFO:colcon.colcon_core.shell:Creating prefix util module '/home/wrdev/workspace/ros2_ws/build/example_pkg_c/install/_local_setup_util_ps1.py'
[0.701s] INFO:colcon.colcon_core.shell:Creating prefix chain script '/home/wrdev/workspace/ros2_ws/build/example_pkg_c/install/setup.ps1'
[0.703s] INFO:colcon.colcon_core.shell:Creating prefix script '/home/wrdev/workspace/ros2_ws/build/example_pkg_c/install/local_setup.sh'
[0.703s] INFO:colcon.colcon_core.shell:Creating prefix util module '/home/wrdev/workspace/ros2_ws/build/example_pkg_c/install/_local_setup_util_sh.py'
[0.704s] INFO:colcon.colcon_core.shell:Creating prefix chain script '/home/wrdev/workspace/ros2_ws/build/example_pkg_c/install/setup.sh'
[0.706s] INFO:colcon.colcon_core.shell:Creating prefix script '/home/wrdev/workspace/ros2_ws/build/example_pkg_c/install/local_setup.bash'
[0.706s] INFO:colcon.colcon_core.shell:Creating prefix chain script '/home/wrdev/workspace/ros2_ws/build/example_pkg_c/install/setup.bash'
[0.708s] INFO:colcon.colcon_core.shell:Creating prefix script '/home/wrdev/workspace/ros2_ws/build/example_pkg_c/install/local_setup.zsh'
[0.709s] INFO:colcon.colcon_core.shell:Creating prefix chain script '/home/wrdev/workspace/ros2_ws/build/example_pkg_c/install/setup.zsh'
