-- Found ament_cmake: 1.1.6 (/opt/ros/galactic/share/ament_cmake/cmake)
-- Using PYTHON_EXECUTABLE: /usr/bin/python3
-- Found rclcpp: 9.2.2 (/opt/ros/galactic/share/rclcpp/cmake)
-- Using all available rosidl_typesupport_c: rosidl_typesupport_fastrtps_c;rosidl_typesupport_introspection_c
-- Found rosidl_adapter: 2.2.3 (/opt/ros/galactic/share/rosidl_adapter/cmake)
-- Using all available rosidl_typesupport_cpp: rosidl_typesupport_fastrtps_cpp;rosidl_typesupport_introspection_cpp
-- Found rmw_implementation_cmake: 3.3.1 (/opt/ros/galactic/share/rmw_implementation_cmake/cmake)
-- Found rmw_cyclonedds_cpp: 0.22.6 (/opt/ros/galactic/share/rmw_cyclonedds_cpp/cmake)
-- Using RMW implementation 'rmw_cyclonedds_cpp' as default
-- Found visualization_msgs: 2.2.4 (/opt/ros/galactic/share/visualization_msgs/cmake)
[31mCMake Error at CMakeLists.txt:16 (add_executable):
  add_executable cannot create target "ros2_example" because another target
  with the same name already exists.  The existing target is an executable
  created in source directory
  "/home/wrdev/workspace/ros2_ws/src/example_pkg_c".  See documentation for
  policy CMP0002 for more details.

[0m
[31mCMake Error at /opt/ros/galactic/share/ament_cmake_target_dependencies/cmake/ament_target_dependencies.cmake:42 (message):
  ament_target_dependencies() the first argument must be a valid target name
Call Stack (most recent call first):
  CMakeLists.txt:17 (ament_target_dependencies)

[0m
-- Configuring incomplete, errors occurred!
See also "/home/wrdev/workspace/ros2_ws/build/example_pkg_c/CMakeFiles/CMakeOutput.log".
See also "/home/wrdev/workspace/ros2_ws/build/example_pkg_c/CMakeFiles/CMakeError.log".
make: *** [Makefile:267: cmake_check_build_system] Error 1
