[0.021s] Invoking command in '/home/wrdev/workspace/ros2_ws/build/example_pkg_c': CMAKE_PREFIX_PATH=/opt/ros/galactic /usr/bin/cmake --build /home/wrdev/workspace/ros2_ws/build/example_pkg_c -- -j4 -l4
[0.038s] -- Found ament_cmake: 1.1.6 (/opt/ros/galactic/share/ament_cmake/cmake)
[0.060s] -- Using PYTHON_EXECUTABLE: /usr/bin/python3
[0.125s] -- Found rclcpp: 9.2.2 (/opt/ros/galactic/share/rclcpp/cmake)
[0.160s] -- Using all available rosidl_typesupport_c: rosidl_typesupport_fastrtps_c;rosidl_typesupport_introspection_c
[0.163s] -- Found rosidl_adapter: 2.2.3 (/opt/ros/galactic/share/rosidl_adapter/cmake)
[0.290s] -- Using all available rosidl_typesupport_cpp: rosidl_typesupport_fastrtps_cpp;rosidl_typesupport_introspection_cpp
[0.337s] -- Found rmw_implementation_cmake: 3.3.1 (/opt/ros/galactic/share/rmw_implementation_cmake/cmake)
[0.339s] -- Found rmw_cyclonedds_cpp: 0.22.6 (/opt/ros/galactic/share/rmw_cyclonedds_cpp/cmake)
[0.354s] -- Using RMW implementation 'rmw_cyclonedds_cpp' as default
[0.473s] -- Found visualization_msgs: 2.2.4 (/opt/ros/galactic/share/visualization_msgs/cmake)
[0.570s] [31mCMake Error at CMakeLists.txt:16 (add_executable):
[0.570s]   add_executable cannot create target "ros2_example" because another target
[0.571s]   with the same name already exists.  The existing target is an executable
[0.571s]   created in source directory
[0.571s]   "/home/wrdev/workspace/ros2_ws/src/example_pkg_c".  See documentation for
[0.571s]   policy CMP0002 for more details.
[0.571s] 
[0.571s] [0m
[0.571s] [31mCMake Error at /opt/ros/galactic/share/ament_cmake_target_dependencies/cmake/ament_target_dependencies.cmake:42 (message):
[0.571s]   ament_target_dependencies() the first argument must be a valid target name
[0.571s] Call Stack (most recent call first):
[0.571s]   CMakeLists.txt:17 (ament_target_dependencies)
[0.571s] 
[0.571s] [0m
[0.571s] -- Configuring incomplete, errors occurred!
[0.571s] See also "/home/wrdev/workspace/ros2_ws/build/example_pkg_c/CMakeFiles/CMakeOutput.log".
[0.572s] See also "/home/wrdev/workspace/ros2_ws/build/example_pkg_c/CMakeFiles/CMakeError.log".
[0.576s] make: *** [Makefile:267: cmake_check_build_system] Error 1
[0.578s] Invoked command in '/home/wrdev/workspace/ros2_ws/build/example_pkg_c' returned '2': CMAKE_PREFIX_PATH=/opt/ros/galactic /usr/bin/cmake --build /home/wrdev/workspace/ros2_ws/build/example_pkg_c -- -j4 -l4
