[01m[K/home/wrdev/workspace/ros2_ws/src/example_pkg_c/src/marker.cpp:[m[K In function ‘[01m[Kint main(int, char**)[m[K’:
[01m[K/home/wrdev/workspace/ros2_ws/src/example_pkg_c/src/marker.cpp:32:82:[m[K [01;31m[Kerror: [m[K‘[01m[KTime[m[K’ was not declared in this scope
   32 | r.stamp = line_strip.header.stamp = line_list.header.stamp = [01;31m[KTime[m[K rclcpp::Node::now();
      |                                                              [01;31m[K^~~~[m[K

[01m[K/home/wrdev/workspace/ros2_ws/src/example_pkg_c/src/marker.cpp:32:82:[m[K [01;36m[Knote: [m[Ksuggested alternatives:
In file included from [01m[K/opt/ros/galactic/include/rclcpp/clock.hpp:23[m[K,
                 from [01m[K/opt/ros/galactic/include/rclcpp/timer.hpp:27[m[K,
                 from [01m[K/opt/ros/galactic/include/rclcpp/callback_group.hpp:27[m[K,
                 from [01m[K/opt/ros/galactic/include/rclcpp/any_executable.hpp:20[m[K,
                 from [01m[K/opt/ros/galactic/include/rclcpp/memory_strategy.hpp:25[m[K,
                 from [01m[K/opt/ros/galactic/include/rclcpp/memory_strategies.hpp:18[m[K,
                 from [01m[K/opt/ros/galactic/include/rclcpp/executor_options.hpp:20[m[K,
                 from [01m[K/opt/ros/galactic/include/rclcpp/executor.hpp:36[m[K,
                 from [01m[K/opt/ros/galactic/include/rclcpp/executors/multi_threaded_executor.hpp:26[m[K,
                 from [01m[K/opt/ros/galactic/include/rclcpp/executors.hpp:21[m[K,
                 from [01m[K/opt/ros/galactic/include/rclcpp/rclcpp.hpp:156[m[K,
                 from [01m[K/home/wrdev/workspace/ros2_ws/src/example_pkg_c/src/marker.cpp:4[m[K:
[01m[K/opt/ros/galactic/include/rclcpp/time.hpp:31:7:[m[K [01;36m[Knote: [m[K  ‘[01m[Krclcpp::Time[m[K’
   31 | class [01;36m[KTime[m[K
      |       [01;36m[K^~~~[m[K
In file included from [01m[K/opt/ros/galactic/include/builtin_interfaces/msg/time.hpp:7[m[K,
                 from [01m[K/opt/ros/galactic/include/rclcpp/time.hpp:18[m[K,
                 from [01m[K/opt/ros/galactic/include/rclcpp/clock.hpp:23[m[K,
                 from [01m[K/opt/ros/galactic/include/rclcpp/timer.hpp:27[m[K,
                 from [01m[K/opt/ros/galactic/include/rclcpp/callback_group.hpp:27[m[K,
                 from [01m[K/opt/ros/galactic/include/rclcpp/any_executable.hpp:20[m[K,
                 from [01m[K/opt/ros/galactic/include/rclcpp/memory_strategy.hpp:25[m[K,
                 from [01m[K/opt/ros/galactic/include/rclcpp/memory_strategies.hpp:18[m[K,
                 from [01m[K/opt/ros/galactic/include/rclcpp/executor_options.hpp:20[m[K,
                 from [01m[K/opt/ros/galactic/include/rclcpp/executor.hpp:36[m[K,
                 from [01m[K/opt/ros/galactic/include/rclcpp/executors/multi_threaded_executor.hpp:26[m[K,
                 from [01m[K/opt/ros/galactic/include/rclcpp/executors.hpp:21[m[K,
                 from [01m[K/opt/ros/galactic/include/rclcpp/rclcpp.hpp:156[m[K,
                 from [01m[K/home/wrdev/workspace/ros2_ws/src/example_pkg_c/src/marker.cpp:4[m[K:
[01m[K/opt/ros/galactic/include/builtin_interfaces/msg/detail/time__struct.hpp:135:7:[m[K [01;36m[Knote: [m[K  ‘[01m[Kbuiltin_interfaces::msg::Time[m[K’
  135 | using [01;36m[KTime[m[K =
      |       [01;36m[K^~~~[m[K
make[2]: *** [CMakeFiles/ros2_example.dir/build.make:76: CMakeFiles/ros2_example.dir/src/marker.cpp.o] Error 1
make[1]: *** [CMakeFiles/Makefile2:137: CMakeFiles/ros2_example.dir/all] Error 2
make: *** [Makefile:146: all] Error 2
