[0.021s] Invoking command in '/home/wrdev/workspace/ros2_ws/build/example_pkg_c': CMAKE_PREFIX_PATH=/opt/ros/galactic /usr/bin/cmake --build /home/wrdev/workspace/ros2_ws/build/example_pkg_c -- -j4 -l4
[0.064s] [ 20%] [32mBuilding CXX object CMakeFiles/example_pkg_c.dir/src/rrt_marker.cpp.o[0m
[0.064s] [ 40%] [32mBuilding CXX object CMakeFiles/example_pkg_c.dir/src/rrt_display.cpp.o[0m
[3.975s] [ 60%] [32m[1mLinking CXX shared library libexample_pkg_c.so[0m
[4.215s] [ 60%] Built target example_pkg_c
[4.232s] [ 80%] [32mBuilding CXX object CMakeFiles/rrt_display.dir/src/rrt_display.cpp.o[0m
[8.026s] [100%] [32m[1mLinking CXX executable rrt_display[0m
[8.275s] [100%] Built target rrt_display
[8.280s] Invoked command in '/home/wrdev/workspace/ros2_ws/build/example_pkg_c' returned '0': CMAKE_PREFIX_PATH=/opt/ros/galactic /usr/bin/cmake --build /home/wrdev/workspace/ros2_ws/build/example_pkg_c -- -j4 -l4
[8.313s] Invoking command in '/home/wrdev/workspace/ros2_ws/build/example_pkg_c': CMAKE_PREFIX_PATH=/opt/ros/galactic /usr/bin/cmake --install /home/wrdev/workspace/ros2_ws/build/example_pkg_c
[8.317s] -- Install configuration: ""
[8.317s] -- Up-to-date: /home/wrdev/workspace/ros2_ws/install/example_pkg_c/share/example_pkg_c/environment/library_path.sh
[8.317s] -- Up-to-date: /home/wrdev/workspace/ros2_ws/install/example_pkg_c/share/example_pkg_c/environment/library_path.dsv
[8.317s] -- Up-to-date: /home/wrdev/workspace/ros2_ws/install/example_pkg_c/include
[8.317s] -- Up-to-date: /home/wrdev/workspace/ros2_ws/install/example_pkg_c/include/example_pkg_c
[8.317s] -- Installing: /home/wrdev/workspace/ros2_ws/install/example_pkg_c/include/example_pkg_c/rrt_marker.hpp
[8.317s] -- Installing: /home/wrdev/workspace/ros2_ws/install/example_pkg_c/lib/example_pkg_c/libexample_pkg_c.so
[8.320s] -- Set runtime path of "/home/wrdev/workspace/ros2_ws/install/example_pkg_c/lib/example_pkg_c/libexample_pkg_c.so" to ""
[8.320s] -- Up-to-date: /home/wrdev/workspace/ros2_ws/install/example_pkg_c/share/ament_index/resource_index/package_run_dependencies/example_pkg_c
[8.320s] -- Up-to-date: /home/wrdev/workspace/ros2_ws/install/example_pkg_c/share/ament_index/resource_index/parent_prefix_path/example_pkg_c
[8.320s] -- Up-to-date: /home/wrdev/workspace/ros2_ws/install/example_pkg_c/share/example_pkg_c/environment/ament_prefix_path.sh
[8.320s] -- Up-to-date: /home/wrdev/workspace/ros2_ws/install/example_pkg_c/share/example_pkg_c/environment/ament_prefix_path.dsv
[8.320s] -- Up-to-date: /home/wrdev/workspace/ros2_ws/install/example_pkg_c/share/example_pkg_c/environment/path.sh
[8.320s] -- Up-to-date: /home/wrdev/workspace/ros2_ws/install/example_pkg_c/share/example_pkg_c/environment/path.dsv
[8.321s] -- Up-to-date: /home/wrdev/workspace/ros2_ws/install/example_pkg_c/share/example_pkg_c/local_setup.bash
[8.321s] -- Up-to-date: /home/wrdev/workspace/ros2_ws/install/example_pkg_c/share/example_pkg_c/local_setup.sh
[8.321s] -- Up-to-date: /home/wrdev/workspace/ros2_ws/install/example_pkg_c/share/example_pkg_c/local_setup.zsh
[8.321s] -- Up-to-date: /home/wrdev/workspace/ros2_ws/install/example_pkg_c/share/example_pkg_c/local_setup.dsv
[8.321s] -- Installing: /home/wrdev/workspace/ros2_ws/install/example_pkg_c/share/example_pkg_c/package.dsv
[8.321s] -- Up-to-date: /home/wrdev/workspace/ros2_ws/install/example_pkg_c/share/ament_index/resource_index/packages/example_pkg_c
[8.321s] -- Up-to-date: /home/wrdev/workspace/ros2_ws/install/example_pkg_c/share/example_pkg_c/cmake/example_pkg_cExport.cmake
[8.321s] -- Up-to-date: /home/wrdev/workspace/ros2_ws/install/example_pkg_c/share/example_pkg_c/cmake/example_pkg_cExport-noconfig.cmake
[8.321s] -- Up-to-date: /home/wrdev/workspace/ros2_ws/install/example_pkg_c/share/example_pkg_c/cmake/ament_cmake_export_targets-extras.cmake
[8.321s] -- Up-to-date: /home/wrdev/workspace/ros2_ws/install/example_pkg_c/share/example_pkg_c/cmake/ament_cmake_export_dependencies-extras.cmake
[8.321s] -- Up-to-date: /home/wrdev/workspace/ros2_ws/install/example_pkg_c/share/example_pkg_c/cmake/example_pkg_cConfig.cmake
[8.322s] -- Up-to-date: /home/wrdev/workspace/ros2_ws/install/example_pkg_c/share/example_pkg_c/cmake/example_pkg_cConfig-version.cmake
[8.322s] -- Up-to-date: /home/wrdev/workspace/ros2_ws/install/example_pkg_c/share/example_pkg_c/package.xml
[8.324s] Invoked command in '/home/wrdev/workspace/ros2_ws/build/example_pkg_c' returned '0': CMAKE_PREFIX_PATH=/opt/ros/galactic /usr/bin/cmake --install /home/wrdev/workspace/ros2_ws/build/example_pkg_c
