[0.019s] Invoking command in '/home/wrdev/workspace/ros2_ws/build/example_pkg_c': CMAKE_PREFIX_PATH=/opt/ros/galactic /usr/bin/cmake /home/wrdev/workspace/ros2_ws/src/example_pkg_c -DCMAKE_INSTALL_PREFIX=/home/wrdev/workspace/ros2_ws/install/example_pkg_c
[0.073s] -- The C compiler identification is GNU 9.4.0
[0.133s] -- The CXX compiler identification is GNU 9.4.0
[0.143s] -- Detecting C compiler ABI info
[0.200s] -- Detecting C compiler ABI info - done
[0.209s] -- Check for working C compiler: /usr/bin/cc - skipped
[0.209s] -- Detecting C compile features
[0.210s] -- Detecting C compile features - done
[0.213s] -- Detecting CXX compiler ABI info
[0.283s] -- Detecting CXX compiler ABI info - done
[0.292s] -- Check for working CXX compiler: /usr/bin/c++ - skipped
[0.293s] -- Detecting CXX compile features
[0.293s] -- Detecting CXX compile features - done
[0.299s] -- Found ament_cmake: 1.1.6 (/opt/ros/galactic/share/ament_cmake/cmake)
[0.327s] -- Found PythonInterp: /usr/bin/python3 (found suitable version "3.8.10", minimum required is "3") 
[0.327s] -- Using PYTHON_EXECUTABLE: /usr/bin/python3
[0.414s] -- Found ament_lint_auto: 0.10.7 (/opt/ros/galactic/share/ament_lint_auto/cmake)
[0.492s] -- Added test 'copyright' to check source files copyright and LICENSE
[0.494s] -- Added test 'cppcheck' to perform static code analysis on C / C++ code
[0.494s] -- Configured cppcheck include dirs: 
[0.494s] -- Configured cppcheck exclude dirs and/or files: 
[0.495s] -- Added test 'cpplint' to check C / C++ code against the Google style
[0.495s] -- Configured cpplint exclude dirs and/or files: 
[0.496s] -- Added test 'lint_cmake' to check CMake code style
[0.497s] -- Added test 'uncrustify' to check C / C++ code style
[0.497s] -- Configured uncrustify additional arguments: 
[0.498s] -- Added test 'xmllint' to check XML markup files
[0.500s] -- Configuring done
[0.503s] -- Generating done
[0.504s] -- Build files have been written to: /home/wrdev/workspace/ros2_ws/build/example_pkg_c
[0.510s] Invoked command in '/home/wrdev/workspace/ros2_ws/build/example_pkg_c' returned '0': CMAKE_PREFIX_PATH=/opt/ros/galactic /usr/bin/cmake /home/wrdev/workspace/ros2_ws/src/example_pkg_c -DCMAKE_INSTALL_PREFIX=/home/wrdev/workspace/ros2_ws/install/example_pkg_c
[0.511s] Invoking command in '/home/wrdev/workspace/ros2_ws/build/example_pkg_c': CMAKE_PREFIX_PATH=/opt/ros/galactic /usr/bin/cmake --build /home/wrdev/workspace/ros2_ws/build/example_pkg_c -- -j4 -l4
[0.529s] Invoked command in '/home/wrdev/workspace/ros2_ws/build/example_pkg_c' returned '0': CMAKE_PREFIX_PATH=/opt/ros/galactic /usr/bin/cmake --build /home/wrdev/workspace/ros2_ws/build/example_pkg_c -- -j4 -l4
[0.555s] Invoking command in '/home/wrdev/workspace/ros2_ws/build/example_pkg_c': CMAKE_PREFIX_PATH=/opt/ros/galactic /usr/bin/cmake --install /home/wrdev/workspace/ros2_ws/build/example_pkg_c
[0.558s] -- Install configuration: ""
[0.559s] -- Installing: /home/wrdev/workspace/ros2_ws/install/example_pkg_c/share/ament_index/resource_index/package_run_dependencies/example_pkg_c
[0.559s] -- Installing: /home/wrdev/workspace/ros2_ws/install/example_pkg_c/share/ament_index/resource_index/parent_prefix_path/example_pkg_c
[0.559s] -- Installing: /home/wrdev/workspace/ros2_ws/install/example_pkg_c/share/example_pkg_c/environment/ament_prefix_path.sh
[0.559s] -- Installing: /home/wrdev/workspace/ros2_ws/install/example_pkg_c/share/example_pkg_c/environment/ament_prefix_path.dsv
[0.560s] -- Installing: /home/wrdev/workspace/ros2_ws/install/example_pkg_c/share/example_pkg_c/environment/path.sh
[0.560s] -- Installing: /home/wrdev/workspace/ros2_ws/install/example_pkg_c/share/example_pkg_c/environment/path.dsv
[0.560s] -- Installing: /home/wrdev/workspace/ros2_ws/install/example_pkg_c/share/example_pkg_c/local_setup.bash
[0.560s] -- Installing: /home/wrdev/workspace/ros2_ws/install/example_pkg_c/share/example_pkg_c/local_setup.sh
[0.560s] -- Installing: /home/wrdev/workspace/ros2_ws/install/example_pkg_c/share/example_pkg_c/local_setup.zsh
[0.560s] -- Installing: /home/wrdev/workspace/ros2_ws/install/example_pkg_c/share/example_pkg_c/local_setup.dsv
[0.560s] -- Installing: /home/wrdev/workspace/ros2_ws/install/example_pkg_c/share/example_pkg_c/package.dsv
[0.560s] -- Installing: /home/wrdev/workspace/ros2_ws/install/example_pkg_c/share/ament_index/resource_index/packages/example_pkg_c
[0.561s] -- Installing: /home/wrdev/workspace/ros2_ws/install/example_pkg_c/share/example_pkg_c/cmake/example_pkg_cConfig.cmake
[0.561s] -- Installing: /home/wrdev/workspace/ros2_ws/install/example_pkg_c/share/example_pkg_c/cmake/example_pkg_cConfig-version.cmake
[0.561s] -- Installing: /home/wrdev/workspace/ros2_ws/install/example_pkg_c/share/example_pkg_c/package.xml
[0.562s] Invoked command in '/home/wrdev/workspace/ros2_ws/build/example_pkg_c' returned '0': CMAKE_PREFIX_PATH=/opt/ros/galactic /usr/bin/cmake --install /home/wrdev/workspace/ros2_ws/build/example_pkg_c
